2024-06-10 10:03:43.780 [INFO]: No proxy settings found
2024-06-10 10:03:48.097 [INFO]: Creating manager directory: /tmp/5413857d-78c4-45dd-9ca8-b05e9dd6dee5/codeium/manager
2024-06-10 10:03:49.563 [INFO]: Using cached LS with valid crc32: /home/figarillo/.vscode-oss/extensions/codeium.codeium-1.8.54/dist/42fbd33713da99925455bf873cebc46d05a18a4d/language_server_linux_x64
2024-06-10 10:03:49.581 [INFO]: Language server started
2024-06-10 10:03:49.883 [INFO]: [Language Server (stderr)]:
I0610 10:03:49.881899 743414 main.go:558] Starting language server manager with pid 743414
I0610 10:03:49.882128 743414 main.go:110] Manager acquired its lock file /tmp/5413857d-78c4-45dd-9ca8-b05e9dd6dee5/codeium/manager/locks/manager.lock
2024-06-10 10:03:49.885 [INFO]: [Language Server (stderr)]:
I0610 10:03:49.883139 743414 main.go:248] Waiting for random port file in /tmp/5413857d-78c4-45dd-9ca8-b05e9dd6dee5/codeium/manager/child_random_port_1718024629882315296_5041024794447256094 to be created
2024-06-10 10:03:50.180 [INFO]: [Language Server (stderr)]:
I0610 10:03:50.179657 743427 main.go:552] Starting language server process with pid 743427
2024-06-10 10:03:50.182 [INFO]: [Language Server (stderr)]:
I0610 10:03:50.179881 743427 server.go:156] Language server will attempt to listen on host 127.0.0.1
I0610 10:03:50.180134 743427 server.go:163] Language server listening on random port at 42349
I0610 10:03:50.180395 743427 proxy.go:113] proxyplease.proxy> No proxy provided. Attempting to infer from system.
I0610 10:03:50.180464 743427 proxy.go:113] proxyplease.proxy> No proxy could be determined. Assuming a direct connection.
2024-06-10 10:03:50.185 [INFO]: [Language Server (stderr)]:
I0610 10:03:50.180819 743427 client.go:589] [DEBUG] GET https://server.codeium.com/exa.api_server_pb.ApiServerService/GetCompletions
2024-06-10 10:03:51.128 [INFO]: [Language Server (stderr)]:
I0610 10:03:51.127134 743427 unleash.go:90] Initializing Unleash
2024-06-10 10:03:51.990 [INFO]: [Language Server (stderr)]:
I0610 10:03:51.989174 743427 unleash.go:110] Successfully initialized Unleash
2024-06-10 10:03:52.018 [INFO]: [Language Server (stderr)]:
E0610 10:03:52.016490 743427 client_manager.go:270] Metadata is nil when trying to refresh user JWT
2024-06-10 10:03:52.791 [INFO]: [Language Server (stderr)]:
I0610 10:03:52.789286 743427 server.go:355] Successfully created API server client
2024-06-10 10:03:52.905 [INFO]: [Language Server (stderr)]:
I0610 10:03:52.904837 743427 server.go:364] Successfully initialized tokenizer
2024-06-10 10:03:53.155 [INFO]: [Language Server (stderr)]:
I0610 10:03:53.153117 743427 server.go:471] Local search is enabled, will index local files.
I0610 10:03:53.153164 743427 server.go:475] Using 1 indexer workers
2024-06-10 10:03:53.158 [INFO]: [Language Server (stderr)]:
I0610 10:03:53.153250 743427 search_provider.go:193] Using database at /home/figarillo/.codeium/database/9c0694567290725d9dcba14ade58e297/2/MODEL_EMBED_6591
2024-06-10 10:03:53.164 [INFO]: [Language Server (stderr)]:
I0610 10:03:53.156147 743427 database.go:123] Bad db state detected: false
I0610 10:03:53.158411 743427 search_provider.go:207] Successfully created embedding search database in 5ms
I0610 10:03:53.159129 743427 search_provider.go:229] Successfully created and started indexer
I0610 10:03:53.159393 743427 search_provider.go:255] Successfully created embedding search provider
I0610 10:03:53.159483 743427 server.go:510] Successfully created exact search provider
2024-06-10 10:03:53.172 [INFO]: [Language Server (stderr)]:
I0610 10:03:53.170728 743427 server.go:540] Successfully created completion provider
2024-06-10 10:03:53.173 [INFO]: [Language Server (stderr)]:
I0610 10:03:53.171117 743427 server.go:589] Child process attempting to acquire lock file /tmp/5413857d-78c4-45dd-9ca8-b05e9dd6dee5/codeium/manager/locks/child_lock_1718024629882366314_3468729422494754163
I0610 10:03:53.171258 743427 server.go:597] Child process acquired lock file /tmp/5413857d-78c4-45dd-9ca8-b05e9dd6dee5/codeium/manager/locks/child_lock_1718024629882366314_3468729422494754163
2024-06-10 10:03:53.184 [INFO]: [Language Server (stderr)]:
I0610 10:03:53.180307 743427 server.go:183] LSP listening on random port at 38181
2024-06-10 10:03:53.186 [INFO]: [Language Server (stderr)]:
I0610 10:03:53.183675 743427 web_server.go:239] Chat Web Server listening at ws://127.0.0.1:44241
2024-06-10 10:03:53.201 [INFO]: [Language Server (stdout)]:
38181
2024-06-10 10:03:53.202 [INFO]: [Language Server (stderr)]:
I0610 10:03:53.200655 743414 main.go:284] Language server manager found random server port 42349
I0610 10:03:53.200706 743414 main.go:285] Language server manager found random lsp port 38181
I0610 10:03:53.200737 743414 main.go:292] Language server manager attempting to connect to language server at 127.0.0.1:42349
2024-06-10 10:03:53.248 [INFO]: [Language Server (stderr)]:
I0610 10:03:53.247636 743414 main.go:163] Fixing language server port at 42349
I0610 10:03:53.247662 743414 main.go:343] Language server manager successfully connected to new language server at 127.0.0.1:42349
2024-06-10 10:03:53.311 [INFO]: Found language server running on port 42349
2024-06-10 10:03:53.340 [INFO]: Downloaded binary: /home/figarillo/.codeium/bin/af6b6c543b224d348a8876f0c06245d9ea7929c5/ripgrep_linux_x64
2024-06-10 10:03:53.367 [INFO]: [Language Server (stderr)]:
I0610 10:03:53.366227 743427 rpcs_miscellaneous.go:118] Ripgrep available at /home/figarillo/.codeium/bin/af6b6c543b224d348a8876f0c06245d9ea7929c5/ripgrep_linux_x64
2024-06-10 10:03:53.602 [INFO]: [Language Server (stderr)]:
I0610 10:03:53.600983 743427 rpcs_miscellaneous.go:312] University version is up to date.
2024-06-10 10:03:54.902 [INFO]: [Language Server (stderr)]:
I0610 10:03:54.894398 743427 utils.go:163] Analyzing workspace files for /home/figarillo/Documents/Programacion/Angular/Curso-SergieCode/app-1/
I0610 10:03:54.896387 743427 utils.go:223] Done analyzing workspace files for /home/figarillo/Documents/Programacion/Angular/Curso-SergieCode/app-1/
I0610 10:03:54.896594 743427 lsp.go:208] Found 18 files in workspace /home/figarillo/Documents/Programacion/Angular/Curso-SergieCode/app-1/
I0610 10:03:54.897690 743427 lsp.go:232] Adding workspace listener for [0xc001143980]
I0610 10:03:54.897960 743427 indexing_listener.go:187] Add workspace event with uid: 1
2024-06-10 10:03:56.772 [INFO]: [Language Server (stderr)]:
I0610 10:03:56.768865 743427 lazy_model.go:29] Successfully created faiss index
2024-06-10 10:04:01.557 [INFO]: [Language Server (stderr)]:
I0610 10:04:01.553991 743427 indexing_listener.go:220] Done enqueue workspace with uid: 1
2024-06-10 10:06:53.135 [INFO]: [Language Server (stderr)]:
E0610 10:06:53.134331 743427 unleash.go:60] Unleash error: Get "https://unleash.codeium.com/api/client/features": context deadline exceeded (Client.Timeout exceeded while awaiting headers)
2024-06-10 10:09:52.017 [INFO]: [Language Server (stderr)]:
I0610 10:09:52.016819 743427 client_manager.go:248] Pruning inactive client for {42c68e58-c1ac-4ec7-8593-1b7af251a34f d85c2cad-70ae-41bf-9e81-6f0745f17b18}
2024-06-10 10:12:53.129 [INFO]: [Language Server (stderr)]:
E0610 10:12:53.129071 743427 unleash.go:60] Unleash error: Get "https://unleash.codeium.com/api/client/features": context deadline exceeded (Client.Timeout exceeded while awaiting headers)
2024-06-10 10:13:53.132 [INFO]: [Language Server (stderr)]:
E0610 10:13:53.128236 743427 unleash.go:60] Unleash error: Get "https://unleash.codeium.com/api/client/features": dial tcp 35.223.238.178:443: i/o timeout (Client.Timeout exceeded while awaiting headers)
2024-06-10 10:14:53.131 [INFO]: [Language Server (stderr)]:
E0610 10:14:53.128314 743427 unleash.go:60] Unleash error: Get "https://unleash.codeium.com/api/client/features": context deadline exceeded (Client.Timeout exceeded while awaiting headers)
2024-06-10 10:15:53.129 [INFO]: [Language Server (stderr)]:
E0610 10:15:53.128868 743427 unleash.go:60] Unleash error: Get "https://unleash.codeium.com/api/client/features": context deadline exceeded (Client.Timeout exceeded while awaiting headers)
2024-06-10 10:16:53.132 [INFO]: [Language Server (stderr)]:
E0610 10:16:53.129709 743427 unleash.go:60] Unleash error: Get "https://unleash.codeium.com/api/client/features": context deadline exceeded (Client.Timeout exceeded while awaiting headers)
2024-06-10 10:17:53.129 [INFO]: [Language Server (stderr)]:
E0610 10:17:53.128498 743427 unleash.go:60] Unleash error: Get "https://unleash.codeium.com/api/client/features": context deadline exceeded (Client.Timeout exceeded while awaiting headers)
2024-06-10 10:18:53.129 [INFO]: [Language Server (stderr)]:
E0610 10:18:53.128873 743427 unleash.go:60] Unleash error: Get "https://unleash.codeium.com/api/client/features": context deadline exceeded (Client.Timeout exceeded while awaiting headers)
2024-06-10 10:19:53.131 [INFO]: [Language Server (stderr)]:
E0610 10:19:53.129803 743427 unleash.go:60] Unleash error: Get "https://unleash.codeium.com/api/client/features": context deadline exceeded (Client.Timeout exceeded while awaiting headers)
2024-06-10 10:20:53.131 [INFO]: [Language Server (stderr)]:
E0610 10:20:53.128344 743427 unleash.go:60] Unleash error: Get "https://unleash.codeium.com/api/client/features": context deadline exceeded (Client.Timeout exceeded while awaiting headers)
2024-06-10 10:20:58.859 [INFO]: [Language Server (stderr)]:
E0610 10:20:58.856506 743427 api_server_client.go:175] Ping error: unavailable: read tcp 192.168.1.8:55582->35.223.238.178:443: read: connection reset by peer
2024-06-10 10:21:53.131 [INFO]: [Language Server (stderr)]:
E0610 10:21:53.130976 743427 unleash.go:60] Unleash error: Get "https://unleash.codeium.com/api/client/features": context deadline exceeded (Client.Timeout exceeded while awaiting headers)
2024-06-10 10:22:53.133 [INFO]: [Language Server (stderr)]:
E0610 10:22:53.129325 743427 unleash.go:60] Unleash error: Get "https://unleash.codeium.com/api/client/features": context deadline exceeded (Client.Timeout exceeded while awaiting headers)
2024-06-10 10:23:53.131 [INFO]: [Language Server (stderr)]:
E0610 10:23:53.129759 743427 unleash.go:60] Unleash error: Get "https://unleash.codeium.com/api/client/features": context deadline exceeded (Client.Timeout exceeded while awaiting headers)
2024-06-10 10:24:53.130 [INFO]: [Language Server (stderr)]:
E0610 10:24:53.128782 743427 unleash.go:60] Unleash error: Get "https://unleash.codeium.com/api/client/features": context deadline exceeded (Client.Timeout exceeded while awaiting headers)
2024-06-10 10:25:53.129 [INFO]: [Language Server (stderr)]:
E0610 10:25:53.127557 743427 unleash.go:60] Unleash error: Get "https://unleash.codeium.com/api/client/features": context deadline exceeded (Client.Timeout exceeded while awaiting headers)
2024-06-10 10:26:53.131 [INFO]: [Language Server (stderr)]:
E0610 10:26:53.129777 743427 unleash.go:60] Unleash error: Get "https://unleash.codeium.com/api/client/features": context deadline exceeded (Client.Timeout exceeded while awaiting headers)
2024-06-10 10:27:53.130 [INFO]: [Language Server (stderr)]:
E0610 10:27:53.129348 743427 unleash.go:60] Unleash error: Get "https://unleash.codeium.com/api/client/features": dial tcp 35.223.238.178:443: i/o timeout (Client.Timeout exceeded while awaiting headers)
2024-06-10 10:28:53.129 [INFO]: [Language Server (stderr)]:
E0610 10:28:53.128475 743427 unleash.go:60] Unleash error: Get "https://unleash.codeium.com/api/client/features": context deadline exceeded (Client.Timeout exceeded while awaiting headers)
2024-06-10 10:29:53.132 [INFO]: [Language Server (stderr)]:
E0610 10:29:53.128839 743427 unleash.go:60] Unleash error: Get "https://unleash.codeium.com/api/client/features": context deadline exceeded (Client.Timeout exceeded while awaiting headers)
2024-06-10 10:30:53.129 [INFO]: [Language Server (stderr)]:
E0610 10:30:53.128965 743427 unleash.go:60] Unleash error: Get "https://unleash.codeium.com/api/client/features": context deadline exceeded (Client.Timeout exceeded while awaiting headers)
2024-06-10 10:31:53.129 [INFO]: [Language Server (stderr)]:
E0610 10:31:53.128729 743427 unleash.go:60] Unleash error: Get "https://unleash.codeium.com/api/client/features": context deadline exceeded (Client.Timeout exceeded while awaiting headers)
2024-06-10 10:32:53.132 [INFO]: [Language Server (stderr)]:
E0610 10:32:53.131156 743427 unleash.go:60] Unleash error: Get "https://unleash.codeium.com/api/client/features": context deadline exceeded (Client.Timeout exceeded while awaiting headers)
2024-06-10 10:40:53.132 [INFO]: [Language Server (stderr)]:
E0610 10:40:53.131883 743427 unleash.go:60] Unleash error: Get "https://unleash.codeium.com/api/client/features": context deadline exceeded (Client.Timeout exceeded while awaiting headers)
2024-06-10 10:41:53.130 [INFO]: [Language Server (stderr)]:
E0610 10:41:53.128828 743427 unleash.go:60] Unleash error: Get "https://unleash.codeium.com/api/client/features": context deadline exceeded (Client.Timeout exceeded while awaiting headers)
2024-06-10 12:55:53.133 [INFO]: [Language Server (stderr)]:
E0610 12:55:53.129723 743427 unleash.go:60] Unleash error: Get "https://unleash.codeium.com/api/client/features": context deadline exceeded (Client.Timeout exceeded while awaiting headers)
2024-06-10 12:56:51.130 [INFO]: [Language Server (stderr)]:
E0610 12:56:51.129203 743427 unleash.go:60] Unleash error: Get "https://unleash.codeium.com/api/client/features": dial tcp: lookup unleash.codeium.com: Temporary failure in name resolution
2024-06-10 13:25:53.128 [INFO]: [Language Server (stderr)]:
E0610 13:25:53.127753 743427 unleash.go:60] Unleash error: Get "https://unleash.codeium.com/api/client/features": context deadline exceeded (Client.Timeout exceeded while awaiting headers)
2024-06-10 13:26:53.128 [INFO]: [Language Server (stderr)]:
E0610 13:26:53.128083 743427 unleash.go:60] Unleash error: Get "https://unleash.codeium.com/api/client/features": context deadline exceeded (Client.Timeout exceeded while awaiting headers)
2024-06-10 14:43:53.137 [INFO]: [Language Server (stderr)]:
E0610 14:43:53.129348 743427 unleash.go:60] Unleash error: Get "https://unleash.codeium.com/api/client/features": context deadline exceeded (Client.Timeout exceeded while awaiting headers)
2024-06-10 14:44:53.130 [INFO]: [Language Server (stderr)]:
E0610 14:44:53.128342 743427 unleash.go:60] Unleash error: Get "https://unleash.codeium.com/api/client/features": context deadline exceeded (Client.Timeout exceeded while awaiting headers)
2024-06-10 14:45:53.132 [INFO]: [Language Server (stderr)]:
E0610 14:45:53.128487 743427 unleash.go:60] Unleash error: Get "https://unleash.codeium.com/api/client/features": context deadline exceeded (Client.Timeout exceeded while awaiting headers)
2024-06-10 14:55:53.134 [INFO]: [Language Server (stderr)]:
E0610 14:55:53.128697 743427 unleash.go:60] Unleash error: Get "https://unleash.codeium.com/api/client/features": context deadline exceeded (Client.Timeout exceeded while awaiting headers)
2024-06-10 15:19:53.137 [INFO]: [Language Server (stderr)]:
E0610 15:19:53.130033 743427 unleash.go:60] Unleash error: Get "https://unleash.codeium.com/api/client/features": context deadline exceeded (Client.Timeout exceeded while awaiting headers)
2024-06-10 15:20:53.138 [INFO]: [Language Server (stderr)]:
E0610 15:20:53.129879 743427 unleash.go:60] Unleash error: Get "https://unleash.codeium.com/api/client/features": context deadline exceeded (Client.Timeout exceeded while awaiting headers)
2024-06-10 15:42:53.133 [INFO]: [Language Server (stderr)]:
E0610 15:42:53.132009 743427 unleash.go:60] Unleash error: Get "https://unleash.codeium.com/api/client/features": context deadline exceeded (Client.Timeout exceeded while awaiting headers)
2024-06-10 15:43:53.133 [INFO]: [Language Server (stderr)]:
E0610 15:43:53.128910 743427 unleash.go:60] Unleash error: Get "https://unleash.codeium.com/api/client/features": context deadline exceeded (Client.Timeout exceeded while awaiting headers)
2024-06-10 16:06:37.919 [INFO]: Disposing language server process
2024-06-10 16:06:37.928 [INFO]: Deleting manager directory: /tmp/5413857d-78c4-45dd-9ca8-b05e9dd6dee5/codeium/manager
2024-06-10 16:06:37.947 [INFO]: Successfully disposed language server
2024-06-10 16:06:38.068 [INFO]: [Language Server (stderr)]:
W0610 16:06:37.935128 743414 main.go:114] Language server manager got signal terminated, shutting down
E0610 16:06:37.994017 743427 server.go:280] Error while locking manager lock file - open /tmp/5413857d-78c4-45dd-9ca8-b05e9dd6dee5/codeium/manager/locks/manager.lock: no such file or directory
I0610 16:06:37.994142 743427 server.go:675] Language server shutting down
I0610 16:06:38.025478 743414 cmd_wrapper.go:267] LanguageServer exited with: success
2024-06-10 16:06:38.087 [ERROR]: Failed to stop lsp
2024-06-10 16:06:38.104 [INFO]: Language server exited with code 0
2024-06-10 16:06:38.114 [ERROR]: Failed to stop exit
