2024-06-10 09:59:55.450 [info] Extension host with pid 739441 started
2024-06-10 09:59:55.651 [info] ExtensionService#_doActivateExtension vscode.git-base, startup: true, activationEvent: '*', root cause: vscode.git
2024-06-10 09:59:55.694 [info] ExtensionService#_doActivateExtension natqe.reload, startup: true, activationEvent: '*'
2024-06-10 09:59:55.700 [info] ExtensionService#_doActivateExtension oderwat.indent-rainbow, startup: true, activationEvent: '*'
2024-06-10 09:59:55.815 [info] ExtensionService#_doActivateExtension vscode.git, startup: true, activationEvent: '*'
2024-06-10 09:59:55.980 [info] ExtensionService#_doActivateExtension vscode.github, startup: true, activationEvent: '*'
2024-06-10 09:59:56.196 [info] Eager extensions activated
2024-06-10 09:59:56.449 [info] ExtensionService#_doActivateExtension vscode.debug-auto-launch, startup: false, activationEvent: 'onStartupFinished'
2024-06-10 09:59:56.467 [info] ExtensionService#_doActivateExtension vscode.merge-conflict, startup: false, activationEvent: 'onStartupFinished'
2024-06-10 09:59:56.505 [info] ExtensionService#_doActivateExtension Codeium.codeium, startup: false, activationEvent: 'onStartupFinished'
2024-06-10 09:59:57.194 [info] ExtensionService#_doActivateExtension dbaeumer.vscode-eslint, startup: false, activationEvent: 'onStartupFinished'
2024-06-10 09:59:57.401 [info] ExtensionService#_doActivateExtension dsznajder.es7-react-js-snippets, startup: false, activationEvent: 'onStartupFinished'
2024-06-10 09:59:58.963 [info] ExtensionService#_doActivateExtension eamodio.gitlens, startup: false, activationEvent: 'onStartupFinished'
2024-06-10 09:59:59.312 [info] ExtensionService#_doActivateExtension equinusocio.vsc-material-theme-icons, startup: false, activationEvent: 'onStartupFinished'
2024-06-10 09:59:59.574 [info] ExtensionService#_doActivateExtension esbenp.prettier-vscode, startup: false, activationEvent: 'onStartupFinished'
2024-06-10 09:59:59.743 [info] ExtensionService#_doActivateExtension naumovs.color-highlight, startup: false, activationEvent: 'onStartupFinished'
2024-06-10 09:59:59.766 [info] ExtensionService#_doActivateExtension usernamehw.errorlens, startup: false, activationEvent: 'onStartupFinished'
2024-06-10 09:59:59.783 [info] ExtensionService#_doActivateExtension vscodevim.vim, startup: false, activationEvent: 'onStartupFinished'
2024-06-10 10:00:00.069 [info] ExtensionService#_doActivateExtension zhuangtongfa.material-theme, startup: false, activationEvent: 'onStartupFinished'
2024-06-10 10:00:01.145 [info] ExtensionService#_doActivateExtension vscode.github-authentication, startup: false, activationEvent: 'onAuthenticationRequest:github'
2024-06-10 10:00:37.649 [info] Extension host terminating: renderer closed the MessagePort
2024-06-10 10:00:37.768 [error] Canceled: Canceled
	at new L (/opt/vscodium-bin/resources/app/out/vs/workbench/api/node/extensionHostProcess.js:143:50578)
	at c._remoteCall (/opt/vscodium-bin/resources/app/out/vs/workbench/api/node/extensionHostProcess.js:150:7677)
	at x.<computed>.z.charCodeAt.x.<computed> (/opt/vscodium-bin/resources/app/out/vs/workbench/api/node/extensionHostProcess.js:150:4229)
	at r._doExecuteCommand (/opt/vscodium-bin/resources/app/out/vs/workbench/api/node/extensionHostProcess.js:153:224943)
	at r.executeCommand (/opt/vscodium-bin/resources/app/out/vs/workbench/api/node/extensionHostProcess.js:153:224268)
	at _.registerCommand.description (/opt/vscodium-bin/resources/app/out/vs/workbench/api/node/extensionHostProcess.js:153:223512)
	at r._executeContributedCommand (/opt/vscodium-bin/resources/app/out/vs/workbench/api/node/extensionHostProcess.js:153:225581)
	at r._doExecuteCommand (/opt/vscodium-bin/resources/app/out/vs/workbench/api/node/extensionHostProcess.js:153:224401)
	at r.executeCommand (/opt/vscodium-bin/resources/app/out/vs/workbench/api/node/extensionHostProcess.js:153:224268)
	at Object.executeCommand (/opt/vscodium-bin/resources/app/out/vs/workbench/api/node/extensionHostProcess.js:163:29252)
	at w (/home/figarillo/.vscode-oss/extensions/eamodio.gitlens-15.1.0/dist/gitlens.js:1453:39714)
	at c (/home/figarillo/.vscode-oss/extensions/eamodio.gitlens-15.1.0/dist/gitlens.js:1453:44753)
	at ActionRunners._updateContextKeys (/home/figarillo/.vscode-oss/extensions/eamodio.gitlens-15.1.0/dist/gitlens.js:1099:18425)
	at s (/home/figarillo/.vscode-oss/extensions/eamodio.gitlens-15.1.0/dist/gitlens.js:1099:16869)
	at RegisteredActionRunner.unregister (/home/figarillo/.vscode-oss/extensions/eamodio.gitlens-15.1.0/dist/gitlens.js:1099:17012)
	at RegisteredActionRunner.dispose (/home/figarillo/.vscode-oss/extensions/eamodio.gitlens-15.1.0/dist/gitlens.js:1099:15665)
	at ActionRunners.dispose (/home/figarillo/.vscode-oss/extensions/eamodio.gitlens-15.1.0/dist/gitlens.js:1099:16452)
	at /home/figarillo/.vscode-oss/extensions/eamodio.gitlens-15.1.0/dist/gitlens.js:1412:20105
	at Array.forEach (<anonymous>)
	at Object.dispose (/home/figarillo/.vscode-oss/extensions/eamodio.gitlens-15.1.0/dist/gitlens.js:1412:20087)
	at a (/opt/vscodium-bin/resources/app/out/vs/workbench/api/node/extensionHostProcess.js:30:758)
	at f._deactivate (/opt/vscodium-bin/resources/app/out/vs/workbench/api/node/extensionHostProcess.js:159:12988)
	at /opt/vscodium-bin/resources/app/out/vs/workbench/api/node/extensionHostProcess.js:159:10107
	at Array.map (<anonymous>)
	at f._deactivateAll (/opt/vscodium-bin/resources/app/out/vs/workbench/api/node/extensionHostProcess.js:159:10094)
	at f.terminate (/opt/vscodium-bin/resources/app/out/vs/workbench/api/node/extensionHostProcess.js:159:10478)
	at a.terminate (/opt/vscodium-bin/resources/app/out/vs/workbench/api/node/extensionHostProcess.js:163:1908)
	at t (/opt/vscodium-bin/resources/app/out/vs/workbench/api/node/extensionHostProcess.js:176:11627)
	at MessagePortMain.<anonymous> (/opt/vscodium-bin/resources/app/out/vs/workbench/api/node/extensionHostProcess.js:176:7702)
	at MessagePortMain.emit (node:events:517:28)
	at MessagePortMain.emit (node:domain:489:12)
	at MessagePortMain._internalPort.emit (node:electron/js2c/utility_init:2:2285) setContext undefined
2024-06-10 10:00:37.771 [error] Canceled: Canceled
	at new L (/opt/vscodium-bin/resources/app/out/vs/workbench/api/node/extensionHostProcess.js:143:50578)
	at c._remoteCall (/opt/vscodium-bin/resources/app/out/vs/workbench/api/node/extensionHostProcess.js:150:7677)
	at x.<computed>.z.charCodeAt.x.<computed> (/opt/vscodium-bin/resources/app/out/vs/workbench/api/node/extensionHostProcess.js:150:4229)
	at r._doExecuteCommand (/opt/vscodium-bin/resources/app/out/vs/workbench/api/node/extensionHostProcess.js:153:224943)
	at r.executeCommand (/opt/vscodium-bin/resources/app/out/vs/workbench/api/node/extensionHostProcess.js:153:224268)
	at _.registerCommand.description (/opt/vscodium-bin/resources/app/out/vs/workbench/api/node/extensionHostProcess.js:153:223512)
	at r._executeContributedCommand (/opt/vscodium-bin/resources/app/out/vs/workbench/api/node/extensionHostProcess.js:153:225581)
	at r._doExecuteCommand (/opt/vscodium-bin/resources/app/out/vs/workbench/api/node/extensionHostProcess.js:153:224401)
	at r.executeCommand (/opt/vscodium-bin/resources/app/out/vs/workbench/api/node/extensionHostProcess.js:153:224268)
	at Object.executeCommand (/opt/vscodium-bin/resources/app/out/vs/workbench/api/node/extensionHostProcess.js:163:29252)
	at w (/home/figarillo/.vscode-oss/extensions/eamodio.gitlens-15.1.0/dist/gitlens.js:1453:39714)
	at c (/home/figarillo/.vscode-oss/extensions/eamodio.gitlens-15.1.0/dist/gitlens.js:1453:44753)
	at ActionRunners._updateContextKeys (/home/figarillo/.vscode-oss/extensions/eamodio.gitlens-15.1.0/dist/gitlens.js:1099:18425)
	at s (/home/figarillo/.vscode-oss/extensions/eamodio.gitlens-15.1.0/dist/gitlens.js:1099:16869)
	at RegisteredActionRunner.unregister (/home/figarillo/.vscode-oss/extensions/eamodio.gitlens-15.1.0/dist/gitlens.js:1099:17012)
	at RegisteredActionRunner.dispose (/home/figarillo/.vscode-oss/extensions/eamodio.gitlens-15.1.0/dist/gitlens.js:1099:15665)
	at ActionRunners.dispose (/home/figarillo/.vscode-oss/extensions/eamodio.gitlens-15.1.0/dist/gitlens.js:1099:16452)
	at /home/figarillo/.vscode-oss/extensions/eamodio.gitlens-15.1.0/dist/gitlens.js:1412:20105
	at Array.forEach (<anonymous>)
	at Object.dispose (/home/figarillo/.vscode-oss/extensions/eamodio.gitlens-15.1.0/dist/gitlens.js:1412:20087)
	at a (/opt/vscodium-bin/resources/app/out/vs/workbench/api/node/extensionHostProcess.js:30:758)
	at f._deactivate (/opt/vscodium-bin/resources/app/out/vs/workbench/api/node/extensionHostProcess.js:159:12988)
	at /opt/vscodium-bin/resources/app/out/vs/workbench/api/node/extensionHostProcess.js:159:10107
	at Array.map (<anonymous>)
	at f._deactivateAll (/opt/vscodium-bin/resources/app/out/vs/workbench/api/node/extensionHostProcess.js:159:10094)
	at f.terminate (/opt/vscodium-bin/resources/app/out/vs/workbench/api/node/extensionHostProcess.js:159:10478)
	at a.terminate (/opt/vscodium-bin/resources/app/out/vs/workbench/api/node/extensionHostProcess.js:163:1908)
	at t (/opt/vscodium-bin/resources/app/out/vs/workbench/api/node/extensionHostProcess.js:176:11627)
	at MessagePortMain.<anonymous> (/opt/vscodium-bin/resources/app/out/vs/workbench/api/node/extensionHostProcess.js:176:7702)
	at MessagePortMain.emit (node:events:517:28)
	at MessagePortMain.emit (node:domain:489:12)
	at MessagePortMain._internalPort.emit (node:electron/js2c/utility_init:2:2285) setContext undefined
2024-06-10 10:00:37.772 [error] Canceled: Canceled
	at new L (/opt/vscodium-bin/resources/app/out/vs/workbench/api/node/extensionHostProcess.js:143:50578)
	at c._remoteCall (/opt/vscodium-bin/resources/app/out/vs/workbench/api/node/extensionHostProcess.js:150:7677)
	at x.<computed>.z.charCodeAt.x.<computed> (/opt/vscodium-bin/resources/app/out/vs/workbench/api/node/extensionHostProcess.js:150:4229)
	at r._doExecuteCommand (/opt/vscodium-bin/resources/app/out/vs/workbench/api/node/extensionHostProcess.js:153:224943)
	at r.executeCommand (/opt/vscodium-bin/resources/app/out/vs/workbench/api/node/extensionHostProcess.js:153:224268)
	at _.registerCommand.description (/opt/vscodium-bin/resources/app/out/vs/workbench/api/node/extensionHostProcess.js:153:223512)
	at r._executeContributedCommand (/opt/vscodium-bin/resources/app/out/vs/workbench/api/node/extensionHostProcess.js:153:225581)
	at r._doExecuteCommand (/opt/vscodium-bin/resources/app/out/vs/workbench/api/node/extensionHostProcess.js:153:224401)
	at r.executeCommand (/opt/vscodium-bin/resources/app/out/vs/workbench/api/node/extensionHostProcess.js:153:224268)
	at Object.executeCommand (/opt/vscodium-bin/resources/app/out/vs/workbench/api/node/extensionHostProcess.js:163:29252)
	at w (/home/figarillo/.vscode-oss/extensions/eamodio.gitlens-15.1.0/dist/gitlens.js:1453:39714)
	at c (/home/figarillo/.vscode-oss/extensions/eamodio.gitlens-15.1.0/dist/gitlens.js:1453:44753)
	at ActionRunners._updateContextKeys (/home/figarillo/.vscode-oss/extensions/eamodio.gitlens-15.1.0/dist/gitlens.js:1099:18425)
	at s (/home/figarillo/.vscode-oss/extensions/eamodio.gitlens-15.1.0/dist/gitlens.js:1099:16869)
	at RegisteredActionRunner.unregister (/home/figarillo/.vscode-oss/extensions/eamodio.gitlens-15.1.0/dist/gitlens.js:1099:17012)
	at RegisteredActionRunner.dispose (/home/figarillo/.vscode-oss/extensions/eamodio.gitlens-15.1.0/dist/gitlens.js:1099:15665)
	at ActionRunners.dispose (/home/figarillo/.vscode-oss/extensions/eamodio.gitlens-15.1.0/dist/gitlens.js:1099:16452)
	at /home/figarillo/.vscode-oss/extensions/eamodio.gitlens-15.1.0/dist/gitlens.js:1412:20105
	at Array.forEach (<anonymous>)
	at Object.dispose (/home/figarillo/.vscode-oss/extensions/eamodio.gitlens-15.1.0/dist/gitlens.js:1412:20087)
	at a (/opt/vscodium-bin/resources/app/out/vs/workbench/api/node/extensionHostProcess.js:30:758)
	at f._deactivate (/opt/vscodium-bin/resources/app/out/vs/workbench/api/node/extensionHostProcess.js:159:12988)
	at /opt/vscodium-bin/resources/app/out/vs/workbench/api/node/extensionHostProcess.js:159:10107
	at Array.map (<anonymous>)
	at f._deactivateAll (/opt/vscodium-bin/resources/app/out/vs/workbench/api/node/extensionHostProcess.js:159:10094)
	at f.terminate (/opt/vscodium-bin/resources/app/out/vs/workbench/api/node/extensionHostProcess.js:159:10478)
	at a.terminate (/opt/vscodium-bin/resources/app/out/vs/workbench/api/node/extensionHostProcess.js:163:1908)
	at t (/opt/vscodium-bin/resources/app/out/vs/workbench/api/node/extensionHostProcess.js:176:11627)
	at MessagePortMain.<anonymous> (/opt/vscodium-bin/resources/app/out/vs/workbench/api/node/extensionHostProcess.js:176:7702)
	at MessagePortMain.emit (node:events:517:28)
	at MessagePortMain.emit (node:domain:489:12)
	at MessagePortMain._internalPort.emit (node:electron/js2c/utility_init:2:2285) setContext undefined
2024-06-10 10:00:37.782 [info] Extension host with pid 739441 exiting with code 0
2024-06-10 10:00:41.634 [info] Extension host with pid 740129 started
2024-06-10 10:00:41.636 [info] Skipping acquiring lock for /home/figarillo/.config/VSCodium/User/workspaceStorage/79c4be577fc474139fd48d092a616ee5.
2024-06-10 10:00:41.795 [info] ExtensionService#_doActivateExtension vscode.git-base, startup: true, activationEvent: '*', root cause: vscode.git
2024-06-10 10:00:41.823 [info] ExtensionService#_doActivateExtension natqe.reload, startup: true, activationEvent: '*'
2024-06-10 10:00:41.831 [info] ExtensionService#_doActivateExtension oderwat.indent-rainbow, startup: true, activationEvent: '*'
2024-06-10 10:00:41.917 [info] ExtensionService#_doActivateExtension vscode.git, startup: true, activationEvent: '*'
2024-06-10 10:00:42.010 [info] ExtensionService#_doActivateExtension vscode.github, startup: true, activationEvent: '*'
2024-06-10 10:00:42.258 [info] Eager extensions activated
2024-06-10 10:00:42.455 [info] ExtensionService#_doActivateExtension vscode.debug-auto-launch, startup: false, activationEvent: 'onStartupFinished'
2024-06-10 10:00:42.465 [info] ExtensionService#_doActivateExtension vscode.merge-conflict, startup: false, activationEvent: 'onStartupFinished'
2024-06-10 10:00:42.493 [info] ExtensionService#_doActivateExtension Codeium.codeium, startup: false, activationEvent: 'onStartupFinished'
2024-06-10 10:00:43.078 [info] ExtensionService#_doActivateExtension dbaeumer.vscode-eslint, startup: false, activationEvent: 'onStartupFinished'
2024-06-10 10:00:43.149 [info] ExtensionService#_doActivateExtension dsznajder.es7-react-js-snippets, startup: false, activationEvent: 'onStartupFinished'
2024-06-10 10:00:43.977 [info] ExtensionService#_doActivateExtension eamodio.gitlens, startup: false, activationEvent: 'onStartupFinished'
2024-06-10 10:00:44.337 [info] ExtensionService#_doActivateExtension equinusocio.vsc-material-theme-icons, startup: false, activationEvent: 'onStartupFinished'
2024-06-10 10:00:44.486 [info] ExtensionService#_doActivateExtension esbenp.prettier-vscode, startup: false, activationEvent: 'onStartupFinished'
2024-06-10 10:00:44.594 [info] ExtensionService#_doActivateExtension naumovs.color-highlight, startup: false, activationEvent: 'onStartupFinished'
2024-06-10 10:00:44.608 [info] ExtensionService#_doActivateExtension usernamehw.errorlens, startup: false, activationEvent: 'onStartupFinished'
2024-06-10 10:00:44.628 [info] ExtensionService#_doActivateExtension vscodevim.vim, startup: false, activationEvent: 'onStartupFinished'
2024-06-10 10:00:44.983 [info] ExtensionService#_doActivateExtension zhuangtongfa.material-theme, startup: false, activationEvent: 'onStartupFinished'
2024-06-10 10:00:46.662 [info] ExtensionService#_doActivateExtension vscode.github-authentication, startup: false, activationEvent: 'onAuthenticationRequest:github'
2024-06-10 10:00:47.130 [info] ExtensionService#_doActivateExtension vscode.emmet, startup: false, activationEvent: 'onLanguage'
2024-06-10 10:03:35.585 [info] Extension host terminating: renderer closed the MessagePort
2024-06-10 10:03:35.719 [error] Canceled: Canceled
	at new L (/opt/vscodium-bin/resources/app/out/vs/workbench/api/node/extensionHostProcess.js:143:50578)
	at c._remoteCall (/opt/vscodium-bin/resources/app/out/vs/workbench/api/node/extensionHostProcess.js:150:7677)
	at x.<computed>.z.charCodeAt.x.<computed> (/opt/vscodium-bin/resources/app/out/vs/workbench/api/node/extensionHostProcess.js:150:4229)
	at r._doExecuteCommand (/opt/vscodium-bin/resources/app/out/vs/workbench/api/node/extensionHostProcess.js:153:224943)
	at r.executeCommand (/opt/vscodium-bin/resources/app/out/vs/workbench/api/node/extensionHostProcess.js:153:224268)
	at _.registerCommand.description (/opt/vscodium-bin/resources/app/out/vs/workbench/api/node/extensionHostProcess.js:153:223512)
	at r._executeContributedCommand (/opt/vscodium-bin/resources/app/out/vs/workbench/api/node/extensionHostProcess.js:153:225581)
	at r._doExecuteCommand (/opt/vscodium-bin/resources/app/out/vs/workbench/api/node/extensionHostProcess.js:153:224401)
	at r.executeCommand (/opt/vscodium-bin/resources/app/out/vs/workbench/api/node/extensionHostProcess.js:153:224268)
	at Object.executeCommand (/opt/vscodium-bin/resources/app/out/vs/workbench/api/node/extensionHostProcess.js:163:29252)
	at a.O [as value] (/opt/vscodium-bin/resources/app/extensions/git/dist/main.js:2:945087)
	at o._deliver (/opt/vscodium-bin/resources/app/out/vs/workbench/api/node/extensionHostProcess.js:82:838)
	at o._deliverQueue (/opt/vscodium-bin/resources/app/out/vs/workbench/api/node/extensionHostProcess.js:82:929)
	at o.fire (/opt/vscodium-bin/resources/app/out/vs/workbench/api/node/extensionHostProcess.js:82:1264)
	at Object.p [as dispose] (/opt/vscodium-bin/resources/app/extensions/git/dist/main.js:2:964171)
	at /opt/vscodium-bin/resources/app/extensions/git/dist/main.js:2:970209
	at Array.forEach (<anonymous>)
	at f.dispose (/opt/vscodium-bin/resources/app/extensions/git/dist/main.js:2:970195)
	at d.<anonymous> (/opt/vscodium-bin/resources/app/out/vs/workbench/api/node/extensionHostProcess.js:151:5993)
	at d.dispose (/opt/vscodium-bin/resources/app/out/vs/workbench/api/node/extensionHostProcess.js:151:6090)
	at d.<anonymous> (/opt/vscodium-bin/resources/app/extensions/git/dist/main.js:2:947344)
	at d.dispose (/opt/vscodium-bin/resources/app/out/vs/workbench/api/node/extensionHostProcess.js:151:6090)
	at a (/opt/vscodium-bin/resources/app/out/vs/workbench/api/node/extensionHostProcess.js:30:758)
	at f._deactivate (/opt/vscodium-bin/resources/app/out/vs/workbench/api/node/extensionHostProcess.js:159:12988)
	at /opt/vscodium-bin/resources/app/out/vs/workbench/api/node/extensionHostProcess.js:159:10107
	at Array.map (<anonymous>)
	at f._deactivateAll (/opt/vscodium-bin/resources/app/out/vs/workbench/api/node/extensionHostProcess.js:159:10094)
	at f.terminate (/opt/vscodium-bin/resources/app/out/vs/workbench/api/node/extensionHostProcess.js:159:10478)
	at a.terminate (/opt/vscodium-bin/resources/app/out/vs/workbench/api/node/extensionHostProcess.js:163:1908)
	at t (/opt/vscodium-bin/resources/app/out/vs/workbench/api/node/extensionHostProcess.js:176:11627)
	at MessagePortMain.<anonymous> (/opt/vscodium-bin/resources/app/out/vs/workbench/api/node/extensionHostProcess.js:176:7702)
	at MessagePortMain.emit (node:events:517:28)
	at MessagePortMain.emit (node:domain:489:12)
	at MessagePortMain._internalPort.emit (node:electron/js2c/utility_init:2:2285) setContext undefined
2024-06-10 10:03:35.721 [error] Canceled: Canceled
	at new L (/opt/vscodium-bin/resources/app/out/vs/workbench/api/node/extensionHostProcess.js:143:50578)
	at c._remoteCall (/opt/vscodium-bin/resources/app/out/vs/workbench/api/node/extensionHostProcess.js:150:7677)
	at x.<computed>.z.charCodeAt.x.<computed> (/opt/vscodium-bin/resources/app/out/vs/workbench/api/node/extensionHostProcess.js:150:4229)
	at r._doExecuteCommand (/opt/vscodium-bin/resources/app/out/vs/workbench/api/node/extensionHostProcess.js:153:224943)
	at r.executeCommand (/opt/vscodium-bin/resources/app/out/vs/workbench/api/node/extensionHostProcess.js:153:224268)
	at _.registerCommand.description (/opt/vscodium-bin/resources/app/out/vs/workbench/api/node/extensionHostProcess.js:153:223512)
	at r._executeContributedCommand (/opt/vscodium-bin/resources/app/out/vs/workbench/api/node/extensionHostProcess.js:153:225581)
	at r._doExecuteCommand (/opt/vscodium-bin/resources/app/out/vs/workbench/api/node/extensionHostProcess.js:153:224401)
	at r.executeCommand (/opt/vscodium-bin/resources/app/out/vs/workbench/api/node/extensionHostProcess.js:153:224268)
	at Object.executeCommand (/opt/vscodium-bin/resources/app/out/vs/workbench/api/node/extensionHostProcess.js:163:29252)
	at set hasGitHubRepositories [as hasGitHubRepositories] (/opt/vscodium-bin/resources/app/extensions/github/dist/extension.js:2:322918)
	at /opt/vscodium-bin/resources/app/extensions/github/dist/extension.js:2:323877
	at a.value (/opt/vscodium-bin/resources/app/extensions/git/dist/main.js:2:1050660)
	at o._deliver (/opt/vscodium-bin/resources/app/out/vs/workbench/api/node/extensionHostProcess.js:82:838)
	at o._deliverQueue (/opt/vscodium-bin/resources/app/out/vs/workbench/api/node/extensionHostProcess.js:82:929)
	at o.fire (/opt/vscodium-bin/resources/app/out/vs/workbench/api/node/extensionHostProcess.js:82:1264)
	at Object.p [as dispose] (/opt/vscodium-bin/resources/app/extensions/git/dist/main.js:2:964171)
	at /opt/vscodium-bin/resources/app/extensions/git/dist/main.js:2:970209
	at Array.forEach (<anonymous>)
	at f.dispose (/opt/vscodium-bin/resources/app/extensions/git/dist/main.js:2:970195)
	at d.<anonymous> (/opt/vscodium-bin/resources/app/out/vs/workbench/api/node/extensionHostProcess.js:151:5993)
	at d.dispose (/opt/vscodium-bin/resources/app/out/vs/workbench/api/node/extensionHostProcess.js:151:6090)
	at d.<anonymous> (/opt/vscodium-bin/resources/app/extensions/git/dist/main.js:2:947344)
	at d.dispose (/opt/vscodium-bin/resources/app/out/vs/workbench/api/node/extensionHostProcess.js:151:6090)
	at a (/opt/vscodium-bin/resources/app/out/vs/workbench/api/node/extensionHostProcess.js:30:758)
	at f._deactivate (/opt/vscodium-bin/resources/app/out/vs/workbench/api/node/extensionHostProcess.js:159:12988)
	at /opt/vscodium-bin/resources/app/out/vs/workbench/api/node/extensionHostProcess.js:159:10107
	at Array.map (<anonymous>)
	at f._deactivateAll (/opt/vscodium-bin/resources/app/out/vs/workbench/api/node/extensionHostProcess.js:159:10094)
	at f.terminate (/opt/vscodium-bin/resources/app/out/vs/workbench/api/node/extensionHostProcess.js:159:10478)
	at a.terminate (/opt/vscodium-bin/resources/app/out/vs/workbench/api/node/extensionHostProcess.js:163:1908)
	at t (/opt/vscodium-bin/resources/app/out/vs/workbench/api/node/extensionHostProcess.js:176:11627)
	at MessagePortMain.<anonymous> (/opt/vscodium-bin/resources/app/out/vs/workbench/api/node/extensionHostProcess.js:176:7702)
	at MessagePortMain.emit (node:events:517:28)
	at MessagePortMain.emit (node:domain:489:12)
	at MessagePortMain._internalPort.emit (node:electron/js2c/utility_init:2:2285) setContext undefined
2024-06-10 10:03:35.730 [error] Canceled: Canceled
	at new L (/opt/vscodium-bin/resources/app/out/vs/workbench/api/node/extensionHostProcess.js:143:50578)
	at c._remoteCall (/opt/vscodium-bin/resources/app/out/vs/workbench/api/node/extensionHostProcess.js:150:7677)
	at x.<computed>.z.charCodeAt.x.<computed> (/opt/vscodium-bin/resources/app/out/vs/workbench/api/node/extensionHostProcess.js:150:4229)
	at r._doExecuteCommand (/opt/vscodium-bin/resources/app/out/vs/workbench/api/node/extensionHostProcess.js:153:224943)
	at r.executeCommand (/opt/vscodium-bin/resources/app/out/vs/workbench/api/node/extensionHostProcess.js:153:224268)
	at _.registerCommand.description (/opt/vscodium-bin/resources/app/out/vs/workbench/api/node/extensionHostProcess.js:153:223512)
	at r._executeContributedCommand (/opt/vscodium-bin/resources/app/out/vs/workbench/api/node/extensionHostProcess.js:153:225581)
	at r._doExecuteCommand (/opt/vscodium-bin/resources/app/out/vs/workbench/api/node/extensionHostProcess.js:153:224401)
	at r.executeCommand (/opt/vscodium-bin/resources/app/out/vs/workbench/api/node/extensionHostProcess.js:153:224268)
	at Object.executeCommand (/opt/vscodium-bin/resources/app/out/vs/workbench/api/node/extensionHostProcess.js:163:29252)
	at w (/home/figarillo/.vscode-oss/extensions/eamodio.gitlens-15.1.0/dist/gitlens.js:1453:39714)
	at c (/home/figarillo/.vscode-oss/extensions/eamodio.gitlens-15.1.0/dist/gitlens.js:1453:44753)
	at ActionRunners._updateContextKeys (/home/figarillo/.vscode-oss/extensions/eamodio.gitlens-15.1.0/dist/gitlens.js:1099:18425)
	at s (/home/figarillo/.vscode-oss/extensions/eamodio.gitlens-15.1.0/dist/gitlens.js:1099:16869)
	at RegisteredActionRunner.unregister (/home/figarillo/.vscode-oss/extensions/eamodio.gitlens-15.1.0/dist/gitlens.js:1099:17012)
	at RegisteredActionRunner.dispose (/home/figarillo/.vscode-oss/extensions/eamodio.gitlens-15.1.0/dist/gitlens.js:1099:15665)
	at ActionRunners.dispose (/home/figarillo/.vscode-oss/extensions/eamodio.gitlens-15.1.0/dist/gitlens.js:1099:16452)
	at /home/figarillo/.vscode-oss/extensions/eamodio.gitlens-15.1.0/dist/gitlens.js:1412:20105
	at Array.forEach (<anonymous>)
	at Object.dispose (/home/figarillo/.vscode-oss/extensions/eamodio.gitlens-15.1.0/dist/gitlens.js:1412:20087)
	at a (/opt/vscodium-bin/resources/app/out/vs/workbench/api/node/extensionHostProcess.js:30:758)
	at f._deactivate (/opt/vscodium-bin/resources/app/out/vs/workbench/api/node/extensionHostProcess.js:159:12988)
	at /opt/vscodium-bin/resources/app/out/vs/workbench/api/node/extensionHostProcess.js:159:10107
	at Array.map (<anonymous>)
	at f._deactivateAll (/opt/vscodium-bin/resources/app/out/vs/workbench/api/node/extensionHostProcess.js:159:10094)
	at f.terminate (/opt/vscodium-bin/resources/app/out/vs/workbench/api/node/extensionHostProcess.js:159:10478)
	at a.terminate (/opt/vscodium-bin/resources/app/out/vs/workbench/api/node/extensionHostProcess.js:163:1908)
	at t (/opt/vscodium-bin/resources/app/out/vs/workbench/api/node/extensionHostProcess.js:176:11627)
	at MessagePortMain.<anonymous> (/opt/vscodium-bin/resources/app/out/vs/workbench/api/node/extensionHostProcess.js:176:7702)
	at MessagePortMain.emit (node:events:517:28)
	at MessagePortMain.emit (node:domain:489:12)
	at MessagePortMain._internalPort.emit (node:electron/js2c/utility_init:2:2285) setContext undefined
2024-06-10 10:03:35.731 [error] Canceled: Canceled
	at new L (/opt/vscodium-bin/resources/app/out/vs/workbench/api/node/extensionHostProcess.js:143:50578)
	at c._remoteCall (/opt/vscodium-bin/resources/app/out/vs/workbench/api/node/extensionHostProcess.js:150:7677)
	at x.<computed>.z.charCodeAt.x.<computed> (/opt/vscodium-bin/resources/app/out/vs/workbench/api/node/extensionHostProcess.js:150:4229)
	at r._doExecuteCommand (/opt/vscodium-bin/resources/app/out/vs/workbench/api/node/extensionHostProcess.js:153:224943)
	at r.executeCommand (/opt/vscodium-bin/resources/app/out/vs/workbench/api/node/extensionHostProcess.js:153:224268)
	at _.registerCommand.description (/opt/vscodium-bin/resources/app/out/vs/workbench/api/node/extensionHostProcess.js:153:223512)
	at r._executeContributedCommand (/opt/vscodium-bin/resources/app/out/vs/workbench/api/node/extensionHostProcess.js:153:225581)
	at r._doExecuteCommand (/opt/vscodium-bin/resources/app/out/vs/workbench/api/node/extensionHostProcess.js:153:224401)
	at r.executeCommand (/opt/vscodium-bin/resources/app/out/vs/workbench/api/node/extensionHostProcess.js:153:224268)
	at Object.executeCommand (/opt/vscodium-bin/resources/app/out/vs/workbench/api/node/extensionHostProcess.js:163:29252)
	at w (/home/figarillo/.vscode-oss/extensions/eamodio.gitlens-15.1.0/dist/gitlens.js:1453:39714)
	at c (/home/figarillo/.vscode-oss/extensions/eamodio.gitlens-15.1.0/dist/gitlens.js:1453:44753)
	at ActionRunners._updateContextKeys (/home/figarillo/.vscode-oss/extensions/eamodio.gitlens-15.1.0/dist/gitlens.js:1099:18425)
	at s (/home/figarillo/.vscode-oss/extensions/eamodio.gitlens-15.1.0/dist/gitlens.js:1099:16869)
	at RegisteredActionRunner.unregister (/home/figarillo/.vscode-oss/extensions/eamodio.gitlens-15.1.0/dist/gitlens.js:1099:17012)
	at RegisteredActionRunner.dispose (/home/figarillo/.vscode-oss/extensions/eamodio.gitlens-15.1.0/dist/gitlens.js:1099:15665)
	at ActionRunners.dispose (/home/figarillo/.vscode-oss/extensions/eamodio.gitlens-15.1.0/dist/gitlens.js:1099:16452)
	at /home/figarillo/.vscode-oss/extensions/eamodio.gitlens-15.1.0/dist/gitlens.js:1412:20105
	at Array.forEach (<anonymous>)
	at Object.dispose (/home/figarillo/.vscode-oss/extensions/eamodio.gitlens-15.1.0/dist/gitlens.js:1412:20087)
	at a (/opt/vscodium-bin/resources/app/out/vs/workbench/api/node/extensionHostProcess.js:30:758)
	at f._deactivate (/opt/vscodium-bin/resources/app/out/vs/workbench/api/node/extensionHostProcess.js:159:12988)
	at /opt/vscodium-bin/resources/app/out/vs/workbench/api/node/extensionHostProcess.js:159:10107
	at Array.map (<anonymous>)
	at f._deactivateAll (/opt/vscodium-bin/resources/app/out/vs/workbench/api/node/extensionHostProcess.js:159:10094)
	at f.terminate (/opt/vscodium-bin/resources/app/out/vs/workbench/api/node/extensionHostProcess.js:159:10478)
	at a.terminate (/opt/vscodium-bin/resources/app/out/vs/workbench/api/node/extensionHostProcess.js:163:1908)
	at t (/opt/vscodium-bin/resources/app/out/vs/workbench/api/node/extensionHostProcess.js:176:11627)
	at MessagePortMain.<anonymous> (/opt/vscodium-bin/resources/app/out/vs/workbench/api/node/extensionHostProcess.js:176:7702)
	at MessagePortMain.emit (node:events:517:28)
	at MessagePortMain.emit (node:domain:489:12)
	at MessagePortMain._internalPort.emit (node:electron/js2c/utility_init:2:2285) setContext undefined
2024-06-10 10:03:35.732 [error] Canceled: Canceled
	at new L (/opt/vscodium-bin/resources/app/out/vs/workbench/api/node/extensionHostProcess.js:143:50578)
	at c._remoteCall (/opt/vscodium-bin/resources/app/out/vs/workbench/api/node/extensionHostProcess.js:150:7677)
	at x.<computed>.z.charCodeAt.x.<computed> (/opt/vscodium-bin/resources/app/out/vs/workbench/api/node/extensionHostProcess.js:150:4229)
	at r._doExecuteCommand (/opt/vscodium-bin/resources/app/out/vs/workbench/api/node/extensionHostProcess.js:153:224943)
	at r.executeCommand (/opt/vscodium-bin/resources/app/out/vs/workbench/api/node/extensionHostProcess.js:153:224268)
	at _.registerCommand.description (/opt/vscodium-bin/resources/app/out/vs/workbench/api/node/extensionHostProcess.js:153:223512)
	at r._executeContributedCommand (/opt/vscodium-bin/resources/app/out/vs/workbench/api/node/extensionHostProcess.js:153:225581)
	at r._doExecuteCommand (/opt/vscodium-bin/resources/app/out/vs/workbench/api/node/extensionHostProcess.js:153:224401)
	at r.executeCommand (/opt/vscodium-bin/resources/app/out/vs/workbench/api/node/extensionHostProcess.js:153:224268)
	at Object.executeCommand (/opt/vscodium-bin/resources/app/out/vs/workbench/api/node/extensionHostProcess.js:163:29252)
	at w (/home/figarillo/.vscode-oss/extensions/eamodio.gitlens-15.1.0/dist/gitlens.js:1453:39714)
	at c (/home/figarillo/.vscode-oss/extensions/eamodio.gitlens-15.1.0/dist/gitlens.js:1453:44753)
	at ActionRunners._updateContextKeys (/home/figarillo/.vscode-oss/extensions/eamodio.gitlens-15.1.0/dist/gitlens.js:1099:18425)
	at s (/home/figarillo/.vscode-oss/extensions/eamodio.gitlens-15.1.0/dist/gitlens.js:1099:16869)
	at RegisteredActionRunner.unregister (/home/figarillo/.vscode-oss/extensions/eamodio.gitlens-15.1.0/dist/gitlens.js:1099:17012)
	at RegisteredActionRunner.dispose (/home/figarillo/.vscode-oss/extensions/eamodio.gitlens-15.1.0/dist/gitlens.js:1099:15665)
	at ActionRunners.dispose (/home/figarillo/.vscode-oss/extensions/eamodio.gitlens-15.1.0/dist/gitlens.js:1099:16452)
	at /home/figarillo/.vscode-oss/extensions/eamodio.gitlens-15.1.0/dist/gitlens.js:1412:20105
	at Array.forEach (<anonymous>)
	at Object.dispose (/home/figarillo/.vscode-oss/extensions/eamodio.gitlens-15.1.0/dist/gitlens.js:1412:20087)
	at a (/opt/vscodium-bin/resources/app/out/vs/workbench/api/node/extensionHostProcess.js:30:758)
	at f._deactivate (/opt/vscodium-bin/resources/app/out/vs/workbench/api/node/extensionHostProcess.js:159:12988)
	at /opt/vscodium-bin/resources/app/out/vs/workbench/api/node/extensionHostProcess.js:159:10107
	at Array.map (<anonymous>)
	at f._deactivateAll (/opt/vscodium-bin/resources/app/out/vs/workbench/api/node/extensionHostProcess.js:159:10094)
	at f.terminate (/opt/vscodium-bin/resources/app/out/vs/workbench/api/node/extensionHostProcess.js:159:10478)
	at a.terminate (/opt/vscodium-bin/resources/app/out/vs/workbench/api/node/extensionHostProcess.js:163:1908)
	at t (/opt/vscodium-bin/resources/app/out/vs/workbench/api/node/extensionHostProcess.js:176:11627)
	at MessagePortMain.<anonymous> (/opt/vscodium-bin/resources/app/out/vs/workbench/api/node/extensionHostProcess.js:176:7702)
	at MessagePortMain.emit (node:events:517:28)
	at MessagePortMain.emit (node:domain:489:12)
	at MessagePortMain._internalPort.emit (node:electron/js2c/utility_init:2:2285) setContext undefined
2024-06-10 10:03:35.741 [info] Extension host with pid 740129 exiting with code 0
2024-06-10 10:03:40.866 [info] Extension host with pid 743243 started
2024-06-10 10:03:40.866 [info] Skipping acquiring lock for /home/figarillo/.config/VSCodium/User/workspaceStorage/497fae6a8609030e147ad5021d450499.
2024-06-10 10:03:41.037 [info] ExtensionService#_doActivateExtension vscode.git-base, startup: true, activationEvent: '*', root cause: vscode.git
2024-06-10 10:03:41.055 [info] ExtensionService#_doActivateExtension natqe.reload, startup: true, activationEvent: '*'
2024-06-10 10:03:41.062 [info] ExtensionService#_doActivateExtension oderwat.indent-rainbow, startup: true, activationEvent: '*'
2024-06-10 10:03:41.083 [info] ExtensionService#_doActivateExtension vscode.npm, startup: true, activationEvent: 'workspaceContains:package.json'
2024-06-10 10:03:41.179 [info] ExtensionService#_doActivateExtension vscode.git, startup: true, activationEvent: '*'
2024-06-10 10:03:41.235 [info] ExtensionService#_doActivateExtension vscode.github, startup: true, activationEvent: '*'
2024-06-10 10:03:41.421 [info] Eager extensions activated
2024-06-10 10:03:41.614 [info] ExtensionService#_doActivateExtension vscode.debug-auto-launch, startup: false, activationEvent: 'onStartupFinished'
2024-06-10 10:03:41.621 [info] ExtensionService#_doActivateExtension vscode.merge-conflict, startup: false, activationEvent: 'onStartupFinished'
2024-06-10 10:03:41.635 [info] ExtensionService#_doActivateExtension Codeium.codeium, startup: false, activationEvent: 'onStartupFinished'
2024-06-10 10:03:42.068 [info] ExtensionService#_doActivateExtension dbaeumer.vscode-eslint, startup: false, activationEvent: 'onStartupFinished'
2024-06-10 10:03:42.149 [info] ExtensionService#_doActivateExtension dsznajder.es7-react-js-snippets, startup: false, activationEvent: 'onStartupFinished'
2024-06-10 10:03:42.900 [info] ExtensionService#_doActivateExtension eamodio.gitlens, startup: false, activationEvent: 'onStartupFinished'
2024-06-10 10:03:43.043 [info] ExtensionService#_doActivateExtension equinusocio.vsc-material-theme-icons, startup: false, activationEvent: 'onStartupFinished'
2024-06-10 10:03:43.180 [info] ExtensionService#_doActivateExtension esbenp.prettier-vscode, startup: false, activationEvent: 'onStartupFinished'
2024-06-10 10:03:43.285 [info] ExtensionService#_doActivateExtension naumovs.color-highlight, startup: false, activationEvent: 'onStartupFinished'
2024-06-10 10:03:43.296 [info] ExtensionService#_doActivateExtension usernamehw.errorlens, startup: false, activationEvent: 'onStartupFinished'
2024-06-10 10:03:43.308 [info] ExtensionService#_doActivateExtension vscodevim.vim, startup: false, activationEvent: 'onStartupFinished'
2024-06-10 10:03:43.651 [info] ExtensionService#_doActivateExtension zhuangtongfa.material-theme, startup: false, activationEvent: 'onStartupFinished'
2024-06-10 10:03:45.486 [info] ExtensionService#_doActivateExtension vscode.github-authentication, startup: false, activationEvent: 'onAuthenticationRequest:github'
2024-06-10 10:04:34.150 [info] ExtensionService#_doActivateExtension vscode.emmet, startup: false, activationEvent: 'onLanguage'
2024-06-10 16:06:37.878 [info] Extension host terminating: renderer closed the MessagePort
2024-06-10 16:06:38.046 [error] Canceled: Canceled
	at new L (/opt/vscodium-bin/resources/app/out/vs/workbench/api/node/extensionHostProcess.js:143:50578)
	at c._remoteCall (/opt/vscodium-bin/resources/app/out/vs/workbench/api/node/extensionHostProcess.js:150:7677)
	at x.<computed>.z.charCodeAt.x.<computed> (/opt/vscodium-bin/resources/app/out/vs/workbench/api/node/extensionHostProcess.js:150:4229)
	at r._doExecuteCommand (/opt/vscodium-bin/resources/app/out/vs/workbench/api/node/extensionHostProcess.js:153:224943)
	at r.executeCommand (/opt/vscodium-bin/resources/app/out/vs/workbench/api/node/extensionHostProcess.js:153:224268)
	at _.registerCommand.description (/opt/vscodium-bin/resources/app/out/vs/workbench/api/node/extensionHostProcess.js:153:223512)
	at r._executeContributedCommand (/opt/vscodium-bin/resources/app/out/vs/workbench/api/node/extensionHostProcess.js:153:225581)
	at r._doExecuteCommand (/opt/vscodium-bin/resources/app/out/vs/workbench/api/node/extensionHostProcess.js:153:224401)
	at r.executeCommand (/opt/vscodium-bin/resources/app/out/vs/workbench/api/node/extensionHostProcess.js:153:224268)
	at Object.executeCommand (/opt/vscodium-bin/resources/app/out/vs/workbench/api/node/extensionHostProcess.js:163:29252)
	at a.O [as value] (/opt/vscodium-bin/resources/app/extensions/git/dist/main.js:2:945087)
	at o._deliver (/opt/vscodium-bin/resources/app/out/vs/workbench/api/node/extensionHostProcess.js:82:838)
	at o._deliverQueue (/opt/vscodium-bin/resources/app/out/vs/workbench/api/node/extensionHostProcess.js:82:929)
	at o.fire (/opt/vscodium-bin/resources/app/out/vs/workbench/api/node/extensionHostProcess.js:82:1264)
	at Object.p [as dispose] (/opt/vscodium-bin/resources/app/extensions/git/dist/main.js:2:964171)
	at /opt/vscodium-bin/resources/app/extensions/git/dist/main.js:2:970209
	at Array.forEach (<anonymous>)
	at f.dispose (/opt/vscodium-bin/resources/app/extensions/git/dist/main.js:2:970195)
	at d.<anonymous> (/opt/vscodium-bin/resources/app/out/vs/workbench/api/node/extensionHostProcess.js:151:5993)
	at d.dispose (/opt/vscodium-bin/resources/app/out/vs/workbench/api/node/extensionHostProcess.js:151:6090)
	at d.<anonymous> (/opt/vscodium-bin/resources/app/extensions/git/dist/main.js:2:947344)
	at d.dispose (/opt/vscodium-bin/resources/app/out/vs/workbench/api/node/extensionHostProcess.js:151:6090)
	at a (/opt/vscodium-bin/resources/app/out/vs/workbench/api/node/extensionHostProcess.js:30:758)
	at f._deactivate (/opt/vscodium-bin/resources/app/out/vs/workbench/api/node/extensionHostProcess.js:159:12988)
	at /opt/vscodium-bin/resources/app/out/vs/workbench/api/node/extensionHostProcess.js:159:10107
	at Array.map (<anonymous>)
	at f._deactivateAll (/opt/vscodium-bin/resources/app/out/vs/workbench/api/node/extensionHostProcess.js:159:10094)
	at f.terminate (/opt/vscodium-bin/resources/app/out/vs/workbench/api/node/extensionHostProcess.js:159:10478)
	at a.terminate (/opt/vscodium-bin/resources/app/out/vs/workbench/api/node/extensionHostProcess.js:163:1908)
	at t (/opt/vscodium-bin/resources/app/out/vs/workbench/api/node/extensionHostProcess.js:176:11627)
	at MessagePortMain.<anonymous> (/opt/vscodium-bin/resources/app/out/vs/workbench/api/node/extensionHostProcess.js:176:7702)
	at MessagePortMain.emit (node:events:517:28)
	at MessagePortMain.emit (node:domain:489:12)
	at MessagePortMain._internalPort.emit (node:electron/js2c/utility_init:2:2285) setContext undefined
2024-06-10 16:06:38.048 [error] Canceled: Canceled
	at new L (/opt/vscodium-bin/resources/app/out/vs/workbench/api/node/extensionHostProcess.js:143:50578)
	at c._remoteCall (/opt/vscodium-bin/resources/app/out/vs/workbench/api/node/extensionHostProcess.js:150:7677)
	at x.<computed>.z.charCodeAt.x.<computed> (/opt/vscodium-bin/resources/app/out/vs/workbench/api/node/extensionHostProcess.js:150:4229)
	at r._doExecuteCommand (/opt/vscodium-bin/resources/app/out/vs/workbench/api/node/extensionHostProcess.js:153:224943)
	at r.executeCommand (/opt/vscodium-bin/resources/app/out/vs/workbench/api/node/extensionHostProcess.js:153:224268)
	at _.registerCommand.description (/opt/vscodium-bin/resources/app/out/vs/workbench/api/node/extensionHostProcess.js:153:223512)
	at r._executeContributedCommand (/opt/vscodium-bin/resources/app/out/vs/workbench/api/node/extensionHostProcess.js:153:225581)
	at r._doExecuteCommand (/opt/vscodium-bin/resources/app/out/vs/workbench/api/node/extensionHostProcess.js:153:224401)
	at r.executeCommand (/opt/vscodium-bin/resources/app/out/vs/workbench/api/node/extensionHostProcess.js:153:224268)
	at Object.executeCommand (/opt/vscodium-bin/resources/app/out/vs/workbench/api/node/extensionHostProcess.js:163:29252)
	at set hasGitHubRepositories [as hasGitHubRepositories] (/opt/vscodium-bin/resources/app/extensions/github/dist/extension.js:2:322918)
	at /opt/vscodium-bin/resources/app/extensions/github/dist/extension.js:2:323877
	at a.value (/opt/vscodium-bin/resources/app/extensions/git/dist/main.js:2:1050660)
	at o._deliver (/opt/vscodium-bin/resources/app/out/vs/workbench/api/node/extensionHostProcess.js:82:838)
	at o._deliverQueue (/opt/vscodium-bin/resources/app/out/vs/workbench/api/node/extensionHostProcess.js:82:929)
	at o.fire (/opt/vscodium-bin/resources/app/out/vs/workbench/api/node/extensionHostProcess.js:82:1264)
	at Object.p [as dispose] (/opt/vscodium-bin/resources/app/extensions/git/dist/main.js:2:964171)
	at /opt/vscodium-bin/resources/app/extensions/git/dist/main.js:2:970209
	at Array.forEach (<anonymous>)
	at f.dispose (/opt/vscodium-bin/resources/app/extensions/git/dist/main.js:2:970195)
	at d.<anonymous> (/opt/vscodium-bin/resources/app/out/vs/workbench/api/node/extensionHostProcess.js:151:5993)
	at d.dispose (/opt/vscodium-bin/resources/app/out/vs/workbench/api/node/extensionHostProcess.js:151:6090)
	at d.<anonymous> (/opt/vscodium-bin/resources/app/extensions/git/dist/main.js:2:947344)
	at d.dispose (/opt/vscodium-bin/resources/app/out/vs/workbench/api/node/extensionHostProcess.js:151:6090)
	at a (/opt/vscodium-bin/resources/app/out/vs/workbench/api/node/extensionHostProcess.js:30:758)
	at f._deactivate (/opt/vscodium-bin/resources/app/out/vs/workbench/api/node/extensionHostProcess.js:159:12988)
	at /opt/vscodium-bin/resources/app/out/vs/workbench/api/node/extensionHostProcess.js:159:10107
	at Array.map (<anonymous>)
	at f._deactivateAll (/opt/vscodium-bin/resources/app/out/vs/workbench/api/node/extensionHostProcess.js:159:10094)
	at f.terminate (/opt/vscodium-bin/resources/app/out/vs/workbench/api/node/extensionHostProcess.js:159:10478)
	at a.terminate (/opt/vscodium-bin/resources/app/out/vs/workbench/api/node/extensionHostProcess.js:163:1908)
	at t (/opt/vscodium-bin/resources/app/out/vs/workbench/api/node/extensionHostProcess.js:176:11627)
	at MessagePortMain.<anonymous> (/opt/vscodium-bin/resources/app/out/vs/workbench/api/node/extensionHostProcess.js:176:7702)
	at MessagePortMain.emit (node:events:517:28)
	at MessagePortMain.emit (node:domain:489:12)
	at MessagePortMain._internalPort.emit (node:electron/js2c/utility_init:2:2285) setContext undefined
2024-06-10 16:06:38.065 [error] Canceled: Canceled
	at new L (/opt/vscodium-bin/resources/app/out/vs/workbench/api/node/extensionHostProcess.js:143:50578)
	at c._remoteCall (/opt/vscodium-bin/resources/app/out/vs/workbench/api/node/extensionHostProcess.js:150:7677)
	at x.<computed>.z.charCodeAt.x.<computed> (/opt/vscodium-bin/resources/app/out/vs/workbench/api/node/extensionHostProcess.js:150:4229)
	at r._doExecuteCommand (/opt/vscodium-bin/resources/app/out/vs/workbench/api/node/extensionHostProcess.js:153:224943)
	at r.executeCommand (/opt/vscodium-bin/resources/app/out/vs/workbench/api/node/extensionHostProcess.js:153:224268)
	at _.registerCommand.description (/opt/vscodium-bin/resources/app/out/vs/workbench/api/node/extensionHostProcess.js:153:223512)
	at r._executeContributedCommand (/opt/vscodium-bin/resources/app/out/vs/workbench/api/node/extensionHostProcess.js:153:225581)
	at r._doExecuteCommand (/opt/vscodium-bin/resources/app/out/vs/workbench/api/node/extensionHostProcess.js:153:224401)
	at r.executeCommand (/opt/vscodium-bin/resources/app/out/vs/workbench/api/node/extensionHostProcess.js:153:224268)
	at Object.executeCommand (/opt/vscodium-bin/resources/app/out/vs/workbench/api/node/extensionHostProcess.js:163:29252)
	at w (/home/figarillo/.vscode-oss/extensions/eamodio.gitlens-15.1.0/dist/gitlens.js:1453:39714)
	at c (/home/figarillo/.vscode-oss/extensions/eamodio.gitlens-15.1.0/dist/gitlens.js:1453:44753)
	at ActionRunners._updateContextKeys (/home/figarillo/.vscode-oss/extensions/eamodio.gitlens-15.1.0/dist/gitlens.js:1099:18425)
	at s (/home/figarillo/.vscode-oss/extensions/eamodio.gitlens-15.1.0/dist/gitlens.js:1099:16869)
	at RegisteredActionRunner.unregister (/home/figarillo/.vscode-oss/extensions/eamodio.gitlens-15.1.0/dist/gitlens.js:1099:17012)
	at RegisteredActionRunner.dispose (/home/figarillo/.vscode-oss/extensions/eamodio.gitlens-15.1.0/dist/gitlens.js:1099:15665)
	at ActionRunners.dispose (/home/figarillo/.vscode-oss/extensions/eamodio.gitlens-15.1.0/dist/gitlens.js:1099:16452)
	at /home/figarillo/.vscode-oss/extensions/eamodio.gitlens-15.1.0/dist/gitlens.js:1412:20105
	at Array.forEach (<anonymous>)
	at Object.dispose (/home/figarillo/.vscode-oss/extensions/eamodio.gitlens-15.1.0/dist/gitlens.js:1412:20087)
	at a (/opt/vscodium-bin/resources/app/out/vs/workbench/api/node/extensionHostProcess.js:30:758)
	at f._deactivate (/opt/vscodium-bin/resources/app/out/vs/workbench/api/node/extensionHostProcess.js:159:12988)
	at /opt/vscodium-bin/resources/app/out/vs/workbench/api/node/extensionHostProcess.js:159:10107
	at Array.map (<anonymous>)
	at f._deactivateAll (/opt/vscodium-bin/resources/app/out/vs/workbench/api/node/extensionHostProcess.js:159:10094)
	at f.terminate (/opt/vscodium-bin/resources/app/out/vs/workbench/api/node/extensionHostProcess.js:159:10478)
	at a.terminate (/opt/vscodium-bin/resources/app/out/vs/workbench/api/node/extensionHostProcess.js:163:1908)
	at t (/opt/vscodium-bin/resources/app/out/vs/workbench/api/node/extensionHostProcess.js:176:11627)
	at MessagePortMain.<anonymous> (/opt/vscodium-bin/resources/app/out/vs/workbench/api/node/extensionHostProcess.js:176:7702)
	at MessagePortMain.emit (node:events:517:28)
	at MessagePortMain.emit (node:domain:489:12)
	at MessagePortMain._internalPort.emit (node:electron/js2c/utility_init:2:2285) setContext undefined
2024-06-10 16:06:38.066 [error] Canceled: Canceled
	at new L (/opt/vscodium-bin/resources/app/out/vs/workbench/api/node/extensionHostProcess.js:143:50578)
	at c._remoteCall (/opt/vscodium-bin/resources/app/out/vs/workbench/api/node/extensionHostProcess.js:150:7677)
	at x.<computed>.z.charCodeAt.x.<computed> (/opt/vscodium-bin/resources/app/out/vs/workbench/api/node/extensionHostProcess.js:150:4229)
	at r._doExecuteCommand (/opt/vscodium-bin/resources/app/out/vs/workbench/api/node/extensionHostProcess.js:153:224943)
	at r.executeCommand (/opt/vscodium-bin/resources/app/out/vs/workbench/api/node/extensionHostProcess.js:153:224268)
	at _.registerCommand.description (/opt/vscodium-bin/resources/app/out/vs/workbench/api/node/extensionHostProcess.js:153:223512)
	at r._executeContributedCommand (/opt/vscodium-bin/resources/app/out/vs/workbench/api/node/extensionHostProcess.js:153:225581)
	at r._doExecuteCommand (/opt/vscodium-bin/resources/app/out/vs/workbench/api/node/extensionHostProcess.js:153:224401)
	at r.executeCommand (/opt/vscodium-bin/resources/app/out/vs/workbench/api/node/extensionHostProcess.js:153:224268)
	at Object.executeCommand (/opt/vscodium-bin/resources/app/out/vs/workbench/api/node/extensionHostProcess.js:163:29252)
	at w (/home/figarillo/.vscode-oss/extensions/eamodio.gitlens-15.1.0/dist/gitlens.js:1453:39714)
	at c (/home/figarillo/.vscode-oss/extensions/eamodio.gitlens-15.1.0/dist/gitlens.js:1453:44753)
	at ActionRunners._updateContextKeys (/home/figarillo/.vscode-oss/extensions/eamodio.gitlens-15.1.0/dist/gitlens.js:1099:18425)
	at s (/home/figarillo/.vscode-oss/extensions/eamodio.gitlens-15.1.0/dist/gitlens.js:1099:16869)
	at RegisteredActionRunner.unregister (/home/figarillo/.vscode-oss/extensions/eamodio.gitlens-15.1.0/dist/gitlens.js:1099:17012)
	at RegisteredActionRunner.dispose (/home/figarillo/.vscode-oss/extensions/eamodio.gitlens-15.1.0/dist/gitlens.js:1099:15665)
	at ActionRunners.dispose (/home/figarillo/.vscode-oss/extensions/eamodio.gitlens-15.1.0/dist/gitlens.js:1099:16452)
	at /home/figarillo/.vscode-oss/extensions/eamodio.gitlens-15.1.0/dist/gitlens.js:1412:20105
	at Array.forEach (<anonymous>)
	at Object.dispose (/home/figarillo/.vscode-oss/extensions/eamodio.gitlens-15.1.0/dist/gitlens.js:1412:20087)
	at a (/opt/vscodium-bin/resources/app/out/vs/workbench/api/node/extensionHostProcess.js:30:758)
	at f._deactivate (/opt/vscodium-bin/resources/app/out/vs/workbench/api/node/extensionHostProcess.js:159:12988)
	at /opt/vscodium-bin/resources/app/out/vs/workbench/api/node/extensionHostProcess.js:159:10107
	at Array.map (<anonymous>)
	at f._deactivateAll (/opt/vscodium-bin/resources/app/out/vs/workbench/api/node/extensionHostProcess.js:159:10094)
	at f.terminate (/opt/vscodium-bin/resources/app/out/vs/workbench/api/node/extensionHostProcess.js:159:10478)
	at a.terminate (/opt/vscodium-bin/resources/app/out/vs/workbench/api/node/extensionHostProcess.js:163:1908)
	at t (/opt/vscodium-bin/resources/app/out/vs/workbench/api/node/extensionHostProcess.js:176:11627)
	at MessagePortMain.<anonymous> (/opt/vscodium-bin/resources/app/out/vs/workbench/api/node/extensionHostProcess.js:176:7702)
	at MessagePortMain.emit (node:events:517:28)
	at MessagePortMain.emit (node:domain:489:12)
	at MessagePortMain._internalPort.emit (node:electron/js2c/utility_init:2:2285) setContext undefined
2024-06-10 16:06:38.066 [error] Canceled: Canceled
	at new L (/opt/vscodium-bin/resources/app/out/vs/workbench/api/node/extensionHostProcess.js:143:50578)
	at c._remoteCall (/opt/vscodium-bin/resources/app/out/vs/workbench/api/node/extensionHostProcess.js:150:7677)
	at x.<computed>.z.charCodeAt.x.<computed> (/opt/vscodium-bin/resources/app/out/vs/workbench/api/node/extensionHostProcess.js:150:4229)
	at r._doExecuteCommand (/opt/vscodium-bin/resources/app/out/vs/workbench/api/node/extensionHostProcess.js:153:224943)
	at r.executeCommand (/opt/vscodium-bin/resources/app/out/vs/workbench/api/node/extensionHostProcess.js:153:224268)
	at _.registerCommand.description (/opt/vscodium-bin/resources/app/out/vs/workbench/api/node/extensionHostProcess.js:153:223512)
	at r._executeContributedCommand (/opt/vscodium-bin/resources/app/out/vs/workbench/api/node/extensionHostProcess.js:153:225581)
	at r._doExecuteCommand (/opt/vscodium-bin/resources/app/out/vs/workbench/api/node/extensionHostProcess.js:153:224401)
	at r.executeCommand (/opt/vscodium-bin/resources/app/out/vs/workbench/api/node/extensionHostProcess.js:153:224268)
	at Object.executeCommand (/opt/vscodium-bin/resources/app/out/vs/workbench/api/node/extensionHostProcess.js:163:29252)
	at w (/home/figarillo/.vscode-oss/extensions/eamodio.gitlens-15.1.0/dist/gitlens.js:1453:39714)
	at c (/home/figarillo/.vscode-oss/extensions/eamodio.gitlens-15.1.0/dist/gitlens.js:1453:44753)
	at ActionRunners._updateContextKeys (/home/figarillo/.vscode-oss/extensions/eamodio.gitlens-15.1.0/dist/gitlens.js:1099:18425)
	at s (/home/figarillo/.vscode-oss/extensions/eamodio.gitlens-15.1.0/dist/gitlens.js:1099:16869)
	at RegisteredActionRunner.unregister (/home/figarillo/.vscode-oss/extensions/eamodio.gitlens-15.1.0/dist/gitlens.js:1099:17012)
	at RegisteredActionRunner.dispose (/home/figarillo/.vscode-oss/extensions/eamodio.gitlens-15.1.0/dist/gitlens.js:1099:15665)
	at ActionRunners.dispose (/home/figarillo/.vscode-oss/extensions/eamodio.gitlens-15.1.0/dist/gitlens.js:1099:16452)
	at /home/figarillo/.vscode-oss/extensions/eamodio.gitlens-15.1.0/dist/gitlens.js:1412:20105
	at Array.forEach (<anonymous>)
	at Object.dispose (/home/figarillo/.vscode-oss/extensions/eamodio.gitlens-15.1.0/dist/gitlens.js:1412:20087)
	at a (/opt/vscodium-bin/resources/app/out/vs/workbench/api/node/extensionHostProcess.js:30:758)
	at f._deactivate (/opt/vscodium-bin/resources/app/out/vs/workbench/api/node/extensionHostProcess.js:159:12988)
	at /opt/vscodium-bin/resources/app/out/vs/workbench/api/node/extensionHostProcess.js:159:10107
	at Array.map (<anonymous>)
	at f._deactivateAll (/opt/vscodium-bin/resources/app/out/vs/workbench/api/node/extensionHostProcess.js:159:10094)
	at f.terminate (/opt/vscodium-bin/resources/app/out/vs/workbench/api/node/extensionHostProcess.js:159:10478)
	at a.terminate (/opt/vscodium-bin/resources/app/out/vs/workbench/api/node/extensionHostProcess.js:163:1908)
	at t (/opt/vscodium-bin/resources/app/out/vs/workbench/api/node/extensionHostProcess.js:176:11627)
	at MessagePortMain.<anonymous> (/opt/vscodium-bin/resources/app/out/vs/workbench/api/node/extensionHostProcess.js:176:7702)
	at MessagePortMain.emit (node:events:517:28)
	at MessagePortMain.emit (node:domain:489:12)
	at MessagePortMain._internalPort.emit (node:electron/js2c/utility_init:2:2285) setContext undefined
2024-06-10 16:06:38.119 [info] Extension host with pid 743243 exiting with code 0
