2024-04-26 14:09:53.943 [INFO]: No proxy settings found
2024-04-26 14:09:56.813 [INFO]: Creating manager directory: /tmp/371e7b44-32e6-4787-8942-14409d785245/codeium/manager
2024-04-26 14:09:57.949 [INFO]: Using cached LS with valid crc32: /home/figarillo/.vscode-oss/extensions/codeium.codeium-1.8.28/dist/f4ccf0178d5d55b7439fe04a696986fe0deea492/language_server_linux_x64
2024-04-26 14:09:57.969 [INFO]: Language server started
2024-04-26 14:09:58.284 [INFO]: [Language Server (stderr)]:
I0426 14:09:58.282517 67909 main.go:553] Starting language server manager with pid 67909
2024-04-26 14:09:58.285 [INFO]: [Language Server (stderr)]:
I0426 14:09:58.282779 67909 main.go:110] Manager acquired its lock file /tmp/371e7b44-32e6-4787-8942-14409d785245/codeium/manager/locks/manager.lock
I0426 14:09:58.283713 67909 main.go:248] Waiting for random port file in /tmp/371e7b44-32e6-4787-8942-14409d785245/codeium/manager/child_random_port_1714151398282935213_435762903601365964 to be created
2024-04-26 14:09:58.811 [INFO]: [Language Server (stderr)]:
I0426 14:09:58.801764 67916 main.go:547] Starting language server process with pid 67916
I0426 14:09:58.808873 67916 server.go:157] Language server will attempt to listen on host 127.0.0.1
2024-04-26 14:09:58.814 [INFO]: [Language Server (stderr)]:
I0426 14:09:58.809230 67916 server.go:164] Language server listening on random port at 41873
I0426 14:09:58.809413 67916 proxy.go:113] proxyplease.proxy> No proxy provided. Attempting to infer from system.
I0426 14:09:58.809491 67916 proxy.go:113] proxyplease.proxy> No proxy could be determined. Assuming a direct connection.
I0426 14:09:58.809590 67916 client.go:589] [DEBUG] GET https://server.codeium.com/exa.api_server_pb.ApiServerService/GetCompletions
2024-04-26 14:09:59.847 [INFO]: [Language Server (stderr)]:
I0426 14:09:59.843047 67916 unleash.go:90] Initializing Unleash
2024-04-26 14:10:00.769 [INFO]: [Language Server (stderr)]:
I0426 14:10:00.767614 67916 unleash.go:110] Successfully initialized Unleash
2024-04-26 14:10:00.806 [INFO]: [Language Server (stderr)]:
E0426 14:10:00.802660 67916 client_manager.go:262] Metadata is nil when trying to refresh user JWT
2024-04-26 14:10:00.812 [INFO]: [Language Server (stderr)]:
I0426 14:10:00.808174 67916 server.go:356] Successfully created API server client
2024-04-26 14:10:00.908 [INFO]: [Language Server (stderr)]:
I0426 14:10:00.907496 67916 server.go:365] Successfully initialized tokenizer
2024-04-26 14:10:00.911 [INFO]: [Language Server (stderr)]:
I0426 14:10:00.909776 67916 server.go:420] Local search is enabled, will index local files.
I0426 14:10:00.909837 67916 server.go:424] Using 1 indexer workers
2024-04-26 14:10:00.914 [INFO]: [Language Server (stderr)]:
I0426 14:10:00.910064 67916 search_provider.go:164] Using database at /home/figarillo/.codeium/database/9c0694567290725d9dcba14ade58e297/2/MODEL_EMBED_6591
2024-04-26 14:10:00.957 [INFO]: [Language Server (stderr)]:
I0426 14:10:00.955041 67916 search_provider.go:176] Successfully created embedding search database
2024-04-26 14:10:00.960 [INFO]: [Language Server (stderr)]:
I0426 14:10:00.956531 67916 search_provider.go:198] Successfully created and started indexer
I0426 14:10:00.956622 67916 search_provider.go:224] Successfully created embedding search provider
I0426 14:10:00.956643 67916 server.go:458] Successfully created exact search provider
2024-04-26 14:10:00.970 [INFO]: [Language Server (stderr)]:
I0426 14:10:00.969576 67916 server.go:486] Successfully created completion provider
2024-04-26 14:10:01.161 [INFO]: [Language Server (stderr)]:
I0426 14:10:01.159226 67916 server.go:576] Child process attempting to acquire lock file /tmp/371e7b44-32e6-4787-8942-14409d785245/codeium/manager/locks/child_lock_1714151398282980128_7423139659839102959
I0426 14:10:01.159572 67916 server.go:586] Child process acquired lock file /tmp/371e7b44-32e6-4787-8942-14409d785245/codeium/manager/locks/child_lock_1714151398282980128_7423139659839102959
2024-04-26 14:10:01.176 [INFO]: [Language Server (stderr)]:
I0426 14:10:01.172138 67916 server.go:184] LSP listening on random port at 41097
2024-04-26 14:10:01.180 [INFO]: [Language Server (stderr)]:
I0426 14:10:01.174633 67916 web_server.go:239] Chat Web Server listening at ws://127.0.0.1:33983
2024-04-26 14:10:01.201 [INFO]: [Language Server (stdout)]:
41097
2024-04-26 14:10:01.202 [INFO]: [Language Server (stderr)]:
I0426 14:10:01.201124 67909 main.go:284] Language server manager found random server port 41873
I0426 14:10:01.201189 67909 main.go:285] Language server manager found random lsp port 41097
I0426 14:10:01.201214 67909 main.go:292] Language server manager attempting to connect to language server at 127.0.0.1:41873
2024-04-26 14:10:01.246 [INFO]: [Language Server (stderr)]:
I0426 14:10:01.246035 67909 main.go:163] Fixing language server port at 41873
I0426 14:10:01.246080 67909 main.go:343] Language server manager successfully connected to new language server at 127.0.0.1:41873
2024-04-26 14:10:01.304 [INFO]: Found language server running on port 41873
2024-04-26 14:10:01.339 [INFO]: Downloaded binary: /home/figarillo/.codeium/bin/af6b6c543b224d348a8876f0c06245d9ea7929c5/ripgrep_linux_x64
2024-04-26 14:10:01.374 [INFO]: [Language Server (stderr)]:
I0426 14:10:01.373085 67916 rpcs_miscellaneous.go:103] Ripgrep available at /home/figarillo/.codeium/bin/af6b6c543b224d348a8876f0c06245d9ea7929c5/ripgrep_linux_x64
2024-04-26 14:10:01.519 [INFO]: [Language Server (stderr)]:
I0426 14:10:01.518512 67916 rpcs_miscellaneous.go:297] University version is up to date.
2024-04-26 14:10:08.819 [INFO]: [Language Server (stderr)]:
I0426 14:10:08.818394 67916 utils.go:159] Analyzing workspace files for /home/figarillo/Documents/Ingenieria/5to año/Testing/project/sacachispa-soft/backend/
2024-04-26 14:10:08.845 [INFO]: [Language Server (stderr)]:
I0426 14:10:08.844362 67916 utils.go:214] Done analyzing workspace files for /home/figarillo/Documents/Ingenieria/5to año/Testing/project/sacachispa-soft/backend/
I0426 14:10:08.844397 67916 lsp.go:186] Found 29 files in workspace /home/figarillo/Documents/Ingenieria/5to año/Testing/project/sacachispa-soft/backend/
2024-04-26 14:10:08.851 [INFO]: [Language Server (stderr)]:
I0426 14:10:08.845795 67916 indexing_listener.go:151] Add workspace event with uid: 1
2024-04-26 14:10:08.979 [INFO]: [Language Server (stderr)]:
I0426 14:10:08.975234 67916 lazy_model.go:29] Successfully created faiss index
2024-04-26 14:10:09.068 [INFO]: [Language Server (stderr)]:
I0426 14:10:09.067298 67916 indexing_listener.go:179] Done enqueue workspace with uid: 1
2024-04-26 14:18:09.821 [INFO]: Disposing language server process
2024-04-26 14:18:09.822 [INFO]: Deleting manager directory: /tmp/371e7b44-32e6-4787-8942-14409d785245/codeium/manager
2024-04-26 14:18:09.837 [INFO]: Successfully disposed language server
2024-04-26 14:18:10.019 [INFO]: [Language Server (stderr)]:
W0426 14:18:09.824925 67909 main.go:114] Language server manager got signal terminated, shutting down
