2024-06-10 10:00:01.500 [info] Reading sessions from keychain...
2024-06-10 10:00:01.500 [info] Getting sessions for all scopes...
2024-06-10 10:00:01.500 [info] Got stored sessions!
2024-06-10 10:00:01.500 [info] Got 2 verified sessions.
2024-06-10 10:00:01.500 [info] Got 2 sessions for ...
2024-06-10 10:00:01.500 [info] Getting sessions for all scopes...
2024-06-10 10:00:01.500 [info] Got 2 sessions for ...
2024-06-10 10:00:01.500 [info] Getting sessions for read:user,repo,user:email...
2024-06-10 10:00:01.500 [info] Got 0 sessions for read:user,repo,user:email...
2024-06-10 10:00:05.249 [info] Getting sessions for all scopes...
2024-06-10 10:00:05.249 [info] Got 2 sessions for ...
2024-06-10 10:00:47.496 [info] Reading sessions from keychain...
2024-06-10 10:00:47.496 [info] Getting sessions for all scopes...
2024-06-10 10:00:47.496 [info] Got stored sessions!
2024-06-10 10:00:47.496 [info] Got 2 verified sessions.
2024-06-10 10:00:47.496 [info] Got 2 sessions for ...
2024-06-10 10:00:47.496 [info] Getting sessions for read:user,repo,user:email...
2024-06-10 10:00:47.496 [info] Got 0 sessions for read:user,repo,user:email...
2024-06-10 10:00:47.496 [info] Getting sessions for all scopes...
2024-06-10 10:00:47.496 [info] Got 2 sessions for ...
2024-06-10 10:00:48.306 [info] Getting sessions for all scopes...
2024-06-10 10:00:48.306 [info] Got 2 sessions for ...
2024-06-10 10:03:45.893 [info] Reading sessions from keychain...
2024-06-10 10:03:45.894 [info] Getting sessions for all scopes...
2024-06-10 10:03:45.895 [info] Got stored sessions!
2024-06-10 10:03:45.895 [info] Got 2 verified sessions.
2024-06-10 10:03:45.895 [info] Got 2 sessions for ...
2024-06-10 10:03:45.895 [info] Getting sessions for all scopes...
2024-06-10 10:03:45.895 [info] Got 2 sessions for ...
2024-06-10 10:03:46.007 [info] Getting sessions for read:user,repo,user:email...
2024-06-10 10:03:46.007 [info] Got 0 sessions for read:user,repo,user:email...
2024-06-10 10:03:46.655 [info] Getting sessions for all scopes...
2024-06-10 10:03:46.655 [info] Got 2 sessions for ...
