2024-06-10 09:43:33.079 [info] Added views:workbench.panel.markers.view in workbench.panel.markers
2024-06-10 09:43:33.079 [info] Added views:workbench.panel.output in workbench.panel.output
2024-06-10 09:43:33.079 [info] Added views:outline in workbench.view.explorer
2024-06-10 09:43:33.079 [info] Added views:workbench.scm in workbench.view.scm
2024-06-10 09:43:33.079 [info] Added views:workbench.view.search in workbench.view.search
2024-06-10 09:43:33.079 [info] Added views:terminal in workbench.views.service.panel.e0a7860d-70e7-46aa-849b-2a38009533f2
2024-06-10 09:43:33.079 [info] Added views:workbench.explorer.openEditorsView,workbench.explorer.fileView in workbench.view.explorer
2024-06-10 09:43:34.210 [info] Added views:codeium.chatPanelView,codeium.searchPanelView in workbench.view.extension.codeium
2024-06-10 09:43:34.216 [info] Added views:gitlens.views.home,gitlens.views.workspaces,gitlens.views.account in workbench.view.extension.gitlens
2024-06-10 09:43:34.217 [info] Added views:gitlens.views.commitDetails,gitlens.views.lineHistory,gitlens.views.fileHistory,gitlens.views.searchAndCompare in workbench.view.extension.gitlensInspect
2024-06-10 09:43:34.228 [info] Added views:gitlens.views.repositories,gitlens.views.commits,gitlens.views.branches,gitlens.views.stashes in workbench.view.scm
2024-06-10 09:43:35.011 [info] Added views:workbench.debug.variablesView,workbench.debug.watchExpressionsView,workbench.debug.callStackView,workbench.debug.breakPointsView in workbench.view.debug
2024-06-10 09:43:35.101 [info] Added views:workbench.panel.repl.view in workbench.panel.repl
2024-06-10 09:43:35.104 [info] Removed views:workbench.debug.breakPointsView,workbench.debug.callStackView,workbench.debug.watchExpressionsView,workbench.debug.variablesView from workbench.view.debug
2024-06-10 09:43:35.106 [info] Added views:workbench.debug.welcome in workbench.view.debug
2024-06-10 09:43:35.525 [info] Added views:~remote.forwardedPorts in ~remote.forwardedPortsContainer
2024-06-10 09:43:42.017 [info] Removed views:gitlens.views.searchAndCompare,gitlens.views.fileHistory,gitlens.views.lineHistory,gitlens.views.commitDetails from workbench.view.extension.gitlensInspect
2024-06-10 09:43:42.023 [info] Removed views:gitlens.views.stashes,gitlens.views.branches,gitlens.views.commits,gitlens.views.repositories from workbench.view.scm
2024-06-10 09:43:42.261 [info] Added views:gitlens.views.drafts in workbench.view.extension.gitlens
2024-06-10 09:43:44.783 [info] Added views:workbench.panel.comments in workbench.panel.comments
2024-06-10 09:44:00.343 [info] Added views:workbench.panel.markers.view in workbench.panel.markers
2024-06-10 09:44:00.343 [info] Added views:workbench.panel.output in workbench.panel.output
2024-06-10 09:44:00.343 [info] Added views:outline in workbench.view.explorer
2024-06-10 09:44:00.343 [info] Added views:workbench.scm in workbench.view.scm
2024-06-10 09:44:00.343 [info] Added views:workbench.view.search in workbench.view.search
2024-06-10 09:44:00.343 [info] Added views:terminal in workbench.views.service.panel.e0a7860d-70e7-46aa-849b-2a38009533f2
2024-06-10 09:44:00.343 [info] Added views:workbench.explorer.openEditorsView,workbench.explorer.fileView in workbench.view.explorer
2024-06-10 09:44:00.861 [info] Added views:workbench.debug.welcome in workbench.view.debug
2024-06-10 09:44:02.315 [info] Added views:codeium.chatPanelView,codeium.searchPanelView in workbench.view.extension.codeium
2024-06-10 09:44:02.316 [info] Added views:gitlens.views.home,gitlens.views.workspaces,gitlens.views.account in workbench.view.extension.gitlens
2024-06-10 09:44:02.317 [info] Added views:gitlens.views.commitDetails,gitlens.views.lineHistory,gitlens.views.fileHistory,gitlens.views.searchAndCompare in workbench.view.extension.gitlensInspect
2024-06-10 09:44:02.319 [info] Added views:gitlens.views.repositories,gitlens.views.commits,gitlens.views.branches,gitlens.views.stashes in workbench.view.scm
2024-06-10 09:44:02.862 [info] Added views:workbench.panel.repl.view in workbench.panel.repl
2024-06-10 09:44:05.015 [info] Added views:npm in workbench.view.explorer
2024-06-10 09:44:07.965 [info] Added views:~remote.forwardedPorts in ~remote.forwardedPortsContainer
2024-06-10 09:44:10.102 [info] Added views:gitlens.views.drafts in workbench.view.extension.gitlens
2024-06-10 09:44:10.494 [info] Added views:gitlens.views.graph,gitlens.views.graphDetails in workbench.view.extension.gitlensPanel
2024-06-10 09:44:10.500 [info] Added views:gitlens.views.timeline in workbench.view.extension.gitlensInspect
2024-06-10 09:44:10.505 [info] Added views:gitlens.views.worktrees in workbench.view.scm
2024-06-10 09:44:13.443 [info] Added views:workbench.panel.comments in workbench.panel.comments
