2024-04-24 09:07:58.541 [info] Extension host with pid 49735 started
2024-04-24 09:07:58.541 [info] Skipping acquiring lock for /home/figarillo/.config/VSCodium/User/workspaceStorage/6296409a6764a3226eb5d14242268fcb.
2024-04-24 09:07:58.740 [info] ExtensionService#_doActivateExtension vscode.git-base, startup: true, activationEvent: '*', root cause: vscode.git
2024-04-24 09:07:58.752 [info] ExtensionService#_doActivateExtension natqe.reload, startup: true, activationEvent: '*'
2024-04-24 09:07:58.760 [info] ExtensionService#_doActivateExtension oderwat.indent-rainbow, startup: true, activationEvent: '*'
2024-04-24 09:07:58.864 [info] ExtensionService#_doActivateExtension vscode.git, startup: true, activationEvent: '*'
2024-04-24 09:07:58.950 [info] ExtensionService#_doActivateExtension vscode.github, startup: true, activationEvent: '*'
2024-04-24 09:07:59.127 [info] Eager extensions activated
2024-04-24 09:07:59.220 [info] ExtensionService#_doActivateExtension vscode.debug-auto-launch, startup: false, activationEvent: 'onStartupFinished'
2024-04-24 09:07:59.236 [info] ExtensionService#_doActivateExtension vscode.merge-conflict, startup: false, activationEvent: 'onStartupFinished'
2024-04-24 09:07:59.258 [info] ExtensionService#_doActivateExtension Codeium.codeium, startup: false, activationEvent: 'onStartupFinished'
2024-04-24 09:07:59.892 [info] ExtensionService#_doActivateExtension dbaeumer.vscode-eslint, startup: false, activationEvent: 'onStartupFinished'
2024-04-24 09:07:59.961 [info] ExtensionService#_doActivateExtension dsznajder.es7-react-js-snippets, startup: false, activationEvent: 'onStartupFinished'
2024-04-24 09:08:01.064 [info] ExtensionService#_doActivateExtension eamodio.gitlens, startup: false, activationEvent: 'onStartupFinished'
2024-04-24 09:08:01.244 [info] ExtensionService#_doActivateExtension equinusocio.vsc-material-theme-icons, startup: false, activationEvent: 'onStartupFinished'
2024-04-24 09:08:01.536 [info] ExtensionService#_doActivateExtension esbenp.prettier-vscode, startup: false, activationEvent: 'onStartupFinished'
2024-04-24 09:08:01.759 [info] ExtensionService#_doActivateExtension naumovs.color-highlight, startup: false, activationEvent: 'onStartupFinished'
2024-04-24 09:08:01.780 [info] ExtensionService#_doActivateExtension usernamehw.errorlens, startup: false, activationEvent: 'onStartupFinished'
2024-04-24 09:08:01.820 [info] ExtensionService#_doActivateExtension vscodevim.vim, startup: false, activationEvent: 'onStartupFinished'
2024-04-24 09:08:02.110 [info] ExtensionService#_doActivateExtension zhuangtongfa.material-theme, startup: false, activationEvent: 'onStartupFinished'
2024-04-24 09:08:03.963 [info] ExtensionService#_doActivateExtension golang.go, startup: false, activationEvent: 'onLanguage:go.mod'
2024-04-24 09:08:04.111 [info] ExtensionService#_doActivateExtension vscode.emmet, startup: false, activationEvent: 'onLanguage'
2024-04-24 09:08:05.024 [info] ExtensionService#_doActivateExtension vscode.github-authentication, startup: false, activationEvent: 'onAuthenticationRequest:github'
2024-04-24 09:08:06.488 [error] [golang.go] provider FAILED
2024-04-24 09:08:06.499 [error] Error: /home/figarillo/Documents/Ingenieria/5to año/Testing/project/sacachispa-soft/backend/go.mod:5: unknown directive: <<<<<<<
/home/figarillo/Documents/Ingenieria/5to año/Testing/project/sacachispa-soft/backend/go.mod:35: unknown directive: =======
/home/figarillo/Documents/Ingenieria/5to año/Testing/project/sacachispa-soft/backend/go.mod:37: unknown directive: >>>>>>>
	at handleResponse (/home/figarillo/.vscode-oss/extensions/golang.go-0.41.2/dist/goMain.js:8606:40)
	at handleMessage (/home/figarillo/.vscode-oss/extensions/golang.go-0.41.2/dist/goMain.js:8416:11)
	at processMessageQueue (/home/figarillo/.vscode-oss/extensions/golang.go-0.41.2/dist/goMain.js:8431:13)
	at Immediate.<anonymous> (/home/figarillo/.vscode-oss/extensions/golang.go-0.41.2/dist/goMain.js:8407:11)
	at process.processImmediate (node:internal/timers:476:21)
2024-04-24 09:08:06.514 [error] [golang.go] provider FAILED
2024-04-24 09:08:06.514 [error] Error: semantictokens are disabled
	at handleResponse (/home/figarillo/.vscode-oss/extensions/golang.go-0.41.2/dist/goMain.js:8606:40)
	at handleMessage (/home/figarillo/.vscode-oss/extensions/golang.go-0.41.2/dist/goMain.js:8416:11)
	at processMessageQueue (/home/figarillo/.vscode-oss/extensions/golang.go-0.41.2/dist/goMain.js:8431:13)
	at Immediate.<anonymous> (/home/figarillo/.vscode-oss/extensions/golang.go-0.41.2/dist/goMain.js:8407:11)
	at process.processImmediate (node:internal/timers:476:21)
2024-04-24 09:08:06.618 [error] [golang.go] provider FAILED
2024-04-24 09:08:06.618 [error] Error: semantictokens are disabled
	at handleResponse (/home/figarillo/.vscode-oss/extensions/golang.go-0.41.2/dist/goMain.js:8606:40)
	at handleMessage (/home/figarillo/.vscode-oss/extensions/golang.go-0.41.2/dist/goMain.js:8416:11)
	at processMessageQueue (/home/figarillo/.vscode-oss/extensions/golang.go-0.41.2/dist/goMain.js:8431:13)
	at Immediate.<anonymous> (/home/figarillo/.vscode-oss/extensions/golang.go-0.41.2/dist/goMain.js:8407:11)
	at process.processImmediate (node:internal/timers:476:21)
2024-04-24 09:08:07.513 [error] [golang.go] provider FAILED
2024-04-24 09:08:07.513 [error] Error: getting modfile handle: /home/figarillo/Documents/Ingenieria/5to año/Testing/project/sacachispa-soft/backend/go.mod:5: unknown directive: <<<<<<<
/home/figarillo/Documents/Ingenieria/5to año/Testing/project/sacachispa-soft/backend/go.mod:35: unknown directive: =======
/home/figarillo/Documents/Ingenieria/5to año/Testing/project/sacachispa-soft/backend/go.mod:37: unknown directive: >>>>>>>
	at handleResponse (/home/figarillo/.vscode-oss/extensions/golang.go-0.41.2/dist/goMain.js:8606:40)
	at handleMessage (/home/figarillo/.vscode-oss/extensions/golang.go-0.41.2/dist/goMain.js:8416:11)
	at processMessageQueue (/home/figarillo/.vscode-oss/extensions/golang.go-0.41.2/dist/goMain.js:8431:13)
	at Immediate.<anonymous> (/home/figarillo/.vscode-oss/extensions/golang.go-0.41.2/dist/goMain.js:8407:11)
	at process.processImmediate (node:internal/timers:476:21)
2024-04-24 09:08:08.311 [error] [golang.go] provider FAILED
2024-04-24 09:08:08.312 [error] Error: /home/figarillo/Documents/Ingenieria/5to año/Testing/project/sacachispa-soft/backend/go.mod:5: unknown directive: <<<<<<<
/home/figarillo/Documents/Ingenieria/5to año/Testing/project/sacachispa-soft/backend/go.mod:35: unknown directive: =======
/home/figarillo/Documents/Ingenieria/5to año/Testing/project/sacachispa-soft/backend/go.mod:37: unknown directive: >>>>>>>
	at handleResponse (/home/figarillo/.vscode-oss/extensions/golang.go-0.41.2/dist/goMain.js:8606:40)
	at handleMessage (/home/figarillo/.vscode-oss/extensions/golang.go-0.41.2/dist/goMain.js:8416:11)
	at processMessageQueue (/home/figarillo/.vscode-oss/extensions/golang.go-0.41.2/dist/goMain.js:8431:13)
	at Immediate.<anonymous> (/home/figarillo/.vscode-oss/extensions/golang.go-0.41.2/dist/goMain.js:8407:11)
	at process.processImmediate (node:internal/timers:476:21)
2024-04-24 09:08:08.395 [error] [golang.go] provider FAILED
2024-04-24 09:08:08.396 [error] Error: semantictokens are disabled
	at handleResponse (/home/figarillo/.vscode-oss/extensions/golang.go-0.41.2/dist/goMain.js:8606:40)
	at handleMessage (/home/figarillo/.vscode-oss/extensions/golang.go-0.41.2/dist/goMain.js:8416:11)
	at processMessageQueue (/home/figarillo/.vscode-oss/extensions/golang.go-0.41.2/dist/goMain.js:8431:13)
	at Immediate.<anonymous> (/home/figarillo/.vscode-oss/extensions/golang.go-0.41.2/dist/goMain.js:8407:11)
	at process.processImmediate (node:internal/timers:476:21)
2024-04-24 09:08:08.956 [error] [golang.go] provider FAILED
2024-04-24 09:08:08.956 [error] Error: /home/figarillo/Documents/Ingenieria/5to año/Testing/project/sacachispa-soft/backend/go.mod:5: unknown directive: <<<<<<<
/home/figarillo/Documents/Ingenieria/5to año/Testing/project/sacachispa-soft/backend/go.mod:35: unknown directive: =======
/home/figarillo/Documents/Ingenieria/5to año/Testing/project/sacachispa-soft/backend/go.mod:37: unknown directive: >>>>>>>
	at handleResponse (/home/figarillo/.vscode-oss/extensions/golang.go-0.41.2/dist/goMain.js:8606:40)
	at handleMessage (/home/figarillo/.vscode-oss/extensions/golang.go-0.41.2/dist/goMain.js:8416:11)
	at processMessageQueue (/home/figarillo/.vscode-oss/extensions/golang.go-0.41.2/dist/goMain.js:8431:13)
	at Immediate.<anonymous> (/home/figarillo/.vscode-oss/extensions/golang.go-0.41.2/dist/goMain.js:8407:11)
	at process.processImmediate (node:internal/timers:476:21)
2024-04-24 09:08:09.098 [error] [golang.go] provider FAILED
2024-04-24 09:08:09.098 [error] Error: semantictokens are disabled
	at handleResponse (/home/figarillo/.vscode-oss/extensions/golang.go-0.41.2/dist/goMain.js:8606:40)
	at handleMessage (/home/figarillo/.vscode-oss/extensions/golang.go-0.41.2/dist/goMain.js:8416:11)
	at processMessageQueue (/home/figarillo/.vscode-oss/extensions/golang.go-0.41.2/dist/goMain.js:8431:13)
	at Immediate.<anonymous> (/home/figarillo/.vscode-oss/extensions/golang.go-0.41.2/dist/goMain.js:8407:11)
	at process.processImmediate (node:internal/timers:476:21)
2024-04-24 09:08:09.238 [error] [golang.go] provider FAILED
2024-04-24 09:08:09.238 [error] Error: /home/figarillo/Documents/Ingenieria/5to año/Testing/project/sacachispa-soft/backend/go.mod:5: unknown directive: <<<<<<<
/home/figarillo/Documents/Ingenieria/5to año/Testing/project/sacachispa-soft/backend/go.mod:35: unknown directive: =======
/home/figarillo/Documents/Ingenieria/5to año/Testing/project/sacachispa-soft/backend/go.mod:37: unknown directive: >>>>>>>
	at handleResponse (/home/figarillo/.vscode-oss/extensions/golang.go-0.41.2/dist/goMain.js:8606:40)
	at handleMessage (/home/figarillo/.vscode-oss/extensions/golang.go-0.41.2/dist/goMain.js:8416:11)
	at processMessageQueue (/home/figarillo/.vscode-oss/extensions/golang.go-0.41.2/dist/goMain.js:8431:13)
	at Immediate.<anonymous> (/home/figarillo/.vscode-oss/extensions/golang.go-0.41.2/dist/goMain.js:8407:11)
	at process.processImmediate (node:internal/timers:476:21)
2024-04-24 09:08:09.311 [error] [golang.go] provider FAILED
2024-04-24 09:08:09.311 [error] Error: /home/figarillo/Documents/Ingenieria/5to año/Testing/project/sacachispa-soft/backend/go.mod:5: unknown directive: <<<<<<<
/home/figarillo/Documents/Ingenieria/5to año/Testing/project/sacachispa-soft/backend/go.mod:35: unknown directive: =======
/home/figarillo/Documents/Ingenieria/5to año/Testing/project/sacachispa-soft/backend/go.mod:37: unknown directive: >>>>>>>
	at handleResponse (/home/figarillo/.vscode-oss/extensions/golang.go-0.41.2/dist/goMain.js:8606:40)
	at handleMessage (/home/figarillo/.vscode-oss/extensions/golang.go-0.41.2/dist/goMain.js:8416:11)
	at processMessageQueue (/home/figarillo/.vscode-oss/extensions/golang.go-0.41.2/dist/goMain.js:8431:13)
	at Immediate.<anonymous> (/home/figarillo/.vscode-oss/extensions/golang.go-0.41.2/dist/goMain.js:8407:11)
	at process.processImmediate (node:internal/timers:476:21)
2024-04-24 09:08:09.417 [error] [golang.go] provider FAILED
2024-04-24 09:08:09.417 [error] Error: semantictokens are disabled
	at handleResponse (/home/figarillo/.vscode-oss/extensions/golang.go-0.41.2/dist/goMain.js:8606:40)
	at handleMessage (/home/figarillo/.vscode-oss/extensions/golang.go-0.41.2/dist/goMain.js:8416:11)
	at processMessageQueue (/home/figarillo/.vscode-oss/extensions/golang.go-0.41.2/dist/goMain.js:8431:13)
	at Immediate.<anonymous> (/home/figarillo/.vscode-oss/extensions/golang.go-0.41.2/dist/goMain.js:8407:11)
	at process.processImmediate (node:internal/timers:476:21)
2024-04-24 09:08:12.243 [error] [golang.go] provider FAILED
2024-04-24 09:08:12.244 [error] Error: getting modfile handle: /home/figarillo/Documents/Ingenieria/5to año/Testing/project/sacachispa-soft/backend/go.mod:5: unknown directive: <<<<<<<
/home/figarillo/Documents/Ingenieria/5to año/Testing/project/sacachispa-soft/backend/go.mod:35: unknown directive: =======
/home/figarillo/Documents/Ingenieria/5to año/Testing/project/sacachispa-soft/backend/go.mod:37: unknown directive: >>>>>>>
	at handleResponse (/home/figarillo/.vscode-oss/extensions/golang.go-0.41.2/dist/goMain.js:8606:40)
	at handleMessage (/home/figarillo/.vscode-oss/extensions/golang.go-0.41.2/dist/goMain.js:8416:11)
	at processMessageQueue (/home/figarillo/.vscode-oss/extensions/golang.go-0.41.2/dist/goMain.js:8431:13)
	at Immediate.<anonymous> (/home/figarillo/.vscode-oss/extensions/golang.go-0.41.2/dist/goMain.js:8407:11)
	at process.processImmediate (node:internal/timers:476:21)
2024-04-24 09:08:19.592 [error] [golang.go] provider FAILED
2024-04-24 09:08:19.592 [error] Error: /home/figarillo/Documents/Ingenieria/5to año/Testing/project/sacachispa-soft/backend/go.mod:5: unknown directive: <<<<<<<
/home/figarillo/Documents/Ingenieria/5to año/Testing/project/sacachispa-soft/backend/go.mod:35: unknown directive: =======
/home/figarillo/Documents/Ingenieria/5to año/Testing/project/sacachispa-soft/backend/go.mod:37: unknown directive: >>>>>>>
	at handleResponse (/home/figarillo/.vscode-oss/extensions/golang.go-0.41.2/dist/goMain.js:8606:40)
	at handleMessage (/home/figarillo/.vscode-oss/extensions/golang.go-0.41.2/dist/goMain.js:8416:11)
	at processMessageQueue (/home/figarillo/.vscode-oss/extensions/golang.go-0.41.2/dist/goMain.js:8431:13)
	at Immediate.<anonymous> (/home/figarillo/.vscode-oss/extensions/golang.go-0.41.2/dist/goMain.js:8407:11)
	at process.processImmediate (node:internal/timers:476:21)
2024-04-24 09:08:19.608 [error] [golang.go] provider FAILED
2024-04-24 09:08:19.609 [error] Error: semantictokens are disabled
	at handleResponse (/home/figarillo/.vscode-oss/extensions/golang.go-0.41.2/dist/goMain.js:8606:40)
	at handleMessage (/home/figarillo/.vscode-oss/extensions/golang.go-0.41.2/dist/goMain.js:8416:11)
	at processMessageQueue (/home/figarillo/.vscode-oss/extensions/golang.go-0.41.2/dist/goMain.js:8431:13)
	at Immediate.<anonymous> (/home/figarillo/.vscode-oss/extensions/golang.go-0.41.2/dist/goMain.js:8407:11)
	at process.processImmediate (node:internal/timers:476:21)
2024-04-24 09:08:19.661 [error] [golang.go] provider FAILED
2024-04-24 09:08:19.661 [error] Error: /home/figarillo/Documents/Ingenieria/5to año/Testing/project/sacachispa-soft/backend/go.mod:5: unknown directive: <<<<<<<
/home/figarillo/Documents/Ingenieria/5to año/Testing/project/sacachispa-soft/backend/go.mod:35: unknown directive: =======
/home/figarillo/Documents/Ingenieria/5to año/Testing/project/sacachispa-soft/backend/go.mod:37: unknown directive: >>>>>>>
	at handleResponse (/home/figarillo/.vscode-oss/extensions/golang.go-0.41.2/dist/goMain.js:8606:40)
	at handleMessage (/home/figarillo/.vscode-oss/extensions/golang.go-0.41.2/dist/goMain.js:8416:11)
	at processMessageQueue (/home/figarillo/.vscode-oss/extensions/golang.go-0.41.2/dist/goMain.js:8431:13)
	at Immediate.<anonymous> (/home/figarillo/.vscode-oss/extensions/golang.go-0.41.2/dist/goMain.js:8407:11)
	at process.processImmediate (node:internal/timers:476:21)
2024-04-24 09:08:19.796 [error] [golang.go] provider FAILED
2024-04-24 09:08:19.797 [error] Error: semantictokens are disabled
	at handleResponse (/home/figarillo/.vscode-oss/extensions/golang.go-0.41.2/dist/goMain.js:8606:40)
	at handleMessage (/home/figarillo/.vscode-oss/extensions/golang.go-0.41.2/dist/goMain.js:8416:11)
	at processMessageQueue (/home/figarillo/.vscode-oss/extensions/golang.go-0.41.2/dist/goMain.js:8431:13)
	at Immediate.<anonymous> (/home/figarillo/.vscode-oss/extensions/golang.go-0.41.2/dist/goMain.js:8407:11)
	at process.processImmediate (node:internal/timers:476:21)
2024-04-24 09:08:22.396 [error] [golang.go] provider FAILED
2024-04-24 09:08:22.396 [error] Error: /home/figarillo/Documents/Ingenieria/5to año/Testing/project/sacachispa-soft/backend/go.mod:5: unknown directive: <<<<<<<
/home/figarillo/Documents/Ingenieria/5to año/Testing/project/sacachispa-soft/backend/go.mod:35: unknown directive: =======
/home/figarillo/Documents/Ingenieria/5to año/Testing/project/sacachispa-soft/backend/go.mod:37: unknown directive: >>>>>>>
	at handleResponse (/home/figarillo/.vscode-oss/extensions/golang.go-0.41.2/dist/goMain.js:8606:40)
	at handleMessage (/home/figarillo/.vscode-oss/extensions/golang.go-0.41.2/dist/goMain.js:8416:11)
	at processMessageQueue (/home/figarillo/.vscode-oss/extensions/golang.go-0.41.2/dist/goMain.js:8431:13)
	at Immediate.<anonymous> (/home/figarillo/.vscode-oss/extensions/golang.go-0.41.2/dist/goMain.js:8407:11)
	at process.processImmediate (node:internal/timers:476:21)
2024-04-24 09:08:22.503 [error] [golang.go] provider FAILED
2024-04-24 09:08:22.503 [error] Error: semantictokens are disabled
	at handleResponse (/home/figarillo/.vscode-oss/extensions/golang.go-0.41.2/dist/goMain.js:8606:40)
	at handleMessage (/home/figarillo/.vscode-oss/extensions/golang.go-0.41.2/dist/goMain.js:8416:11)
	at processMessageQueue (/home/figarillo/.vscode-oss/extensions/golang.go-0.41.2/dist/goMain.js:8431:13)
	at Immediate.<anonymous> (/home/figarillo/.vscode-oss/extensions/golang.go-0.41.2/dist/goMain.js:8407:11)
	at process.processImmediate (node:internal/timers:476:21)
2024-04-24 09:08:22.765 [error] [golang.go] provider FAILED
2024-04-24 09:08:22.765 [error] Error: getting modfile handle: /home/figarillo/Documents/Ingenieria/5to año/Testing/project/sacachispa-soft/backend/go.mod:5: unknown directive: <<<<<<<
/home/figarillo/Documents/Ingenieria/5to año/Testing/project/sacachispa-soft/backend/go.mod:35: unknown directive: =======
/home/figarillo/Documents/Ingenieria/5to año/Testing/project/sacachispa-soft/backend/go.mod:37: unknown directive: >>>>>>>
	at handleResponse (/home/figarillo/.vscode-oss/extensions/golang.go-0.41.2/dist/goMain.js:8606:40)
	at handleMessage (/home/figarillo/.vscode-oss/extensions/golang.go-0.41.2/dist/goMain.js:8416:11)
	at processMessageQueue (/home/figarillo/.vscode-oss/extensions/golang.go-0.41.2/dist/goMain.js:8431:13)
	at Immediate.<anonymous> (/home/figarillo/.vscode-oss/extensions/golang.go-0.41.2/dist/goMain.js:8407:11)
	at process.processImmediate (node:internal/timers:476:21)
2024-04-24 09:08:24.941 [error] [golang.go] provider FAILED
2024-04-24 09:08:24.942 [error] Error: semantictokens are disabled
	at handleResponse (/home/figarillo/.vscode-oss/extensions/golang.go-0.41.2/dist/goMain.js:8606:40)
	at handleMessage (/home/figarillo/.vscode-oss/extensions/golang.go-0.41.2/dist/goMain.js:8416:11)
	at processMessageQueue (/home/figarillo/.vscode-oss/extensions/golang.go-0.41.2/dist/goMain.js:8431:13)
	at Immediate.<anonymous> (/home/figarillo/.vscode-oss/extensions/golang.go-0.41.2/dist/goMain.js:8407:11)
	at process.processImmediate (node:internal/timers:476:21)
2024-04-24 09:08:25.179 [error] [golang.go] provider FAILED
2024-04-24 09:08:25.181 [error] Error: semantictokens are disabled
	at handleResponse (/home/figarillo/.vscode-oss/extensions/golang.go-0.41.2/dist/goMain.js:8606:40)
	at handleMessage (/home/figarillo/.vscode-oss/extensions/golang.go-0.41.2/dist/goMain.js:8416:11)
	at processMessageQueue (/home/figarillo/.vscode-oss/extensions/golang.go-0.41.2/dist/goMain.js:8431:13)
	at Immediate.<anonymous> (/home/figarillo/.vscode-oss/extensions/golang.go-0.41.2/dist/goMain.js:8407:11)
	at process.processImmediate (node:internal/timers:476:21)
2024-04-24 09:08:25.347 [error] [golang.go] provider FAILED
2024-04-24 09:08:25.348 [error] Error: semantictokens are disabled
	at handleResponse (/home/figarillo/.vscode-oss/extensions/golang.go-0.41.2/dist/goMain.js:8606:40)
	at handleMessage (/home/figarillo/.vscode-oss/extensions/golang.go-0.41.2/dist/goMain.js:8416:11)
	at processMessageQueue (/home/figarillo/.vscode-oss/extensions/golang.go-0.41.2/dist/goMain.js:8431:13)
	at Immediate.<anonymous> (/home/figarillo/.vscode-oss/extensions/golang.go-0.41.2/dist/goMain.js:8407:11)
	at process.processImmediate (node:internal/timers:476:21)
2024-04-24 09:08:33.425 [warning] TextEditor is closed/disposed
2024-04-24 09:08:33.926 [warning] Illegal argument: TextEditor(vs.editor.ICodeEditor:1,$model1)
2024-04-24 09:08:33.928 [warning] Illegal argument: TextEditor(vs.editor.ICodeEditor:1,$model1)
2024-04-24 09:08:35.316 [error] [golang.go] provider FAILED
2024-04-24 09:08:35.316 [error] Error: semantictokens are disabled
	at handleResponse (/home/figarillo/.vscode-oss/extensions/golang.go-0.41.2/dist/goMain.js:8606:40)
	at handleMessage (/home/figarillo/.vscode-oss/extensions/golang.go-0.41.2/dist/goMain.js:8416:11)
	at processMessageQueue (/home/figarillo/.vscode-oss/extensions/golang.go-0.41.2/dist/goMain.js:8431:13)
	at Immediate.<anonymous> (/home/figarillo/.vscode-oss/extensions/golang.go-0.41.2/dist/goMain.js:8407:11)
	at process.processImmediate (node:internal/timers:476:21)
2024-04-24 09:08:35.790 [error] [golang.go] provider FAILED
2024-04-24 09:08:35.790 [error] Error: semantictokens are disabled
	at handleResponse (/home/figarillo/.vscode-oss/extensions/golang.go-0.41.2/dist/goMain.js:8606:40)
	at handleMessage (/home/figarillo/.vscode-oss/extensions/golang.go-0.41.2/dist/goMain.js:8416:11)
	at processMessageQueue (/home/figarillo/.vscode-oss/extensions/golang.go-0.41.2/dist/goMain.js:8431:13)
	at Immediate.<anonymous> (/home/figarillo/.vscode-oss/extensions/golang.go-0.41.2/dist/goMain.js:8407:11)
	at process.processImmediate (node:internal/timers:476:21)
2024-04-24 09:08:36.319 [error] [golang.go] provider FAILED
2024-04-24 09:08:36.319 [error] Error: semantictokens are disabled
	at handleResponse (/home/figarillo/.vscode-oss/extensions/golang.go-0.41.2/dist/goMain.js:8606:40)
	at handleMessage (/home/figarillo/.vscode-oss/extensions/golang.go-0.41.2/dist/goMain.js:8416:11)
	at processMessageQueue (/home/figarillo/.vscode-oss/extensions/golang.go-0.41.2/dist/goMain.js:8431:13)
	at Immediate.<anonymous> (/home/figarillo/.vscode-oss/extensions/golang.go-0.41.2/dist/goMain.js:8407:11)
	at process.processImmediate (node:internal/timers:476:21)
2024-04-24 09:08:40.544 [error] [golang.go] provider FAILED
2024-04-24 09:08:40.545 [error] Error: semantictokens are disabled
	at handleResponse (/home/figarillo/.vscode-oss/extensions/golang.go-0.41.2/dist/goMain.js:8606:40)
	at handleMessage (/home/figarillo/.vscode-oss/extensions/golang.go-0.41.2/dist/goMain.js:8416:11)
	at processMessageQueue (/home/figarillo/.vscode-oss/extensions/golang.go-0.41.2/dist/goMain.js:8431:13)
	at Immediate.<anonymous> (/home/figarillo/.vscode-oss/extensions/golang.go-0.41.2/dist/goMain.js:8407:11)
	at process.processImmediate (node:internal/timers:476:21)
2024-04-24 09:08:40.831 [error] [golang.go] provider FAILED
2024-04-24 09:08:40.831 [error] Error: semantictokens are disabled
	at handleResponse (/home/figarillo/.vscode-oss/extensions/golang.go-0.41.2/dist/goMain.js:8606:40)
	at handleMessage (/home/figarillo/.vscode-oss/extensions/golang.go-0.41.2/dist/goMain.js:8416:11)
	at processMessageQueue (/home/figarillo/.vscode-oss/extensions/golang.go-0.41.2/dist/goMain.js:8431:13)
	at Immediate.<anonymous> (/home/figarillo/.vscode-oss/extensions/golang.go-0.41.2/dist/goMain.js:8407:11)
	at process.processImmediate (node:internal/timers:476:21)
2024-04-24 09:08:45.915 [info] Extension host terminating: renderer closed the MessagePort
2024-04-24 09:08:46.348 [warning] Canceled
2024-04-24 09:08:46.358 [error] Canceled: Canceled
	at new L (/opt/vscodium-bin/resources/app/out/vs/workbench/api/node/extensionHostProcess.js:142:50445)
	at l._remoteCall (/opt/vscodium-bin/resources/app/out/vs/workbench/api/node/extensionHostProcess.js:149:7674)
	at x.<computed>.F.charCodeAt.x.<computed> (/opt/vscodium-bin/resources/app/out/vs/workbench/api/node/extensionHostProcess.js:149:4229)
	at h._doExecuteCommand (/opt/vscodium-bin/resources/app/out/vs/workbench/api/node/extensionHostProcess.js:152:221410)
	at h.executeCommand (/opt/vscodium-bin/resources/app/out/vs/workbench/api/node/extensionHostProcess.js:152:220735)
	at _.registerCommand.description (/opt/vscodium-bin/resources/app/out/vs/workbench/api/node/extensionHostProcess.js:152:219979)
	at h._executeContributedCommand (/opt/vscodium-bin/resources/app/out/vs/workbench/api/node/extensionHostProcess.js:152:222048)
	at h._doExecuteCommand (/opt/vscodium-bin/resources/app/out/vs/workbench/api/node/extensionHostProcess.js:152:220868)
	at h.executeCommand (/opt/vscodium-bin/resources/app/out/vs/workbench/api/node/extensionHostProcess.js:152:220735)
	at Object.executeCommand (/opt/vscodium-bin/resources/app/out/vs/workbench/api/node/extensionHostProcess.js:162:29409)
	at w (/home/figarillo/.vscode-oss/extensions/eamodio.gitlens-14.9.0/dist/gitlens.js:1081:41198)
	at h (/home/figarillo/.vscode-oss/extensions/eamodio.gitlens-14.9.0/dist/gitlens.js:1081:46237)
	at ActionRunners._updateContextKeys (/home/figarillo/.vscode-oss/extensions/eamodio.gitlens-14.9.0/dist/gitlens.js:663:18411)
	at s (/home/figarillo/.vscode-oss/extensions/eamodio.gitlens-14.9.0/dist/gitlens.js:663:16855)
	at RegisteredActionRunner.unregister (/home/figarillo/.vscode-oss/extensions/eamodio.gitlens-14.9.0/dist/gitlens.js:663:16998)
	at RegisteredActionRunner.dispose (/home/figarillo/.vscode-oss/extensions/eamodio.gitlens-14.9.0/dist/gitlens.js:663:15651)
	at ActionRunners.dispose (/home/figarillo/.vscode-oss/extensions/eamodio.gitlens-14.9.0/dist/gitlens.js:663:16438)
	at /home/figarillo/.vscode-oss/extensions/eamodio.gitlens-14.9.0/dist/gitlens.js:1041:19519
	at Array.forEach (<anonymous>)
	at Object.dispose (/home/figarillo/.vscode-oss/extensions/eamodio.gitlens-14.9.0/dist/gitlens.js:1041:19501)
	at o (/opt/vscodium-bin/resources/app/out/vs/workbench/api/node/extensionHostProcess.js:30:728)
	at m._deactivate (/opt/vscodium-bin/resources/app/out/vs/workbench/api/node/extensionHostProcess.js:158:12980)
	at /opt/vscodium-bin/resources/app/out/vs/workbench/api/node/extensionHostProcess.js:158:10099
	at Array.map (<anonymous>)
	at m._deactivateAll (/opt/vscodium-bin/resources/app/out/vs/workbench/api/node/extensionHostProcess.js:158:10086)
	at m.terminate (/opt/vscodium-bin/resources/app/out/vs/workbench/api/node/extensionHostProcess.js:158:10470)
	at o.terminate (/opt/vscodium-bin/resources/app/out/vs/workbench/api/node/extensionHostProcess.js:162:1908)
	at t (/opt/vscodium-bin/resources/app/out/vs/workbench/api/node/extensionHostProcess.js:175:11622)
	at MessagePortMain.<anonymous> (/opt/vscodium-bin/resources/app/out/vs/workbench/api/node/extensionHostProcess.js:175:7697)
	at MessagePortMain.emit (node:events:517:28)
	at MessagePortMain.emit (node:domain:489:12)
	at MessagePortMain._internalPort.emit (node:electron/js2c/utility_init:2:2285) setContext undefined
2024-04-24 09:08:46.360 [error] Canceled: Canceled
	at new L (/opt/vscodium-bin/resources/app/out/vs/workbench/api/node/extensionHostProcess.js:142:50445)
	at l._remoteCall (/opt/vscodium-bin/resources/app/out/vs/workbench/api/node/extensionHostProcess.js:149:7674)
	at x.<computed>.F.charCodeAt.x.<computed> (/opt/vscodium-bin/resources/app/out/vs/workbench/api/node/extensionHostProcess.js:149:4229)
	at h._doExecuteCommand (/opt/vscodium-bin/resources/app/out/vs/workbench/api/node/extensionHostProcess.js:152:221410)
	at h.executeCommand (/opt/vscodium-bin/resources/app/out/vs/workbench/api/node/extensionHostProcess.js:152:220735)
	at _.registerCommand.description (/opt/vscodium-bin/resources/app/out/vs/workbench/api/node/extensionHostProcess.js:152:219979)
	at h._executeContributedCommand (/opt/vscodium-bin/resources/app/out/vs/workbench/api/node/extensionHostProcess.js:152:222048)
	at h._doExecuteCommand (/opt/vscodium-bin/resources/app/out/vs/workbench/api/node/extensionHostProcess.js:152:220868)
	at h.executeCommand (/opt/vscodium-bin/resources/app/out/vs/workbench/api/node/extensionHostProcess.js:152:220735)
	at Object.executeCommand (/opt/vscodium-bin/resources/app/out/vs/workbench/api/node/extensionHostProcess.js:162:29409)
	at w (/home/figarillo/.vscode-oss/extensions/eamodio.gitlens-14.9.0/dist/gitlens.js:1081:41198)
	at h (/home/figarillo/.vscode-oss/extensions/eamodio.gitlens-14.9.0/dist/gitlens.js:1081:46237)
	at ActionRunners._updateContextKeys (/home/figarillo/.vscode-oss/extensions/eamodio.gitlens-14.9.0/dist/gitlens.js:663:18411)
	at s (/home/figarillo/.vscode-oss/extensions/eamodio.gitlens-14.9.0/dist/gitlens.js:663:16855)
	at RegisteredActionRunner.unregister (/home/figarillo/.vscode-oss/extensions/eamodio.gitlens-14.9.0/dist/gitlens.js:663:16998)
	at RegisteredActionRunner.dispose (/home/figarillo/.vscode-oss/extensions/eamodio.gitlens-14.9.0/dist/gitlens.js:663:15651)
	at ActionRunners.dispose (/home/figarillo/.vscode-oss/extensions/eamodio.gitlens-14.9.0/dist/gitlens.js:663:16438)
	at /home/figarillo/.vscode-oss/extensions/eamodio.gitlens-14.9.0/dist/gitlens.js:1041:19519
	at Array.forEach (<anonymous>)
	at Object.dispose (/home/figarillo/.vscode-oss/extensions/eamodio.gitlens-14.9.0/dist/gitlens.js:1041:19501)
	at o (/opt/vscodium-bin/resources/app/out/vs/workbench/api/node/extensionHostProcess.js:30:728)
	at m._deactivate (/opt/vscodium-bin/resources/app/out/vs/workbench/api/node/extensionHostProcess.js:158:12980)
	at /opt/vscodium-bin/resources/app/out/vs/workbench/api/node/extensionHostProcess.js:158:10099
	at Array.map (<anonymous>)
	at m._deactivateAll (/opt/vscodium-bin/resources/app/out/vs/workbench/api/node/extensionHostProcess.js:158:10086)
	at m.terminate (/opt/vscodium-bin/resources/app/out/vs/workbench/api/node/extensionHostProcess.js:158:10470)
	at o.terminate (/opt/vscodium-bin/resources/app/out/vs/workbench/api/node/extensionHostProcess.js:162:1908)
	at t (/opt/vscodium-bin/resources/app/out/vs/workbench/api/node/extensionHostProcess.js:175:11622)
	at MessagePortMain.<anonymous> (/opt/vscodium-bin/resources/app/out/vs/workbench/api/node/extensionHostProcess.js:175:7697)
	at MessagePortMain.emit (node:events:517:28)
	at MessagePortMain.emit (node:domain:489:12)
	at MessagePortMain._internalPort.emit (node:electron/js2c/utility_init:2:2285) setContext undefined
2024-04-24 09:08:46.362 [error] Canceled: Canceled
	at new L (/opt/vscodium-bin/resources/app/out/vs/workbench/api/node/extensionHostProcess.js:142:50445)
	at l._remoteCall (/opt/vscodium-bin/resources/app/out/vs/workbench/api/node/extensionHostProcess.js:149:7674)
	at x.<computed>.F.charCodeAt.x.<computed> (/opt/vscodium-bin/resources/app/out/vs/workbench/api/node/extensionHostProcess.js:149:4229)
	at h._doExecuteCommand (/opt/vscodium-bin/resources/app/out/vs/workbench/api/node/extensionHostProcess.js:152:221410)
	at h.executeCommand (/opt/vscodium-bin/resources/app/out/vs/workbench/api/node/extensionHostProcess.js:152:220735)
	at _.registerCommand.description (/opt/vscodium-bin/resources/app/out/vs/workbench/api/node/extensionHostProcess.js:152:219979)
	at h._executeContributedCommand (/opt/vscodium-bin/resources/app/out/vs/workbench/api/node/extensionHostProcess.js:152:222048)
	at h._doExecuteCommand (/opt/vscodium-bin/resources/app/out/vs/workbench/api/node/extensionHostProcess.js:152:220868)
	at h.executeCommand (/opt/vscodium-bin/resources/app/out/vs/workbench/api/node/extensionHostProcess.js:152:220735)
	at Object.executeCommand (/opt/vscodium-bin/resources/app/out/vs/workbench/api/node/extensionHostProcess.js:162:29409)
	at w (/home/figarillo/.vscode-oss/extensions/eamodio.gitlens-14.9.0/dist/gitlens.js:1081:41198)
	at h (/home/figarillo/.vscode-oss/extensions/eamodio.gitlens-14.9.0/dist/gitlens.js:1081:46237)
	at ActionRunners._updateContextKeys (/home/figarillo/.vscode-oss/extensions/eamodio.gitlens-14.9.0/dist/gitlens.js:663:18411)
	at s (/home/figarillo/.vscode-oss/extensions/eamodio.gitlens-14.9.0/dist/gitlens.js:663:16855)
	at RegisteredActionRunner.unregister (/home/figarillo/.vscode-oss/extensions/eamodio.gitlens-14.9.0/dist/gitlens.js:663:16998)
	at RegisteredActionRunner.dispose (/home/figarillo/.vscode-oss/extensions/eamodio.gitlens-14.9.0/dist/gitlens.js:663:15651)
	at ActionRunners.dispose (/home/figarillo/.vscode-oss/extensions/eamodio.gitlens-14.9.0/dist/gitlens.js:663:16438)
	at /home/figarillo/.vscode-oss/extensions/eamodio.gitlens-14.9.0/dist/gitlens.js:1041:19519
	at Array.forEach (<anonymous>)
	at Object.dispose (/home/figarillo/.vscode-oss/extensions/eamodio.gitlens-14.9.0/dist/gitlens.js:1041:19501)
	at o (/opt/vscodium-bin/resources/app/out/vs/workbench/api/node/extensionHostProcess.js:30:728)
	at m._deactivate (/opt/vscodium-bin/resources/app/out/vs/workbench/api/node/extensionHostProcess.js:158:12980)
	at /opt/vscodium-bin/resources/app/out/vs/workbench/api/node/extensionHostProcess.js:158:10099
	at Array.map (<anonymous>)
	at m._deactivateAll (/opt/vscodium-bin/resources/app/out/vs/workbench/api/node/extensionHostProcess.js:158:10086)
	at m.terminate (/opt/vscodium-bin/resources/app/out/vs/workbench/api/node/extensionHostProcess.js:158:10470)
	at o.terminate (/opt/vscodium-bin/resources/app/out/vs/workbench/api/node/extensionHostProcess.js:162:1908)
	at t (/opt/vscodium-bin/resources/app/out/vs/workbench/api/node/extensionHostProcess.js:175:11622)
	at MessagePortMain.<anonymous> (/opt/vscodium-bin/resources/app/out/vs/workbench/api/node/extensionHostProcess.js:175:7697)
	at MessagePortMain.emit (node:events:517:28)
	at MessagePortMain.emit (node:domain:489:12)
	at MessagePortMain._internalPort.emit (node:electron/js2c/utility_init:2:2285) setContext undefined
2024-04-24 09:08:47.715 [error] Error: Pending response rejected since connection got disposed
	at Object.dispose (/home/figarillo/.vscode-oss/extensions/codeium.codeium-1.8.25/dist/extension.js:2:3314952)
	at Object.dispose (/home/figarillo/.vscode-oss/extensions/codeium.codeium-1.8.25/dist/extension.js:2:3369360)
	at I.handleConnectionClosed (/home/figarillo/.vscode-oss/extensions/codeium.codeium-1.8.25/dist/extension.js:2:3369766)
	at I.handleConnectionClosed (/home/figarillo/.vscode-oss/extensions/codeium.codeium-1.8.25/dist/extension.js:2:3526950)
	at /home/figarillo/.vscode-oss/extensions/codeium.codeium-1.8.25/dist/extension.js:2:3369509
	at o.invoke (/home/figarillo/.vscode-oss/extensions/codeium.codeium-1.8.25/dist/extension.js:2:3316665)
	at i.fire (/home/figarillo/.vscode-oss/extensions/codeium.codeium-1.8.25/dist/extension.js:2:3317430)
	at te (/home/figarillo/.vscode-oss/extensions/codeium.codeium-1.8.25/dist/extension.js:2:3303075)
	at o.invoke (/home/figarillo/.vscode-oss/extensions/codeium.codeium-1.8.25/dist/extension.js:2:3316665)
	at i.fire (/home/figarillo/.vscode-oss/extensions/codeium.codeium-1.8.25/dist/extension.js:2:3317430)
	at y.fireClose (/home/figarillo/.vscode-oss/extensions/codeium.codeium-1.8.25/dist/extension.js:2:3328888)
	at Socket.<anonymous> (/home/figarillo/.vscode-oss/extensions/codeium.codeium-1.8.25/dist/extension.js:2:3329618)
	at Socket.emit (node:events:529:35)
	at Socket.emit (node:domain:489:12)
	at TCP.<anonymous> (node:net:350:12)
2024-04-24 09:08:47.715 [error] Error: Client is not running and can't be stopped. It's current state is: starting
	at I.shutdown (/home/figarillo/.vscode-oss/extensions/codeium.codeium-1.8.25/dist/extension.js:2:3364680)
	at I.stop (/home/figarillo/.vscode-oss/extensions/codeium.codeium-1.8.25/dist/extension.js:2:3364261)
	at I.stop (/home/figarillo/.vscode-oss/extensions/codeium.codeium-1.8.25/dist/extension.js:2:3526549)
	at I.doInitialize (/home/figarillo/.vscode-oss/extensions/codeium.codeium-1.8.25/dist/extension.js:2:3364084)
	at async I.start (/home/figarillo/.vscode-oss/extensions/codeium.codeium-1.8.25/dist/extension.js:2:3360650)
2024-04-24 09:08:48.091 [error] Error: Stopping the server timed out
	at /home/figarillo/.vscode-oss/extensions/golang.go-0.41.2/dist/goMain.js:21905:19
	at async Promise.all (index 0)
	at async Promise.all (index 13)
	at async m._deactivateAll (/opt/vscodium-bin/resources/app/out/vs/workbench/api/node/extensionHostProcess.js:158:10123)
2024-04-24 09:08:48.092 [info] Extension host with pid 49735 exiting with code 0
