2024-04-24 09:08:08.829 [info] Getting Manifest... codeium.codeium
2024-04-24 09:08:08.855 [info] Getting Manifest... golang.go
2024-04-24 09:08:09.134 [info] Installing extension: codeium.codeium
2024-04-24 09:08:09.211 [info] Installing extension: golang.go
2024-04-24 09:08:14.265 [error] Could not load vsce-sign module Cannot find module '@vscode/vsce-sign'
Require stack:
- /opt/vscodium-bin/resources/app/out/bootstrap-amd.js
- /opt/vscodium-bin/resources/app/out/bootstrap-fork.js
2024-04-24 09:08:14.333 [info] Extension signature verification is not done: golang.go
2024-04-24 09:08:14.761 [info] Extracted extension to file:///home/figarillo/.vscode-oss/extensions/golang.go-0.41.3: golang.go
2024-04-24 09:08:14.833 [info] Renamed to /home/figarillo/.vscode-oss/extensions/golang.go-0.41.3
2024-04-24 09:08:14.846 [info] Extracting extension completed. golang.go
2024-04-24 09:08:16.489 [info] Extension installed successfully: golang.go
2024-04-24 09:08:16.574 [info] Marked extension as uninstalled golang.go-0.41.2
2024-04-24 09:08:16.842 [error] Could not load vsce-sign module Cannot find module '@vscode/vsce-sign'
Require stack:
- /opt/vscodium-bin/resources/app/out/bootstrap-amd.js
- /opt/vscodium-bin/resources/app/out/bootstrap-fork.js
2024-04-24 09:08:16.847 [info] Extension signature verification is not done: codeium.codeium
2024-04-24 09:08:17.452 [info] Extracted extension to file:///home/figarillo/.vscode-oss/extensions/codeium.codeium-1.8.28: codeium.codeium
2024-04-24 09:08:17.498 [info] Renamed to /home/figarillo/.vscode-oss/extensions/codeium.codeium-1.8.28
2024-04-24 09:08:17.509 [info] Extracting extension completed. codeium.codeium
2024-04-24 09:08:17.599 [info] Extension installed successfully: codeium.codeium
2024-04-24 09:08:17.628 [error] [uncaught exception in sharedProcess]: Error: ENOENT: no such file or directory, stat '/home/figarillo/.vscode-oss/extensions/extensions.json.vsctmp': EntryNotFound (FileSystemError): Error: ENOENT: no such file or directory, stat '/home/figarillo/.vscode-oss/extensions/extensions.json.vsctmp'
    at r.create (/opt/vscodium-bin/resources/app/out/vs/code/node/sharedProcess/sharedProcessMain.js:53:35301)
    at a (/opt/vscodium-bin/resources/app/out/vs/code/node/sharedProcess/sharedProcessMain.js:53:35436)
    at i.toFileSystemProviderError (/opt/vscodium-bin/resources/app/out/vs/code/node/sharedProcess/sharedProcessMain.js:58:48171)
    at i.stat (/opt/vscodium-bin/resources/app/out/vs/code/node/sharedProcess/sharedProcessMain.js:58:38766)
    at async S.stat (/opt/vscodium-bin/resources/app/out/vs/code/node/sharedProcess/sharedProcessMain.js:58:21270)
    at async G.onDidFilesChange (/opt/vscodium-bin/resources/app/out/vs/code/node/sharedProcess/sharedProcessMain.js:104:134142)
2024-04-24 09:08:17.632 [info] Marked extension as uninstalled codeium.codeium-1.8.25
