2024-04-21 22:41:12.162 [info] Added views:workbench.panel.markers.view in workbench.panel.markers
2024-04-21 22:41:12.162 [info] Added views:workbench.panel.output in workbench.panel.output
2024-04-21 22:41:12.162 [info] Added views:outline in workbench.view.explorer
2024-04-21 22:41:12.162 [info] Added views:workbench.scm in workbench.view.scm
2024-04-21 22:41:12.162 [info] Added views:workbench.view.search in workbench.view.search
2024-04-21 22:41:12.162 [info] Added views:terminal in workbench.views.service.panel.e0a7860d-70e7-46aa-849b-2a38009533f2
2024-04-21 22:41:12.162 [info] Added views:workbench.explorer.openEditorsView,workbench.explorer.emptyView in workbench.view.explorer
2024-04-21 22:41:12.880 [info] Added views:workbench.debug.variablesView,workbench.debug.watchExpressionsView,workbench.debug.callStackView,workbench.debug.breakPointsView in workbench.view.debug
2024-04-21 22:41:13.559 [info] Added views:codeium.chatPanelView,codeium.searchPanelView in workbench.view.extension.codeium
2024-04-21 22:41:13.563 [info] Added views:gitlens.views.home,gitlens.views.workspaces,gitlens.views.account in workbench.view.extension.gitlens
2024-04-21 22:41:13.568 [info] Added views:gitlens.views.commitDetails,gitlens.views.lineHistory,gitlens.views.fileHistory,gitlens.views.searchAndCompare in workbench.view.extension.gitlensInspect
2024-04-21 22:41:13.577 [info] Added views:gitlens.views.repositories,gitlens.views.commits,gitlens.views.branches,gitlens.views.stashes in workbench.view.scm
2024-04-21 22:41:14.686 [info] Added views:workbench.panel.repl.view in workbench.panel.repl
2024-04-21 22:41:14.690 [info] Removed views:workbench.debug.breakPointsView,workbench.debug.callStackView,workbench.debug.watchExpressionsView,workbench.debug.variablesView from workbench.view.debug
2024-04-21 22:41:14.691 [info] Added views:workbench.debug.welcome in workbench.view.debug
2024-04-21 22:41:15.899 [info] Added views:~remote.forwardedPorts in ~remote.forwardedPortsContainer
2024-04-21 22:41:18.728 [info] Removed views:gitlens.views.searchAndCompare,gitlens.views.fileHistory,gitlens.views.lineHistory,gitlens.views.commitDetails from workbench.view.extension.gitlensInspect
2024-04-21 22:41:18.728 [info] Removed views:gitlens.views.stashes,gitlens.views.branches,gitlens.views.commits,gitlens.views.repositories from workbench.view.scm
2024-04-21 22:41:18.902 [info] Added views:gitlens.views.drafts in workbench.view.extension.gitlens
2024-04-21 22:41:20.511 [info] Added views:workbench.panel.comments in workbench.panel.comments
