2024-06-10 09:43:35.809 [info] Log level: Info
2024-06-10 09:43:35.809 [info] Validating found git in: "git"
2024-06-10 09:43:35.809 [info] Using git "2.45.1" from "git"
2024-06-10 09:43:35.809 [info] > git rev-parse --show-toplevel [13ms]
2024-06-10 09:43:35.809 [info] fatal: not a git repository (or any parent up to mount point /)
Stopping at filesystem boundary (GIT_DISCOVERY_ACROSS_FILESYSTEM not set).
2024-06-10 09:43:35.809 [info] > git rev-parse --show-toplevel [6ms]
2024-06-10 09:43:35.809 [info] fatal: not a git repository (or any parent up to mount point /)
Stopping at filesystem boundary (GIT_DISCOVERY_ACROSS_FILESYSTEM not set).
2024-06-10 09:44:05.272 [info] Log level: Info
2024-06-10 09:44:05.272 [info] Validating found git in: "git"
2024-06-10 09:44:05.272 [info] Using git "2.45.1" from "git"
2024-06-10 09:44:05.272 [info] > git rev-parse --show-toplevel [52ms]
2024-06-10 09:44:05.272 [info] > git rev-parse --git-dir --git-common-dir [5ms]
2024-06-10 09:44:05.272 [info] Open repository: /home/figarillo/Documents/Programacion/NodeJS/api-server-ts
2024-06-10 09:44:05.272 [info] > git rev-parse --show-toplevel [17ms]
2024-06-10 09:44:05.272 [info] > git config --get commit.template [40ms]
2024-06-10 09:44:05.305 [info] > git rev-parse --show-toplevel [96ms]
2024-06-10 09:44:05.420 [info] > git for-each-ref --format=%(refname)%00%(upstream:short)%00%(objectname)%00%(upstream:track)%00%(upstream:remotename)%00%(upstream:remoteref) refs/heads/develop refs/remotes/develop [150ms]
2024-06-10 09:44:05.441 [info] > git rev-parse --show-toplevel [28ms]
2024-06-10 09:44:05.530 [info] > git rev-parse --show-toplevel [59ms]
2024-06-10 09:44:05.596 [info] > git status -z -uall [75ms]
2024-06-10 09:44:05.597 [info] > git rev-parse --show-toplevel [9ms]
2024-06-10 09:44:05.756 [info] > git merge-base refs/heads/develop refs/remotes/origin/develop [114ms]
2024-06-10 09:44:06.178 [info] > git rev-list --count --left-right refs/heads/develop...refs/remotes/origin/develop [328ms]
2024-06-10 09:44:06.232 [info] > git config --get commit.template [477ms]
2024-06-10 09:44:06.232 [info] > git rev-parse --show-toplevel [515ms]
2024-06-10 09:44:09.369 [info] > git rev-parse --show-toplevel [3095ms]
2024-06-10 09:44:09.369 [info] > git fetch [4292ms]
2024-06-10 09:44:09.380 [info] > git diff --name-status -z --diff-filter=ADMR ba5916ae2fa9ae7cd5bb71347abc8fb1ddce39b2...refs/remotes/origin/develop [3149ms]
2024-06-10 09:44:10.562 [info] > git check-ignore -v -z --stdin [146ms]
2024-06-10 09:44:10.633 [info] > git for-each-ref --format=%(refname)%00%(upstream:short)%00%(objectname)%00%(upstream:track)%00%(upstream:remotename)%00%(upstream:remoteref) refs/heads/develop refs/remotes/develop [1300ms]
2024-06-10 09:44:10.944 [info] > git config --get commit.template [431ms]
2024-06-10 09:44:10.945 [info] > git rev-parse --show-toplevel [451ms]
2024-06-10 09:44:11.153 [info] > git show --textconv :src/purchase/purchase.router.ts [174ms]
2024-06-10 09:44:11.153 [info] > git ls-files --stage -- /home/figarillo/Documents/Programacion/NodeJS/api-server-ts/src/purchase/purchase.router.ts [153ms]
2024-06-10 09:44:11.274 [info] > git cat-file -s 73f1dfcd42a05137c3f5dc5e1581233aa0792138 [103ms]
2024-06-10 09:44:11.289 [info] > git for-each-ref --format=%(refname)%00%(upstream:short)%00%(objectname)%00%(upstream:track)%00%(upstream:remotename)%00%(upstream:remoteref) refs/heads/develop refs/remotes/develop [94ms]
2024-06-10 09:44:11.434 [info] > git status -z -uall [39ms]
2024-06-10 09:44:11.526 [info] > git ls-files --stage -- /home/figarillo/Documents/Programacion/NodeJS/api-server-ts/src/purchase/purchase.router.ts [66ms]
2024-06-10 09:44:11.585 [info] > git cat-file -s 73f1dfcd42a05137c3f5dc5e1581233aa0792138 [24ms]
2024-06-10 09:44:11.691 [info] > git show --textconv :src/purchase/purchase.router.ts [22ms]
2024-06-10 09:58:22.206 [info] > git ls-files --stage -- /home/figarillo/Documents/Programacion/NodeJS/api-server-ts/src/purchase/purchase.router.ts [6ms]
2024-06-10 09:58:22.233 [info] > git cat-file -s 73f1dfcd42a05137c3f5dc5e1581233aa0792138 [7ms]
2024-06-10 09:58:22.267 [info] > git show --textconv :src/purchase/purchase.router.ts [6ms]
2024-06-10 09:58:25.103 [info] > git fetch [4184ms]
2024-06-10 09:58:25.187 [info] > git config --get commit.template [24ms]
2024-06-10 09:58:25.255 [info] > git for-each-ref --format=%(refname)%00%(upstream:short)%00%(objectname)%00%(upstream:track)%00%(upstream:remotename)%00%(upstream:remoteref) refs/heads/develop refs/remotes/develop [10ms]
2024-06-10 09:58:25.315 [info] > git status -z -uall [38ms]
2024-06-10 09:58:25.924 [info] > git ls-files --stage -- /home/figarillo/Documents/Programacion/NodeJS/api-server-ts/src/purchase/purchase.router.ts [2ms]
2024-06-10 09:58:25.938 [info] > git cat-file -s 73f1dfcd42a05137c3f5dc5e1581233aa0792138 [4ms]
2024-06-10 09:58:25.955 [info] > git show --textconv :src/purchase/purchase.router.ts [6ms]
2024-06-10 09:58:34.488 [info] > git config --get commit.template [34ms]
2024-06-10 09:58:34.749 [info] > git for-each-ref --format=%(refname)%00%(upstream:short)%00%(objectname)%00%(upstream:track)%00%(upstream:remotename)%00%(upstream:remoteref) refs/heads/develop refs/remotes/develop [88ms]
2024-06-10 09:58:34.895 [info] > git status -z -uall [37ms]
2024-06-10 09:58:40.029 [info] > git config --get commit.template [39ms]
2024-06-10 09:58:40.116 [info] > git for-each-ref --format=%(refname)%00%(upstream:short)%00%(objectname)%00%(upstream:track)%00%(upstream:remotename)%00%(upstream:remoteref) refs/heads/develop refs/remotes/develop [27ms]
2024-06-10 09:58:40.189 [info] > git status -z -uall [30ms]
2024-06-10 09:58:45.241 [info] > git config --get commit.template [17ms]
2024-06-10 09:58:45.242 [info] > git for-each-ref --format=%(refname)%00%(upstream:short)%00%(objectname)%00%(upstream:track)%00%(upstream:remotename)%00%(upstream:remoteref) refs/heads/develop refs/remotes/develop [3ms]
2024-06-10 09:58:45.263 [info] > git status -z -uall [9ms]
2024-06-10 09:58:50.295 [info] > git config --get commit.template [8ms]
2024-06-10 09:58:50.336 [info] > git for-each-ref --format=%(refname)%00%(upstream:short)%00%(objectname)%00%(upstream:track)%00%(upstream:remotename)%00%(upstream:remoteref) refs/heads/develop refs/remotes/develop [13ms]
2024-06-10 09:58:50.370 [info] > git status -z -uall [9ms]
2024-06-10 09:59:14.927 [info] > git check-ignore -v -z --stdin [3ms]
