2024-04-24 09:07:56.342 [info] Added views:workbench.panel.markers.view in workbench.panel.markers
2024-04-24 09:07:56.345 [info] Added views:workbench.panel.output in workbench.panel.output
2024-04-24 09:07:56.345 [info] Added views:outline in workbench.view.explorer
2024-04-24 09:07:56.345 [info] Added views:workbench.scm in workbench.view.scm
2024-04-24 09:07:56.345 [info] Added views:workbench.view.search in workbench.view.search
2024-04-24 09:07:56.345 [info] Added views:terminal in workbench.views.service.panel.e0a7860d-70e7-46aa-849b-2a38009533f2
2024-04-24 09:07:56.345 [info] Added views:workbench.explorer.openEditorsView,workbench.explorer.fileView in workbench.view.explorer
2024-04-24 09:07:57.662 [info] Added views:codeium.chatPanelView,codeium.searchPanelView in workbench.view.extension.codeium
2024-04-24 09:07:57.666 [info] Added views:gitlens.views.home,gitlens.views.workspaces,gitlens.views.account in workbench.view.extension.gitlens
2024-04-24 09:07:57.668 [info] Added views:gitlens.views.commitDetails,gitlens.views.lineHistory,gitlens.views.fileHistory,gitlens.views.searchAndCompare in workbench.view.extension.gitlensInspect
2024-04-24 09:07:57.674 [info] Added views:gitlens.views.repositories,gitlens.views.commits,gitlens.views.branches,gitlens.views.stashes in workbench.view.scm
2024-04-24 09:07:58.517 [info] Added views:workbench.debug.variablesView,workbench.debug.watchExpressionsView,workbench.debug.callStackView,workbench.debug.breakPointsView in workbench.view.debug
2024-04-24 09:07:58.729 [info] Added views:workbench.panel.repl.view in workbench.panel.repl
2024-04-24 09:07:58.735 [info] Removed views:workbench.debug.breakPointsView,workbench.debug.callStackView,workbench.debug.watchExpressionsView,workbench.debug.variablesView from workbench.view.debug
2024-04-24 09:07:58.738 [info] Added views:workbench.debug.welcome in workbench.view.debug
2024-04-24 09:07:59.868 [info] Added views:~remote.forwardedPorts in ~remote.forwardedPortsContainer
2024-04-24 09:08:03.890 [info] Removed views:gitlens.views.searchAndCompare,gitlens.views.fileHistory,gitlens.views.lineHistory,gitlens.views.commitDetails from workbench.view.extension.gitlensInspect
2024-04-24 09:08:03.890 [info] Removed views:gitlens.views.stashes,gitlens.views.branches,gitlens.views.commits,gitlens.views.repositories from workbench.view.scm
2024-04-24 09:08:03.992 [info] Added views:gitlens.views.drafts in workbench.view.extension.gitlens
2024-04-24 09:08:04.600 [info] Added views:gitlens.views.graph,gitlens.views.graphDetails in workbench.view.extension.gitlensPanel
2024-04-24 09:08:04.611 [info] Added views:gitlens.views.commitDetails,gitlens.views.lineHistory,gitlens.views.fileHistory,gitlens.views.timeline,gitlens.views.searchAndCompare in workbench.view.extension.gitlensInspect
2024-04-24 09:08:04.614 [info] Added views:gitlens.views.repositories,gitlens.views.commits,gitlens.views.branches,gitlens.views.stashes,gitlens.views.worktrees in workbench.view.scm
2024-04-24 09:08:06.177 [info] Added views:workbench.view.testing in workbench.view.extension.test
2024-04-24 09:08:06.239 [info] Added views:go.explorer in workbench.view.explorer
2024-04-24 09:08:07.098 [info] Added views:workbench.panel.comments in workbench.panel.comments
2024-04-24 09:08:45.921 [info] Removed views:workbench.view.testing from workbench.view.extension.test
