2024-04-26 14:07:45.271 [info] Log level: Info
2024-04-26 14:07:45.271 [info] Validating found git in: "git"
2024-04-26 14:07:45.271 [info] Using git "2.44.0" from "git"
2024-04-26 14:07:45.271 [info] > git rev-parse --show-toplevel [51ms]
2024-04-26 14:07:45.272 [info] > git rev-parse --show-toplevel [14ms]
2024-04-26 14:07:45.272 [info] > git rev-parse --show-toplevel [9ms]
2024-04-26 14:07:45.272 [info] > git rev-parse --show-toplevel [18ms]
2024-04-26 14:07:45.272 [info] > git rev-parse --show-toplevel [13ms]
2024-04-26 14:07:45.272 [info] > git rev-parse --show-toplevel [11ms]
2024-04-26 14:07:54.721 [info] > git rev-parse --show-toplevel [175ms]
2024-04-26 14:07:56.421 [info] > git rev-parse --show-toplevel [667ms]
2024-04-26 14:08:02.757 [info] > git rev-parse --show-toplevel [20ms]
2024-04-26 14:08:02.868 [info] > git rev-parse --git-dir --git-common-dir [11ms]
2024-04-26 14:08:03.188 [info] Open repository: /home/figarillo/Documents/Ingenieria/5to año/Testing/project/sacachispa-soft
2024-04-26 14:08:03.387 [info] > git config --get commit.template [53ms]
2024-04-26 14:08:03.464 [info] > git for-each-ref --format=%(refname)%00%(upstream:short)%00%(objectname)%00%(upstream:track)%00%(upstream:remotename)%00%(upstream:remoteref) refs/heads/dev refs/remotes/dev [41ms]
2024-04-26 14:08:03.677 [info] > git status -z -uall [10ms]
2024-04-26 14:08:03.827 [info] > git merge-base refs/heads/dev refs/remotes/origin/dev [73ms]
2024-04-26 14:08:04.023 [info] > git check-ignore -v -z --stdin [87ms]
2024-04-26 14:08:04.055 [info] > git rev-list --count --left-right refs/heads/dev...refs/remotes/origin/dev [173ms]
2024-04-26 14:08:04.110 [info] > git config --get commit.template [108ms]
2024-04-26 14:08:04.159 [info] > git diff --name-status -z --diff-filter=ADMR acf594b583ed2a6733b2adcbab5bfc829ae3417f...refs/remotes/origin/dev [59ms]
2024-04-26 14:08:04.169 [info] > git for-each-ref --format=%(refname)%00%(upstream:short)%00%(objectname)%00%(upstream:track)%00%(upstream:remotename)%00%(upstream:remoteref) refs/heads/dev refs/remotes/dev [11ms]
2024-04-26 14:08:04.247 [info] > git show --textconv :backend/go.mod [51ms]
2024-04-26 14:08:04.258 [info] > git ls-files --stage -- /home/figarillo/Documents/Ingenieria/5to año/Testing/project/sacachispa-soft/backend/go.mod [25ms]
2024-04-26 14:08:04.402 [info] > git cat-file -s 2ae9a858077e665f1cecd27fe2fedde4b49839fa [95ms]
2024-04-26 14:08:04.430 [info] > git status -z -uall [31ms]
2024-04-26 14:08:04.715 [info] > git ls-files --stage -- /home/figarillo/Documents/Ingenieria/5to año/Testing/project/sacachispa-soft/backend/go.mod [25ms]
2024-04-26 14:08:04.751 [info] > git cat-file -s 2ae9a858077e665f1cecd27fe2fedde4b49839fa [5ms]
2024-04-26 14:08:04.916 [info] > git show --textconv :backend/go.mod [62ms]
2024-04-26 14:08:09.023 [info] > git fetch [5838ms]
2024-04-26 14:08:09.169 [info] > git config --get commit.template [86ms]
2024-04-26 14:08:09.182 [info] > git for-each-ref --format=%(refname)%00%(upstream:short)%00%(objectname)%00%(upstream:track)%00%(upstream:remotename)%00%(upstream:remoteref) refs/heads/dev refs/remotes/dev [20ms]
2024-04-26 14:08:09.237 [info] > git status -z -uall [18ms]
2024-04-26 14:08:10.047 [info] > git ls-files --stage -- /home/figarillo/Documents/Ingenieria/5to año/Testing/project/sacachispa-soft/backend/go.mod [32ms]
2024-04-26 14:08:10.095 [info] > git cat-file -s 2ae9a858077e665f1cecd27fe2fedde4b49839fa [14ms]
2024-04-26 14:08:10.156 [info] > git show --textconv :backend/go.mod [10ms]
2024-04-26 14:09:33.631 [info] Log level: Info
2024-04-26 14:09:33.631 [info] Validating found git in: "git"
2024-04-26 14:09:33.631 [info] Using git "2.44.0" from "git"
2024-04-26 14:09:33.631 [info] > git rev-parse --show-toplevel [82ms]
2024-04-26 14:09:33.651 [info] > git rev-parse --git-dir --git-common-dir [11ms]
2024-04-26 14:09:33.718 [info] Open repository: /home/figarillo/Documents/Ingenieria/5to año/Testing/project/sacachispa-soft
2024-04-26 14:09:33.841 [info] > git rev-parse --show-toplevel [37ms]
2024-04-26 14:09:33.846 [info] > git config --get commit.template [72ms]
2024-04-26 14:09:34.037 [info] > git rev-parse --show-toplevel [163ms]
2024-04-26 14:09:34.253 [info] > git for-each-ref --format=%(refname)%00%(upstream:short)%00%(objectname)%00%(upstream:track)%00%(upstream:remotename)%00%(upstream:remoteref) refs/heads/dev refs/remotes/dev [221ms]
2024-04-26 14:09:34.267 [info] > git rev-parse --show-toplevel [187ms]
2024-04-26 14:09:37.441 [info] > git fetch [3729ms]
2024-04-26 14:09:38.268 [info] > git rev-parse --show-toplevel [847ms]
2024-04-26 14:09:38.369 [info] > git config --get commit.template [143ms]
2024-04-26 14:09:38.520 [info] > git config --get commit.template [35ms]
2024-04-26 14:09:38.530 [info] > git for-each-ref --format=%(refname)%00%(upstream:short)%00%(objectname)%00%(upstream:track)%00%(upstream:remotename)%00%(upstream:remoteref) refs/heads/dev refs/remotes/dev [27ms]
2024-04-26 14:09:38.557 [info] > git for-each-ref --format=%(refname)%00%(upstream:short)%00%(objectname)%00%(upstream:track)%00%(upstream:remotename)%00%(upstream:remoteref) refs/heads/dev refs/remotes/dev [7ms]
2024-04-26 14:09:38.729 [info] > git status -z -uall [31ms]
2024-04-26 14:09:38.923 [info] > git merge-base refs/heads/dev refs/remotes/origin/dev [175ms]
2024-04-26 14:09:38.974 [info] > git rev-list --count --left-right refs/heads/dev...refs/remotes/origin/dev [22ms]
2024-04-26 14:09:39.016 [info] > git diff --name-status -z --diff-filter=ADMR acf594b583ed2a6733b2adcbab5bfc829ae3417f...refs/remotes/origin/dev [29ms]
2024-04-26 14:09:49.880 [info] Log level: Info
2024-04-26 14:09:49.880 [info] Validating found git in: "git"
2024-04-26 14:09:49.880 [info] Using git "2.44.0" from "git"
2024-04-26 14:09:49.880 [info] > git rev-parse --show-toplevel [16ms]
2024-04-26 14:09:49.919 [info] > git rev-parse --git-dir --git-common-dir [8ms]
2024-04-26 14:09:49.997 [info] Open repository: /home/figarillo/Documents/Ingenieria/5to año/Testing/project/sacachispa-soft
2024-04-26 14:09:53.902 [info] > git fetch [3909ms]
2024-04-26 14:09:54.783 [info] > git rev-parse --show-toplevel [914ms]
2024-04-26 14:09:54.785 [info] > git config --get commit.template [935ms]
2024-04-26 14:09:54.916 [info] > git config --get commit.template [187ms]
2024-04-26 14:09:54.965 [info] > git rev-parse --show-toplevel [74ms]
2024-04-26 14:09:55.032 [info] > git for-each-ref --format=%(refname)%00%(upstream:short)%00%(objectname)%00%(upstream:track)%00%(upstream:remotename)%00%(upstream:remoteref) refs/heads/dev refs/remotes/dev [80ms]
2024-04-26 14:09:55.036 [info] > git rev-parse --show-toplevel [8ms]
2024-04-26 14:09:55.037 [info] > git for-each-ref --format=%(refname)%00%(upstream:short)%00%(objectname)%00%(upstream:track)%00%(upstream:remotename)%00%(upstream:remoteref) refs/heads/dev refs/remotes/dev [53ms]
2024-04-26 14:09:55.069 [info] > git rev-parse --show-toplevel [8ms]
2024-04-26 14:09:55.147 [info] > git config --get commit.template [35ms]
2024-04-26 14:09:55.195 [info] > git for-each-ref --format=%(refname)%00%(upstream:short)%00%(objectname)%00%(upstream:track)%00%(upstream:remotename)%00%(upstream:remoteref) refs/heads/dev refs/remotes/dev [18ms]
2024-04-26 14:09:55.265 [info] > git status -z -uall [13ms]
2024-04-26 14:09:55.419 [info] > git merge-base refs/heads/dev refs/remotes/origin/dev [130ms]
2024-04-26 14:09:55.465 [info] > git rev-list --count --left-right refs/heads/dev...refs/remotes/origin/dev [32ms]
2024-04-26 14:09:55.557 [info] > git diff --name-status -z --diff-filter=ADMR acf594b583ed2a6733b2adcbab5bfc829ae3417f...refs/remotes/origin/dev [82ms]
2024-04-26 14:12:58.379 [info] > git fetch [3190ms]
2024-04-26 14:12:58.411 [info] > git config --get commit.template [14ms]
2024-04-26 14:12:58.412 [info] > git for-each-ref --format=%(refname)%00%(upstream:short)%00%(objectname)%00%(upstream:track)%00%(upstream:remotename)%00%(upstream:remoteref) refs/heads/dev refs/remotes/dev [4ms]
2024-04-26 14:12:58.430 [info] > git status -z -uall [4ms]
2024-04-26 14:16:02.074 [info] > git fetch [3605ms]
2024-04-26 14:16:02.102 [info] > git config --get commit.template [6ms]
2024-04-26 14:16:02.120 [info] > git for-each-ref --format=%(refname)%00%(upstream:short)%00%(objectname)%00%(upstream:track)%00%(upstream:remotename)%00%(upstream:remoteref) refs/heads/dev refs/remotes/dev [5ms]
2024-04-26 14:16:02.136 [info] > git status -z -uall [5ms]
