2024-04-19 08:28:51.144 [info] Added views:workbench.panel.markers.view in workbench.panel.markers
2024-04-19 08:28:51.144 [info] Added views:workbench.panel.output in workbench.panel.output
2024-04-19 08:28:51.144 [info] Added views:outline in workbench.view.explorer
2024-04-19 08:28:51.144 [info] Added views:workbench.scm in workbench.view.scm
2024-04-19 08:28:51.144 [info] Added views:workbench.view.search in workbench.view.search
2024-04-19 08:28:51.144 [info] Added views:terminal in workbench.views.service.panel.e0a7860d-70e7-46aa-849b-2a38009533f2
2024-04-19 08:28:51.144 [info] Added views:workbench.explorer.openEditorsView,workbench.explorer.fileView in workbench.view.explorer
2024-04-19 08:28:52.459 [info] Added views:workbench.debug.welcome in workbench.view.debug
2024-04-19 08:28:53.915 [info] Added views:codeium.chatPanelView,codeium.searchPanelView in workbench.view.extension.codeium
2024-04-19 08:28:53.916 [info] Added views:gitlens.views.home,gitlens.views.workspaces,gitlens.views.account in workbench.view.extension.gitlens
2024-04-19 08:28:53.919 [info] Added views:gitlens.views.commitDetails,gitlens.views.lineHistory,gitlens.views.fileHistory,gitlens.views.searchAndCompare in workbench.view.extension.gitlensInspect
2024-04-19 08:28:53.925 [info] Added views:gitlens.views.repositories,gitlens.views.commits,gitlens.views.branches,gitlens.views.stashes in workbench.view.scm
2024-04-19 08:28:56.225 [info] Added views:workbench.panel.repl.view in workbench.panel.repl
2024-04-19 08:29:00.860 [info] Added views:npm in workbench.view.explorer
2024-04-19 08:29:02.960 [info] Added views:~remote.forwardedPorts in ~remote.forwardedPortsContainer
2024-04-19 08:29:06.102 [info] Added views:gitlens.views.drafts in workbench.view.extension.gitlens
2024-04-19 08:29:06.492 [info] Added views:gitlens.views.graph,gitlens.views.graphDetails in workbench.view.extension.gitlensPanel
2024-04-19 08:29:06.505 [info] Added views:gitlens.views.timeline in workbench.view.extension.gitlensInspect
2024-04-19 08:29:06.552 [info] Added views:gitlens.views.worktrees in workbench.view.scm
2024-04-19 08:29:10.355 [info] Added views:workbench.panel.comments in workbench.panel.comments
