2024-04-19 08:29:07.008 [info] Log level: Info
2024-04-19 08:29:07.008 [info] Validating found git in: "git"
2024-04-19 08:29:07.008 [info] Using git "2.44.0" from "git"
2024-04-19 08:29:07.008 [info] > git rev-parse --show-toplevel [67ms]
2024-04-19 08:29:07.020 [info] > git rev-parse --git-dir --git-common-dir [487ms]
2024-04-19 08:29:07.051 [info] Open repository: /home/figarillo/Documents/Programacion/NodeJS/api-server-ts
2024-04-19 08:29:07.489 [info] > git rev-parse --show-toplevel [282ms]
2024-04-19 08:29:07.494 [info] > git config --get commit.template [314ms]
2024-04-19 08:29:07.614 [info] > git rev-parse --show-toplevel [52ms]
2024-04-19 08:29:07.668 [info] > git for-each-ref --format=%(refname)%00%(upstream:short)%00%(objectname)%00%(upstream:track)%00%(upstream:remotename)%00%(upstream:remoteref) refs/heads/tets/al/test-test refs/remotes/tets/al/test-test [70ms]
2024-04-19 08:29:07.785 [info] > git status -z -uall [66ms]
2024-04-19 08:29:07.787 [info] > git rev-parse --show-toplevel [125ms]
2024-04-19 08:29:08.028 [info] > git rev-parse --show-toplevel [170ms]
2024-04-19 08:29:08.061 [info] > git config --get commit.template [74ms]
2024-04-19 08:29:08.067 [info] > git rev-parse --show-toplevel [10ms]
2024-04-19 08:29:08.242 [info] > git check-ignore -v -z --stdin [136ms]
2024-04-19 08:29:08.258 [info] > git rev-parse --show-toplevel [89ms]
2024-04-19 08:29:08.258 [info] > git for-each-ref --format=%(refname)%00%(upstream:short)%00%(objectname)%00%(upstream:track)%00%(upstream:remotename)%00%(upstream:remoteref) refs/heads/tets/al/test-test refs/remotes/tets/al/test-test [129ms]
2024-04-19 08:29:08.842 [info] > git status -z -uall [548ms]
2024-04-19 08:29:09.138 [info] > git rev-parse --show-toplevel [379ms]
2024-04-19 08:29:09.572 [info] > git rev-parse --show-toplevel [305ms]
2024-04-19 08:29:09.661 [info] > git show --textconv :src/purchase/purchase.router.ts [56ms]
2024-04-19 08:29:09.667 [info] > git ls-files --stage -- /home/figarillo/Documents/Programacion/NodeJS/api-server-ts/src/purchase/purchase.router.ts [32ms]
2024-04-19 08:29:09.740 [info] > git cat-file -s 73f1dfcd42a05137c3f5dc5e1581233aa0792138 [32ms]
2024-04-19 08:30:36.031 [info] > git ls-files --stage -- /home/figarillo/Documents/Programacion/NodeJS/api-server-ts/src/purchase/purchase.router.ts [17ms]
2024-04-19 08:30:36.055 [info] > git cat-file -s 73f1dfcd42a05137c3f5dc5e1581233aa0792138 [6ms]
2024-04-19 08:30:36.078 [info] > git show --textconv :src/purchase/purchase.router.ts [7ms]
2024-04-19 08:30:37.547 [info] > git fetch [3366ms]
2024-04-19 08:30:37.584 [info] > git config --get commit.template [18ms]
2024-04-19 08:30:37.585 [info] > git for-each-ref --format=%(refname)%00%(upstream:short)%00%(objectname)%00%(upstream:track)%00%(upstream:remotename)%00%(upstream:remoteref) refs/heads/tets/al/test-test refs/remotes/tets/al/test-test [3ms]
2024-04-19 08:30:37.614 [info] > git status -z -uall [13ms]
2024-04-19 08:30:38.555 [info] > git ls-files --stage -- /home/figarillo/Documents/Programacion/NodeJS/api-server-ts/src/purchase/purchase.router.ts [4ms]
2024-04-19 08:30:38.566 [info] > git cat-file -s 73f1dfcd42a05137c3f5dc5e1581233aa0792138 [2ms]
2024-04-19 08:30:38.582 [info] > git show --textconv :src/purchase/purchase.router.ts [3ms]
