2024-06-10 09:43:41.760 [INFO]: No proxy settings found
2024-06-10 09:43:44.799 [INFO]: Creating manager directory: /tmp/66f6a5ff-3eb7-450a-85f4-0c38ef4f0e92/codeium/manager
2024-06-10 09:43:46.697 [INFO]: Using cached LS with valid crc32: /home/figarillo/.vscode-oss/extensions/codeium.codeium-1.8.28/dist/f4ccf0178d5d55b7439fe04a696986fe0deea492/language_server_linux_x64
2024-06-10 09:43:46.717 [INFO]: Language server started
2024-06-10 09:43:47.187 [INFO]: [Language Server (stderr)]:
I0610 09:43:47.185724 725288 main.go:553] Starting language server manager with pid 725288
2024-06-10 09:43:47.189 [INFO]: [Language Server (stderr)]:
I0610 09:43:47.186130 725288 main.go:110] Manager acquired its lock file /tmp/66f6a5ff-3eb7-450a-85f4-0c38ef4f0e92/codeium/manager/locks/manager.lock
I0610 09:43:47.187363 725288 main.go:248] Waiting for random port file in /tmp/66f6a5ff-3eb7-450a-85f4-0c38ef4f0e92/codeium/manager/child_random_port_1718023427186287516_5397095855206160970 to be created
2024-06-10 09:43:47.631 [INFO]: [Language Server (stderr)]:
I0610 09:43:47.630690 725303 main.go:547] Starting language server process with pid 725303
I0610 09:43:47.630808 725303 server.go:157] Language server will attempt to listen on host 127.0.0.1
2024-06-10 09:43:47.633 [INFO]: [Language Server (stderr)]:
I0610 09:43:47.631091 725303 server.go:164] Language server listening on random port at 44663
I0610 09:43:47.631279 725303 proxy.go:113] proxyplease.proxy> No proxy provided. Attempting to infer from system.
I0610 09:43:47.631319 725303 proxy.go:113] proxyplease.proxy> No proxy could be determined. Assuming a direct connection.
I0610 09:43:47.631374 725303 client.go:589] [DEBUG] GET https://server.codeium.com/exa.api_server_pb.ApiServerService/GetCompletions
2024-06-10 09:43:50.654 [INFO]: [Language Server (stderr)]:
I0610 09:43:50.652714 725303 client.go:646] [ERR] GET https://server.codeium.com/exa.api_server_pb.ApiServerService/GetCompletions request failed: Get "https://server.codeium.com/exa.api_server_pb.ApiServerService/GetCompletions": context deadline exceeded (Client.Timeout exceeded while awaiting headers)
I0610 09:43:50.652757 725303 client.go:690] [DEBUG] GET https://server.codeium.com/exa.api_server_pb.ApiServerService/GetCompletions: retrying in 100ms (3 left)
2024-06-10 09:43:52.638 [INFO]: [Language Server (stderr)]:
I0610 09:43:52.633055 725303 client.go:646] [ERR] GET https://server.codeium.com/exa.api_server_pb.ApiServerService/GetCompletions request failed: Get "https://server.codeium.com/exa.api_server_pb.ApiServerService/GetCompletions": context deadline exceeded
W0610 09:43:52.633782 725303 proxy.go:128] proxy failed to connect: GET https://server.codeium.com/exa.api_server_pb.ApiServerService/GetCompletions giving up after 2 attempt(s): context deadline exceeded
2024-06-10 09:43:52.650 [INFO]: [Language Server (stderr)]:
I0610 09:43:52.633926 725303 unleash.go:90] Initializing Unleash
2024-06-10 09:43:54.661 [INFO]: [Language Server (stderr)]:
I0610 09:43:54.658447 725303 unleash.go:110] Successfully initialized Unleash
2024-06-10 09:43:54.664 [INFO]: [Language Server (stderr)]:
E0610 09:43:54.658791 725303 unleash.go:60] Unleash error: Post "https://unleash.codeium.com/api/client/register": context deadline exceeded (Client.Timeout exceeded while awaiting headers)
E0610 09:43:54.659563 725303 unleash.go:60] Unleash error: Get "https://unleash.codeium.com/api/client/features": context deadline exceeded (Client.Timeout exceeded while awaiting headers)
2024-06-10 09:43:54.726 [INFO]: [Language Server (stderr)]:
E0610 09:43:54.724512 725303 client_manager.go:262] Metadata is nil when trying to refresh user JWT
2024-06-10 09:43:54.729 [INFO]: [Language Server (stderr)]:
I0610 09:43:54.726768 725303 server.go:356] Successfully created API server client
2024-06-10 09:43:54.838 [INFO]: [Language Server (stderr)]:
I0610 09:43:54.837304 725303 server.go:365] Successfully initialized tokenizer
2024-06-10 09:43:54.840 [INFO]: [Language Server (stderr)]:
I0610 09:43:54.838916 725303 server.go:420] Local search is enabled, will index local files.
I0610 09:43:54.839084 725303 server.go:424] Using 1 indexer workers
2024-06-10 09:43:54.841 [INFO]: [Language Server (stderr)]:
I0610 09:43:54.839287 725303 search_provider.go:164] Using database at /home/figarillo/.codeium/database/9c0694567290725d9dcba14ade58e297/2/MODEL_EMBED_6591
2024-06-10 09:43:54.853 [INFO]: [Language Server (stderr)]:
I0610 09:43:54.852747 725303 search_provider.go:176] Successfully created embedding search database
2024-06-10 09:43:54.854 [INFO]: [Language Server (stderr)]:
I0610 09:43:54.853301 725303 search_provider.go:198] Successfully created and started indexer
I0610 09:43:54.853359 725303 search_provider.go:224] Successfully created embedding search provider
I0610 09:43:54.853378 725303 server.go:458] Successfully created exact search provider
2024-06-10 09:43:54.861 [INFO]: [Language Server (stderr)]:
I0610 09:43:54.860501 725303 server.go:486] Successfully created completion provider
2024-06-10 09:43:55.044 [INFO]: [Language Server (stderr)]:
I0610 09:43:55.043250 725303 server.go:576] Child process attempting to acquire lock file /tmp/66f6a5ff-3eb7-450a-85f4-0c38ef4f0e92/codeium/manager/locks/child_lock_1718023427186359056_8165771253396314149
2024-06-10 09:43:55.045 [INFO]: [Language Server (stderr)]:
I0610 09:43:55.043418 725303 server.go:586] Child process acquired lock file /tmp/66f6a5ff-3eb7-450a-85f4-0c38ef4f0e92/codeium/manager/locks/child_lock_1718023427186359056_8165771253396314149
2024-06-10 09:43:55.053 [INFO]: [Language Server (stderr)]:
I0610 09:43:55.052411 725303 server.go:184] LSP listening on random port at 33341
2024-06-10 09:43:55.055 [INFO]: [Language Server (stderr)]:
I0610 09:43:55.052971 725303 web_server.go:239] Chat Web Server listening at ws://127.0.0.1:40899
2024-06-10 09:43:55.141 [INFO]: [Language Server (stdout)]:
33341
2024-06-10 09:43:55.142 [INFO]: [Language Server (stderr)]:
I0610 09:43:55.140804 725288 main.go:284] Language server manager found random server port 44663
I0610 09:43:55.140868 725288 main.go:285] Language server manager found random lsp port 33341
I0610 09:43:55.140918 725288 main.go:292] Language server manager attempting to connect to language server at 127.0.0.1:44663
2024-06-10 09:43:55.232 [INFO]: [Language Server (stderr)]:
I0610 09:43:55.231015 725288 main.go:163] Fixing language server port at 44663
I0610 09:43:55.231086 725288 main.go:343] Language server manager successfully connected to new language server at 127.0.0.1:44663
2024-06-10 09:43:55.269 [INFO]: Found language server running on port 44663
2024-06-10 09:43:55.343 [INFO]: Downloaded binary: /home/figarillo/.codeium/bin/af6b6c543b224d348a8876f0c06245d9ea7929c5/ripgrep_linux_x64
2024-06-10 09:43:55.364 [INFO]: [Language Server (stderr)]:
I0610 09:43:55.363713 725303 utils.go:159] Analyzing workspace files for /home/figarillo/Downloads/
2024-06-10 09:43:55.365 [INFO]: [Language Server (stderr)]:
I0610 09:43:55.364064 725303 utils.go:214] Done analyzing workspace files for /home/figarillo/Downloads/
I0610 09:43:55.364097 725303 lsp.go:186] Found 5 files in workspace /home/figarillo/Downloads/
I0610 09:43:55.364206 725303 indexing_listener.go:151] Add workspace event with uid: 1
2024-06-10 09:43:55.367 [INFO]: [Language Server (stderr)]:
I0610 09:43:55.366142 725303 rpcs_miscellaneous.go:103] Ripgrep available at /home/figarillo/.codeium/bin/af6b6c543b224d348a8876f0c06245d9ea7929c5/ripgrep_linux_x64
2024-06-10 09:43:57.784 [INFO]: [Language Server (stderr)]:
I0610 09:43:57.783900 725303 rpcs_miscellaneous.go:297] University version is up to date.
2024-06-10 09:43:58.301 [INFO]: Disposing language server process
2024-06-10 09:43:58.304 [INFO]: Deleting manager directory: /tmp/66f6a5ff-3eb7-450a-85f4-0c38ef4f0e92/codeium/manager
2024-06-10 09:43:58.309 [INFO]: Successfully disposed language server
2024-06-10 09:43:58.364 [INFO]: [Language Server (stderr)]:
W0610 09:43:58.304322 725288 main.go:114] Language server manager got signal terminated, shutting down
