2024-06-10 09:59:53.819 [info] Started local extension host with pid 739441.
2024-06-10 09:59:57.342 [info] [perf] Render performance baseline is 119ms
2024-06-10 10:00:40.058 [info] Started local extension host with pid 740129.
2024-06-10 10:00:44.980 [info] [perf] Render performance baseline is 348ms
2024-06-10 10:03:39.490 [info] Started local extension host with pid 743243.
2024-06-10 10:03:45.840 [info] [perf] Render performance baseline is 126ms
2024-06-10 10:04:43.069 [error] Cancelled: Canceled
    at ee.queryRawGalleryExtensions (vscode-file://vscode-app/opt/vscodium-bin/resources/app/out/vs/workbench/workbench.desktop.main.js:792:28590)
    at async ee.queryGalleryExtensions (vscode-file://vscode-app/opt/vscodium-bin/resources/app/out/vs/workbench/workbench.desktop.main.js:792:24899)
    at async J (vscode-file://vscode-app/opt/vscodium-bin/resources/app/out/vs/workbench/workbench.desktop.main.js:792:23743)
    at async ee.query (vscode-file://vscode-app/opt/vscodium-bin/resources/app/out/vs/workbench/workbench.desktop.main.js:792:24088)
    at async Q.queryGallery (vscode-file://vscode-app/opt/vscodium-bin/resources/app/out/vs/workbench/workbench.desktop.main.js:2483:18925)
    at async Re.queryGallery (vscode-file://vscode-app/opt/vscodium-bin/resources/app/out/vs/workbench/workbench.desktop.main.js:2419:30196)
    at async Re.query (vscode-file://vscode-app/opt/vscodium-bin/resources/app/out/vs/workbench/workbench.desktop.main.js:2419:20006)
    at async vscode-file://vscode-app/opt/vscodium-bin/resources/app/out/vs/workbench/workbench.desktop.main.js:2419:17894
2024-06-10 10:15:19.425 [error] [Extension Host] FetchError: Unleash Repository error: network timeout at: https://unleash.codeium.com/api/client/features
	at Timeout.<anonymous> (/home/figarillo/.vscode-oss/extensions/codeium.codeium-1.8.54/dist/extension.js:2:2173671)
	at listOnTimeout (node:internal/timers:569:17)
	at process.processTimers (node:internal/timers:512:7)
2024-06-10 10:18:41.998 [error] [Extension Host] FetchError: Unleash Repository error: network timeout at: https://unleash.codeium.com/api/client/features
	at Timeout.<anonymous> (/home/figarillo/.vscode-oss/extensions/codeium.codeium-1.8.54/dist/extension.js:2:2173671)
	at listOnTimeout (node:internal/timers:569:17)
	at process.processTimers (node:internal/timers:512:7)
2024-06-10 10:19:51.086 [error] [Extension Host] FetchError: Unleash Repository error: network timeout at: https://unleash.codeium.com/api/client/features
	at Timeout.<anonymous> (/home/figarillo/.vscode-oss/extensions/codeium.codeium-1.8.54/dist/extension.js:2:2173671)
	at listOnTimeout (node:internal/timers:569:17)
	at process.processTimers (node:internal/timers:512:7)
2024-06-10 10:22:08.240 [error] [Extension Host] FetchError: Unleash Repository error: network timeout at: https://unleash.codeium.com/api/client/features
	at Timeout.<anonymous> (/home/figarillo/.vscode-oss/extensions/codeium.codeium-1.8.54/dist/extension.js:2:2173671)
	at listOnTimeout (node:internal/timers:569:17)
	at process.processTimers (node:internal/timers:512:7)
2024-06-10 10:23:17.347 [error] [Extension Host] FetchError: Unleash Repository error: network timeout at: https://unleash.codeium.com/api/client/features
	at Timeout.<anonymous> (/home/figarillo/.vscode-oss/extensions/codeium.codeium-1.8.54/dist/extension.js:2:2173671)
	at listOnTimeout (node:internal/timers:569:17)
	at process.processTimers (node:internal/timers:512:7)
2024-06-10 10:24:26.451 [error] [Extension Host] FetchError: Unleash Repository error: network timeout at: https://unleash.codeium.com/api/client/features
	at Timeout.<anonymous> (/home/figarillo/.vscode-oss/extensions/codeium.codeium-1.8.54/dist/extension.js:2:2173671)
	at listOnTimeout (node:internal/timers:569:17)
	at process.processTimers (node:internal/timers:512:7)
2024-06-10 10:25:35.600 [error] [Extension Host] FetchError: Unleash Repository error: network timeout at: https://unleash.codeium.com/api/client/features
	at Timeout.<anonymous> (/home/figarillo/.vscode-oss/extensions/codeium.codeium-1.8.54/dist/extension.js:2:2173671)
	at listOnTimeout (node:internal/timers:569:17)
	at process.processTimers (node:internal/timers:512:7)
2024-06-10 10:26:44.688 [error] [Extension Host] FetchError: Unleash Repository error: network timeout at: https://unleash.codeium.com/api/client/features
	at Timeout.<anonymous> (/home/figarillo/.vscode-oss/extensions/codeium.codeium-1.8.54/dist/extension.js:2:2173671)
	at listOnTimeout (node:internal/timers:569:17)
	at process.processTimers (node:internal/timers:512:7)
2024-06-10 10:27:53.810 [error] [Extension Host] FetchError: Unleash Repository error: network timeout at: https://unleash.codeium.com/api/client/features
	at Timeout.<anonymous> (/home/figarillo/.vscode-oss/extensions/codeium.codeium-1.8.54/dist/extension.js:2:2173671)
	at listOnTimeout (node:internal/timers:569:17)
	at process.processTimers (node:internal/timers:512:7)
2024-06-10 10:29:02.954 [error] [Extension Host] FetchError: Unleash Repository error: network timeout at: https://unleash.codeium.com/api/client/features
	at Timeout.<anonymous> (/home/figarillo/.vscode-oss/extensions/codeium.codeium-1.8.54/dist/extension.js:2:2173671)
	at listOnTimeout (node:internal/timers:569:17)
	at process.processTimers (node:internal/timers:512:7)
2024-06-10 10:30:12.026 [error] [Extension Host] FetchError: Unleash Repository error: network timeout at: https://unleash.codeium.com/api/client/features
	at Timeout.<anonymous> (/home/figarillo/.vscode-oss/extensions/codeium.codeium-1.8.54/dist/extension.js:2:2173671)
	at listOnTimeout (node:internal/timers:569:17)
	at process.processTimers (node:internal/timers:512:7)
2024-06-10 10:31:21.126 [error] [Extension Host] FetchError: Unleash Repository error: network timeout at: https://unleash.codeium.com/api/client/features
	at Timeout.<anonymous> (/home/figarillo/.vscode-oss/extensions/codeium.codeium-1.8.54/dist/extension.js:2:2173671)
	at listOnTimeout (node:internal/timers:569:17)
	at process.processTimers (node:internal/timers:512:7)
2024-06-10 10:33:39.109 [error] [Extension Host] FetchError: Unleash Repository error: network timeout at: https://unleash.codeium.com/api/client/features
	at Timeout.<anonymous> (/home/figarillo/.vscode-oss/extensions/codeium.codeium-1.8.54/dist/extension.js:2:2173671)
	at listOnTimeout (node:internal/timers:569:17)
	at process.processTimers (node:internal/timers:512:7)
2024-06-10 10:34:48.158 [error] [Extension Host] FetchError: Unleash Repository error: network timeout at: https://unleash.codeium.com/api/client/features
	at Timeout.<anonymous> (/home/figarillo/.vscode-oss/extensions/codeium.codeium-1.8.54/dist/extension.js:2:2173671)
	at listOnTimeout (node:internal/timers:569:17)
	at process.processTimers (node:internal/timers:512:7)
2024-06-10 10:35:57.291 [error] [Extension Host] FetchError: Unleash Repository error: network timeout at: https://unleash.codeium.com/api/client/features
	at Timeout.<anonymous> (/home/figarillo/.vscode-oss/extensions/codeium.codeium-1.8.54/dist/extension.js:2:2173671)
	at listOnTimeout (node:internal/timers:569:17)
	at process.processTimers (node:internal/timers:512:7)
2024-06-10 10:37:06.387 [error] [Extension Host] FetchError: Unleash Repository error: network timeout at: https://unleash.codeium.com/api/client/features
	at Timeout.<anonymous> (/home/figarillo/.vscode-oss/extensions/codeium.codeium-1.8.54/dist/extension.js:2:2173671)
	at listOnTimeout (node:internal/timers:569:17)
	at process.processTimers (node:internal/timers:512:7)
2024-06-10 10:39:20.027 [error] [Extension Host] FetchError: Unleash Repository error: network timeout at: https://unleash.codeium.com/api/client/features
	at Timeout.<anonymous> (/home/figarillo/.vscode-oss/extensions/codeium.codeium-1.8.54/dist/extension.js:2:2173671)
	at listOnTimeout (node:internal/timers:569:17)
	at process.processTimers (node:internal/timers:512:7)
2024-06-10 12:56:25.000 [error] [Extension Host] FetchError: Unleash Repository error: network timeout at: https://unleash.codeium.com/api/client/features
	at Timeout.<anonymous> (/home/figarillo/.vscode-oss/extensions/codeium.codeium-1.8.54/dist/extension.js:2:2173671)
	at listOnTimeout (node:internal/timers:569:17)
	at process.processTimers (node:internal/timers:512:7)
2024-06-10 12:57:28.062 [error] [Extension Host] FetchError: Unleash Repository error: request to https://unleash.codeium.com/api/client/features failed, reason: getaddrinfo EAI_AGAIN unleash.codeium.com
	at ClientRequest.<anonymous> (/home/figarillo/.vscode-oss/extensions/codeium.codeium-1.8.54/dist/extension.js:2:2173797)
	at ClientRequest.emit (node:events:529:35)
	at ClientRequest.emit (node:domain:489:12)
	at TLSSocket.socketErrorListener (node:_http_client:501:9)
	at TLSSocket.emit (node:events:517:28)
	at TLSSocket.emit (node:domain:489:12)
	at emitErrorNT (node:internal/streams/destroy:151:8)
	at emitErrorCloseNT (node:internal/streams/destroy:116:3)
	at process.processTicksAndRejections (node:internal/process/task_queues:82:21)
2024-06-10 13:36:28.963 [error] [Extension Host] FetchError: Unleash Repository error: network timeout at: https://unleash.codeium.com/api/client/features
	at Timeout.<anonymous> (/home/figarillo/.vscode-oss/extensions/codeium.codeium-1.8.54/dist/extension.js:2:2173671)
	at listOnTimeout (node:internal/timers:569:17)
	at process.processTimers (node:internal/timers:512:7)
2024-06-10 14:43:55.599 [error] [Extension Host] FetchError: Unleash Repository error: network timeout at: https://unleash.codeium.com/api/client/features
	at Timeout.<anonymous> (/home/figarillo/.vscode-oss/extensions/codeium.codeium-1.8.54/dist/extension.js:2:2173671)
	at listOnTimeout (node:internal/timers:569:17)
	at process.processTimers (node:internal/timers:512:7)
2024-06-10 15:19:44.690 [error] [Extension Host] FetchError: Unleash Repository error: network timeout at: https://unleash.codeium.com/api/client/features
	at Timeout.<anonymous> (/home/figarillo/.vscode-oss/extensions/codeium.codeium-1.8.54/dist/extension.js:2:2173671)
	at listOnTimeout (node:internal/timers:569:17)
	at process.processTimers (node:internal/timers:512:7)
2024-06-10 15:20:53.836 [error] [Extension Host] FetchError: Unleash Repository error: network timeout at: https://unleash.codeium.com/api/client/features
	at Timeout.<anonymous> (/home/figarillo/.vscode-oss/extensions/codeium.codeium-1.8.54/dist/extension.js:2:2173671)
	at listOnTimeout (node:internal/timers:569:17)
	at process.processTimers (node:internal/timers:512:7)
2024-06-10 15:43:30.383 [error] [Extension Host] FetchError: Unleash Repository error: network timeout at: https://unleash.codeium.com/api/client/features
	at Timeout.<anonymous> (/home/figarillo/.vscode-oss/extensions/codeium.codeium-1.8.54/dist/extension.js:2:2173671)
	at listOnTimeout (node:internal/timers:569:17)
	at process.processTimers (node:internal/timers:512:7)
