2024-06-10 09:59:53.449 [info] Added views:workbench.panel.markers.view in workbench.panel.markers
2024-06-10 09:59:53.449 [info] Added views:workbench.panel.output in workbench.panel.output
2024-06-10 09:59:53.449 [info] Added views:outline in workbench.view.explorer
2024-06-10 09:59:53.449 [info] Added views:workbench.scm in workbench.view.scm
2024-06-10 09:59:53.449 [info] Added views:workbench.view.search in workbench.view.search
2024-06-10 09:59:53.449 [info] Added views:terminal in workbench.views.service.panel.e0a7860d-70e7-46aa-849b-2a38009533f2
2024-06-10 09:59:53.449 [info] Added views:workbench.explorer.openEditorsView,workbench.explorer.emptyView in workbench.view.explorer
2024-06-10 09:59:54.633 [info] Added views:codeium.chatPanelView,codeium.searchPanelView in workbench.view.extension.codeium
2024-06-10 09:59:54.635 [info] Added views:gitlens.views.home,gitlens.views.workspaces,gitlens.views.account in workbench.view.extension.gitlens
2024-06-10 09:59:54.640 [info] Added views:gitlens.views.commitDetails,gitlens.views.lineHistory,gitlens.views.fileHistory,gitlens.views.searchAndCompare in workbench.view.extension.gitlensInspect
2024-06-10 09:59:54.645 [info] Added views:gitlens.views.repositories,gitlens.views.commits,gitlens.views.branches,gitlens.views.stashes in workbench.view.scm
2024-06-10 09:59:55.459 [info] Added views:workbench.debug.variablesView,workbench.debug.watchExpressionsView,workbench.debug.callStackView,workbench.debug.breakPointsView in workbench.view.debug
2024-06-10 09:59:55.646 [info] Added views:workbench.panel.repl.view in workbench.panel.repl
2024-06-10 09:59:55.650 [info] Removed views:workbench.debug.breakPointsView,workbench.debug.callStackView,workbench.debug.watchExpressionsView,workbench.debug.variablesView from workbench.view.debug
2024-06-10 09:59:55.650 [info] Added views:workbench.debug.welcome in workbench.view.debug
2024-06-10 09:59:56.143 [info] Added views:~remote.forwardedPorts in ~remote.forwardedPortsContainer
2024-06-10 10:00:00.522 [info] Removed views:gitlens.views.searchAndCompare,gitlens.views.fileHistory,gitlens.views.lineHistory,gitlens.views.commitDetails from workbench.view.extension.gitlensInspect
2024-06-10 10:00:00.543 [info] Removed views:gitlens.views.stashes,gitlens.views.branches,gitlens.views.commits,gitlens.views.repositories from workbench.view.scm
2024-06-10 10:00:01.014 [info] Added views:gitlens.views.drafts in workbench.view.extension.gitlens
2024-06-10 10:00:09.188 [info] Added views:workbench.panel.comments in workbench.panel.comments
2024-06-10 10:00:39.629 [info] Added views:workbench.panel.markers.view in workbench.panel.markers
2024-06-10 10:00:39.629 [info] Added views:workbench.panel.output in workbench.panel.output
2024-06-10 10:00:39.629 [info] Added views:outline in workbench.view.explorer
2024-06-10 10:00:39.629 [info] Added views:workbench.scm in workbench.view.scm
2024-06-10 10:00:39.629 [info] Added views:workbench.view.search in workbench.view.search
2024-06-10 10:00:39.629 [info] Added views:terminal in workbench.views.service.panel.e0a7860d-70e7-46aa-849b-2a38009533f2
2024-06-10 10:00:39.629 [info] Added views:workbench.explorer.openEditorsView,workbench.explorer.fileView in workbench.view.explorer
2024-06-10 10:00:40.621 [info] Added views:codeium.chatPanelView,codeium.searchPanelView in workbench.view.extension.codeium
2024-06-10 10:00:40.627 [info] Added views:gitlens.views.home,gitlens.views.workspaces,gitlens.views.account in workbench.view.extension.gitlens
2024-06-10 10:00:40.627 [info] Added views:gitlens.views.commitDetails,gitlens.views.lineHistory,gitlens.views.fileHistory,gitlens.views.searchAndCompare in workbench.view.extension.gitlensInspect
2024-06-10 10:00:40.634 [info] Added views:gitlens.views.repositories,gitlens.views.commits,gitlens.views.branches,gitlens.views.stashes in workbench.view.scm
2024-06-10 10:00:41.615 [info] Added views:workbench.debug.variablesView,workbench.debug.watchExpressionsView,workbench.debug.callStackView,workbench.debug.breakPointsView in workbench.view.debug
2024-06-10 10:00:41.776 [info] Added views:workbench.panel.repl.view in workbench.panel.repl
2024-06-10 10:00:41.782 [info] Removed views:workbench.debug.breakPointsView,workbench.debug.callStackView,workbench.debug.watchExpressionsView,workbench.debug.variablesView from workbench.view.debug
2024-06-10 10:00:41.784 [info] Added views:workbench.debug.welcome in workbench.view.debug
2024-06-10 10:00:42.044 [info] Added views:~remote.forwardedPorts in ~remote.forwardedPortsContainer
2024-06-10 10:00:45.451 [info] Removed views:gitlens.views.searchAndCompare,gitlens.views.fileHistory,gitlens.views.lineHistory,gitlens.views.commitDetails from workbench.view.extension.gitlensInspect
2024-06-10 10:00:45.452 [info] Removed views:gitlens.views.stashes,gitlens.views.branches,gitlens.views.commits,gitlens.views.repositories from workbench.view.scm
2024-06-10 10:00:45.892 [info] Added views:gitlens.views.drafts in workbench.view.extension.gitlens
2024-06-10 10:00:49.483 [info] Added views:workbench.panel.comments in workbench.panel.comments
2024-06-10 10:02:56.114 [info] Added views:gitlens.views.graph,gitlens.views.graphDetails in workbench.view.extension.gitlensPanel
2024-06-10 10:02:56.123 [info] Added views:gitlens.views.commitDetails,gitlens.views.lineHistory,gitlens.views.fileHistory,gitlens.views.timeline,gitlens.views.searchAndCompare in workbench.view.extension.gitlensInspect
2024-06-10 10:02:56.134 [info] Added views:gitlens.views.repositories,gitlens.views.commits,gitlens.views.branches,gitlens.views.stashes,gitlens.views.worktrees in workbench.view.scm
2024-06-10 10:03:38.973 [info] Added views:workbench.panel.markers.view in workbench.panel.markers
2024-06-10 10:03:38.973 [info] Added views:workbench.panel.output in workbench.panel.output
2024-06-10 10:03:38.973 [info] Added views:outline in workbench.view.explorer
2024-06-10 10:03:38.973 [info] Added views:workbench.scm in workbench.view.scm
2024-06-10 10:03:38.973 [info] Added views:workbench.view.search in workbench.view.search
2024-06-10 10:03:38.973 [info] Added views:terminal in workbench.views.service.panel.e0a7860d-70e7-46aa-849b-2a38009533f2
2024-06-10 10:03:38.973 [info] Added views:workbench.explorer.openEditorsView,workbench.explorer.fileView in workbench.view.explorer
2024-06-10 10:03:40.105 [info] Added views:codeium.chatPanelView,codeium.searchPanelView in workbench.view.extension.codeium
2024-06-10 10:03:40.105 [info] Added views:gitlens.views.home,gitlens.views.workspaces,gitlens.views.account in workbench.view.extension.gitlens
2024-06-10 10:03:40.112 [info] Added views:gitlens.views.commitDetails,gitlens.views.lineHistory,gitlens.views.fileHistory,gitlens.views.searchAndCompare in workbench.view.extension.gitlensInspect
2024-06-10 10:03:40.112 [info] Added views:gitlens.views.repositories,gitlens.views.commits,gitlens.views.branches,gitlens.views.stashes in workbench.view.scm
2024-06-10 10:03:40.886 [info] Added views:workbench.debug.variablesView,workbench.debug.watchExpressionsView,workbench.debug.callStackView,workbench.debug.breakPointsView in workbench.view.debug
2024-06-10 10:03:41.028 [info] Added views:workbench.panel.repl.view in workbench.panel.repl
2024-06-10 10:03:41.352 [info] Added views:npm in workbench.view.explorer
2024-06-10 10:03:42.230 [info] Added views:~remote.forwardedPorts in ~remote.forwardedPortsContainer
2024-06-10 10:03:44.408 [info] Removed views:gitlens.views.searchAndCompare,gitlens.views.fileHistory,gitlens.views.lineHistory,gitlens.views.commitDetails from workbench.view.extension.gitlensInspect
2024-06-10 10:03:44.413 [info] Removed views:gitlens.views.stashes,gitlens.views.branches,gitlens.views.commits,gitlens.views.repositories from workbench.view.scm
2024-06-10 10:03:44.772 [info] Added views:gitlens.views.drafts in workbench.view.extension.gitlens
2024-06-10 10:03:45.446 [info] Added views:gitlens.views.graph,gitlens.views.graphDetails in workbench.view.extension.gitlensPanel
2024-06-10 10:03:45.465 [info] Added views:gitlens.views.commitDetails,gitlens.views.lineHistory,gitlens.views.fileHistory,gitlens.views.timeline,gitlens.views.searchAndCompare in workbench.view.extension.gitlensInspect
2024-06-10 10:03:45.465 [info] Added views:gitlens.views.repositories,gitlens.views.commits,gitlens.views.branches,gitlens.views.stashes,gitlens.views.worktrees in workbench.view.scm
2024-06-10 10:03:48.099 [info] Added views:workbench.panel.comments in workbench.panel.comments
2024-06-10 10:04:33.839 [info] Added views:workbench.views.extensions.installed,workbench.views.extensions.popular,extensions.recommendedList in workbench.view.extensions
2024-06-10 10:04:33.844 [info] Removed views:workbench.views.extensions.popular from workbench.view.extensions
2024-06-10 10:04:33.847 [info] Added views:workbench.views.extensions.disabled in workbench.view.extensions
2024-06-10 10:04:42.265 [info] Removed views:workbench.views.extensions.disabled,extensions.recommendedList,workbench.views.extensions.installed from workbench.view.extensions
2024-06-10 10:04:42.286 [info] Added views:workbench.views.extensions.marketplace in workbench.view.extensions
2024-06-10 10:06:06.119 [info] Removed views:workbench.views.extensions.marketplace from workbench.view.extensions
2024-06-10 10:06:06.187 [info] Added views:workbench.views.extensions.workspaceRecommendations,workbench.views.extensions.otherRecommendations in workbench.view.extensions
