2024-04-26 14:07:56.801 [info] Reading sessions from keychain...
2024-04-26 14:07:56.801 [info] Getting sessions for all scopes...
2024-04-26 14:07:56.801 [info] Got stored sessions!
2024-04-26 14:07:56.801 [info] Got 2 verified sessions.
2024-04-26 14:07:56.801 [info] Got 2 sessions for ...
2024-04-26 14:07:56.801 [info] Getting sessions for read:user,repo,user:email...
2024-04-26 14:07:56.801 [info] Got 0 sessions for read:user,repo,user:email...
2024-04-26 14:07:57.545 [info] Getting sessions for all scopes...
2024-04-26 14:07:57.545 [info] Got 2 sessions for ...
2024-04-26 14:08:04.164 [info] Getting sessions for read:user,repo,user:email,workflow...
2024-04-26 14:08:04.166 [info] Got 0 sessions for read:user,repo,user:email,workflow...
2024-04-26 14:09:33.444 [info] Reading sessions from keychain...
2024-04-26 14:09:33.446 [info] Getting sessions for all scopes...
2024-04-26 14:09:33.446 [info] Got stored sessions!
2024-04-26 14:09:33.446 [info] Got 2 verified sessions.
2024-04-26 14:09:33.446 [info] Got 2 sessions for ...
2024-04-26 14:09:33.446 [info] Getting sessions for all scopes...
2024-04-26 14:09:33.446 [info] Got 2 sessions for ...
2024-04-26 14:09:38.280 [info] Getting sessions for all scopes...
2024-04-26 14:09:38.281 [info] Got 2 sessions for ...
2024-04-26 14:09:38.349 [info] Getting sessions for all scopes...
2024-04-26 14:09:38.349 [info] Got 2 sessions for ...
2024-04-26 14:09:38.987 [info] Getting sessions for read:user,repo,user:email,workflow...
2024-04-26 14:09:38.988 [info] Got 0 sessions for read:user,repo,user:email,workflow...
2024-04-26 14:09:39.054 [info] Getting sessions for read:user,repo,user:email...
2024-04-26 14:09:39.054 [info] Got 0 sessions for read:user,repo,user:email...
2024-04-26 14:09:55.586 [info] Reading sessions from keychain...
2024-04-26 14:09:55.586 [info] Getting sessions for all scopes...
2024-04-26 14:09:55.586 [info] Got stored sessions!
2024-04-26 14:09:55.586 [info] Got 2 verified sessions.
2024-04-26 14:09:55.586 [info] Got 2 sessions for ...
2024-04-26 14:09:55.586 [info] Getting sessions for all scopes...
2024-04-26 14:09:55.586 [info] Got 2 sessions for ...
2024-04-26 14:09:55.586 [info] Getting sessions for read:user,repo,user:email,workflow...
2024-04-26 14:09:55.586 [info] Got 0 sessions for read:user,repo,user:email,workflow...
2024-04-26 14:09:55.586 [info] Getting sessions for read:user,repo,user:email...
2024-04-26 14:09:55.586 [info] Got 0 sessions for read:user,repo,user:email...
