[Info  - 14:07:43] 2024/04/26 14:07:43 go info for /home/figarillo/Documents/Ingenieria/5to año/Testing/project/sacachispa-soft/backend
(view type GoModView)
(root dir /home/figarillo/Documents/Ingenieria/5to año/Testing/project/sacachispa-soft/backend)
(go version go version go1.22.2 linux/amd64)
(build flags: [])
(go env: {GOOS:linux GOARCH:amd64 GOCACHE:/home/figarillo/.cache/go-build GOMODCACHE:/home/figarillo/go/pkg/mod GOPATH:/home/figarillo/go GOPRIVATE: GOFLAGS: GO111MODULE: GoVersion:22 GoVersionOutput:go version go1.22.2 linux/amd64
 GOWORK: GOPACKAGESDRIVER:})
(env overlay: map[])


[Info  - 14:07:54] 2024/04/26 14:07:53 go/packages.Load #1
	snapshot=0
	directory=file:///home/figarillo/Documents/Ingenieria/5to%20a%C3%B1o/Testing/project/sacachispa-soft/backend
	query=[/home/figarillo/Documents/Ingenieria/5to año/Testing/project/sacachispa-soft/backend/... builtin]
	packages=13

[Info  - 14:07:54] 2024/04/26 14:07:53 go/packages.Load #1: updating metadata for 225 packages

[Error - 14:07:56] Request textDocument/semanticTokens/range failed.
  Message: semantictokens are disabled
  Code: 0 
[Error - 14:07:56] Request textDocument/semanticTokens/full failed.
  Message: semantictokens are disabled
  Code: 0 
[Error - 14:07:57] Request textDocument/semanticTokens/range failed.
  Message: semantictokens are disabled
  Code: 0 
[Error - 14:07:57] Request textDocument/semanticTokens/range failed.
  Message: semantictokens are disabled
  Code: 0 
