2024-04-26 14:07:52.245 [INFO]: No proxy settings found
2024-04-26 14:07:57.605 [INFO]: Creating manager directory: /tmp/2276ef9b-76ac-48dd-992c-622aedc6ebe1/codeium/manager
2024-04-26 14:07:57.619 [INFO]: f4ccf0178d5d55b7439fe04a696986fe0deea492 not found, downloading language server
2024-04-26 14:07:57.639 [INFO]: No proxy settings found
2024-04-26 14:08:44.838 [INFO]: Language server started
2024-04-26 14:08:45.319 [INFO]: [Language Server (stderr)]:
I0426 14:08:45.317618 67127 main.go:553] Starting language server manager with pid 67127
2024-04-26 14:08:45.324 [INFO]: [Language Server (stderr)]:
I0426 14:08:45.317894 67127 main.go:110] Manager acquired its lock file /tmp/2276ef9b-76ac-48dd-992c-622aedc6ebe1/codeium/manager/locks/manager.lock
I0426 14:08:45.318985 67127 main.go:248] Waiting for random port file in /tmp/2276ef9b-76ac-48dd-992c-622aedc6ebe1/codeium/manager/child_random_port_1714151325318090075_1377973566520455171 to be created
2024-04-26 14:08:45.819 [INFO]: [Language Server (stderr)]:
I0426 14:08:45.818164 67136 main.go:547] Starting language server process with pid 67136
I0426 14:08:45.818276 67136 server.go:157] Language server will attempt to listen on host 127.0.0.1
2024-04-26 14:08:45.820 [INFO]: [Language Server (stderr)]:
I0426 14:08:45.818488 67136 server.go:164] Language server listening on random port at 42455
I0426 14:08:45.818594 67136 proxy.go:113] proxyplease.proxy> No proxy provided. Attempting to infer from system.
I0426 14:08:45.818619 67136 proxy.go:113] proxyplease.proxy> No proxy could be determined. Assuming a direct connection.
I0426 14:08:45.818656 67136 client.go:589] [DEBUG] GET https://server.codeium.com/exa.api_server_pb.ApiServerService/GetCompletions
2024-04-26 14:08:46.731 [INFO]: [Language Server (stderr)]:
I0426 14:08:46.730191 67136 unleash.go:90] Initializing Unleash
2024-04-26 14:08:47.765 [INFO]: [Language Server (stderr)]:
I0426 14:08:47.765039 67136 unleash.go:110] Successfully initialized Unleash
2024-04-26 14:08:47.786 [INFO]: [Language Server (stderr)]:
E0426 14:08:47.785584 67136 client_manager.go:262] Metadata is nil when trying to refresh user JWT
2024-04-26 14:08:47.787 [INFO]: [Language Server (stderr)]:
I0426 14:08:47.786447 67136 server.go:356] Successfully created API server client
2024-04-26 14:08:47.878 [INFO]: [Language Server (stderr)]:
I0426 14:08:47.876524 67136 server.go:365] Successfully initialized tokenizer
2024-04-26 14:08:47.882 [INFO]: [Language Server (stderr)]:
I0426 14:08:47.879733 67136 server.go:420] Local search is enabled, will index local files.
I0426 14:08:47.879922 67136 server.go:424] Using 1 indexer workers
2024-04-26 14:08:47.883 [INFO]: [Language Server (stderr)]:
I0426 14:08:47.880318 67136 search_provider.go:164] Using database at /home/figarillo/.codeium/database/9c0694567290725d9dcba14ade58e297/2/MODEL_EMBED_6591
2024-04-26 14:08:47.915 [INFO]: [Language Server (stderr)]:
I0426 14:08:47.914517 67136 search_provider.go:176] Successfully created embedding search database
2024-04-26 14:08:47.916 [INFO]: [Language Server (stderr)]:
I0426 14:08:47.915170 67136 search_provider.go:198] Successfully created and started indexer
I0426 14:08:47.915236 67136 search_provider.go:224] Successfully created embedding search provider
I0426 14:08:47.915257 67136 server.go:458] Successfully created exact search provider
2024-04-26 14:08:47.923 [INFO]: [Language Server (stderr)]:
I0426 14:08:47.922341 67136 server.go:486] Successfully created completion provider
2024-04-26 14:08:48.094 [INFO]: [Language Server (stderr)]:
I0426 14:08:48.092587 67136 server.go:576] Child process attempting to acquire lock file /tmp/2276ef9b-76ac-48dd-992c-622aedc6ebe1/codeium/manager/locks/child_lock_1714151325318143251_843314332146254082
I0426 14:08:48.093393 67136 server.go:586] Child process acquired lock file /tmp/2276ef9b-76ac-48dd-992c-622aedc6ebe1/codeium/manager/locks/child_lock_1714151325318143251_843314332146254082
2024-04-26 14:08:48.114 [INFO]: [Language Server (stderr)]:
I0426 14:08:48.110827 67136 server.go:184] LSP listening on random port at 45053
2024-04-26 14:08:48.116 [INFO]: [Language Server (stderr)]:
I0426 14:08:48.114511 67136 web_server.go:239] Chat Web Server listening at ws://127.0.0.1:46451
2024-04-26 14:08:48.136 [INFO]: [Language Server (stdout)]:
45053
2024-04-26 14:08:48.137 [INFO]: [Language Server (stderr)]:
I0426 14:08:48.135872 67127 main.go:284] Language server manager found random server port 42455
I0426 14:08:48.135948 67127 main.go:285] Language server manager found random lsp port 45053
I0426 14:08:48.135988 67127 main.go:292] Language server manager attempting to connect to language server at 127.0.0.1:42455
2024-04-26 14:08:48.168 [INFO]: [Language Server (stderr)]:
I0426 14:08:48.167454 67127 main.go:163] Fixing language server port at 42455
I0426 14:08:48.167481 67127 main.go:343] Language server manager successfully connected to new language server at 127.0.0.1:42455
2024-04-26 14:08:48.177 [INFO]: Found language server running on port 42455
2024-04-26 14:08:48.214 [INFO]: Downloaded binary: /home/figarillo/.codeium/bin/af6b6c543b224d348a8876f0c06245d9ea7929c5/ripgrep_linux_x64
2024-04-26 14:08:48.243 [INFO]: [Language Server (stderr)]:
I0426 14:08:48.242896 67136 rpcs_miscellaneous.go:103] Ripgrep available at /home/figarillo/.codeium/bin/af6b6c543b224d348a8876f0c06245d9ea7929c5/ripgrep_linux_x64
2024-04-26 14:08:48.426 [INFO]: [Language Server (stderr)]:
I0426 14:08:48.425721 67136 rpcs_miscellaneous.go:297] University version is up to date.
2024-04-26 14:08:54.004 [INFO]: [Language Server (stderr)]:
I0426 14:08:54.003491 67136 utils.go:159] Analyzing workspace files for /home/figarillo/Documents/Ingenieria/5to año/Testing/project/sacachispa-soft/backend/
2024-04-26 14:08:54.008 [INFO]: [Language Server (stderr)]:
I0426 14:08:54.005878 67136 utils.go:214] Done analyzing workspace files for /home/figarillo/Documents/Ingenieria/5to año/Testing/project/sacachispa-soft/backend/
I0426 14:08:54.005915 67136 lsp.go:186] Found 29 files in workspace /home/figarillo/Documents/Ingenieria/5to año/Testing/project/sacachispa-soft/backend/
2024-04-26 14:08:54.009 [INFO]: [Language Server (stderr)]:
I0426 14:08:54.008679 67136 indexing_listener.go:151] Add workspace event with uid: 1
2024-04-26 14:08:54.305 [INFO]: [Language Server (stderr)]:
I0426 14:08:54.304613 67136 lazy_model.go:29] Successfully created faiss index
2024-04-26 14:08:55.382 [INFO]: [Language Server (stderr)]:
I0426 14:08:55.382095 67136 indexing_listener.go:179] Done enqueue workspace with uid: 1
2024-04-26 14:09:30.266 [INFO]: Disposing language server process
2024-04-26 14:09:30.267 [INFO]: Deleting manager directory: /tmp/2276ef9b-76ac-48dd-992c-622aedc6ebe1/codeium/manager
2024-04-26 14:09:30.270 [INFO]: Successfully disposed language server
2024-04-26 14:09:30.419 [INFO]: [Language Server (stderr)]:
W0426 14:09:30.267150 67127 main.go:114] Language server manager got signal terminated, shutting down
2024-04-26 14:09:30.453 [INFO]: [Language Server (stderr)]:
I0426 14:09:30.451460 67136 server.go:687] Exit requested on language server process 67136
2024-04-26 14:09:30.454 [INFO]: [Language Server (stderr)]:
I0426 14:09:30.452721 67136 server.go:664] Language server shutting down
2024-04-26 14:09:30.519 [INFO]: [Language Server (stderr)]:
I0426 14:09:30.517040 67127 cmd_wrapper.go:267] LanguageServer exited with: success
2024-04-26 14:09:30.542 [INFO]: Language server exited with code 0
