2024-04-24 09:08:02.286 [INFO]: No proxy settings found
2024-04-24 09:08:07.073 [INFO]: Creating manager directory: /tmp/73be0fdf-803d-4d3b-b8e9-df33b75ccbaa/codeium/manager
2024-04-24 09:08:09.939 [INFO]: Using cached LS with valid crc32: /home/figarillo/.vscode-oss/extensions/codeium.codeium-1.8.25/dist/bce9baa3e327c603d0f5311324f2492d4642aa11/language_server_linux_x64
2024-04-24 09:08:09.962 [INFO]: Language server started
2024-04-24 09:08:10.569 [INFO]: [Language Server (stderr)]:
I0424 09:08:10.564050 49925 main.go:549] Starting language server manager with pid 49925
2024-04-24 09:08:10.570 [INFO]: [Language Server (stderr)]:
I0424 09:08:10.567809 49925 main.go:107] Manager acquired its lock file /tmp/73be0fdf-803d-4d3b-b8e9-df33b75ccbaa/codeium/manager/locks/manager.lock
2024-04-24 09:08:10.576 [INFO]: [Language Server (stderr)]:
I0424 09:08:10.571180 49925 main.go:245] Waiting for random port file in /tmp/73be0fdf-803d-4d3b-b8e9-df33b75ccbaa/codeium/manager/child_random_port_1713960490568010981_3895001858809016642 to be created
2024-04-24 09:08:11.946 [INFO]: [Language Server (stderr)]:
I0424 09:08:11.873919 49939 main.go:543] Starting language server process with pid 49939
2024-04-24 09:08:11.982 [INFO]: [Language Server (stderr)]:
I0424 09:08:11.980945 49939 server.go:158] Language server will attempt to listen on host 127.0.0.1
2024-04-24 09:08:11.983 [INFO]: [Language Server (stderr)]:
I0424 09:08:11.981261 49939 server.go:165] Language server listening on random port at 44319
2024-04-24 09:08:11.988 [INFO]: [Language Server (stderr)]:
I0424 09:08:11.987449 49939 proxy.go:113] proxyplease.proxy> No proxy provided. Attempting to infer from system.
I0424 09:08:11.987558 49939 proxy.go:113] proxyplease.proxy> No proxy could be determined. Assuming a direct connection.
I0424 09:08:11.987657 49939 client.go:589] [DEBUG] GET https://server.codeium.com/exa.api_server_pb.ApiServerService/GetCompletions
2024-04-24 09:08:13.246 [INFO]: [Language Server (stderr)]:
I0424 09:08:13.245917 49939 unleash.go:86] Initializing Unleash
2024-04-24 09:08:14.104 [INFO]: [Language Server (stderr)]:
I0424 09:08:14.101596 49939 unleash.go:106] Successfully initialized Unleash
2024-04-24 09:08:14.178 [INFO]: [Language Server (stderr)]:
I0424 09:08:14.173911 49939 server.go:346] Successfully created API server client
2024-04-24 09:08:14.183 [INFO]: [Language Server (stderr)]:
I0424 09:08:14.182816 49939 server.go:360] Successfully created API streaming client
2024-04-24 09:08:14.375 [INFO]: [Language Server (stderr)]:
I0424 09:08:14.371523 49939 server.go:369] Successfully initialized tokenizer
2024-04-24 09:08:14.384 [INFO]: [Language Server (stderr)]:
I0424 09:08:14.382068 49939 server.go:417] Local search is enabled, will index local files.
I0424 09:08:14.382148 49939 server.go:421] Using 1 indexer workers
2024-04-24 09:08:14.391 [INFO]: [Language Server (stderr)]:
I0424 09:08:14.383620 49939 search_provider.go:169] Using database at /home/figarillo/.codeium/database/9c0694567290725d9dcba14ade58e297/2/MODEL_EMBED_6591
2024-04-24 09:08:14.427 [INFO]: [Language Server (stderr)]:
I0424 09:08:14.426043 49939 search_provider.go:181] Successfully created embedding search database
2024-04-24 09:08:14.438 [INFO]: [Language Server (stderr)]:
I0424 09:08:14.429672 49939 search_provider.go:203] Successfully created and started indexer
I0424 09:08:14.429972 49939 search_provider.go:229] Successfully created embedding search provider
I0424 09:08:14.430018 49939 server.go:455] Successfully created exact search provider
2024-04-24 09:08:14.442 [INFO]: [Language Server (stderr)]:
E0424 09:08:14.437116 49939 unleash.go:57] Unleash error: Version string empty
E0424 09:08:14.437154 49939 unleash.go:57] Unleash error: Version string empty
E0424 09:08:14.437180 49939 unleash.go:57] Unleash error: Version string empty
E0424 09:08:14.437233 49939 unleash.go:57] Unleash error: Version string empty
2024-04-24 09:08:14.450 [INFO]: [Language Server (stderr)]:
I0424 09:08:14.448766 49939 server.go:483] Successfully created completion provider
2024-04-24 09:08:14.771 [INFO]: [Language Server (stderr)]:
I0424 09:08:14.766100 49939 server.go:574] Child process attempting to acquire lock file /tmp/73be0fdf-803d-4d3b-b8e9-df33b75ccbaa/codeium/manager/locks/child_lock_1713960490568063565_1211283824900326779
I0424 09:08:14.766348 49939 server.go:584] Child process acquired lock file /tmp/73be0fdf-803d-4d3b-b8e9-df33b75ccbaa/codeium/manager/locks/child_lock_1713960490568063565_1211283824900326779
2024-04-24 09:08:14.781 [INFO]: [Language Server (stderr)]:
I0424 09:08:14.779518 49939 server.go:185] LSP listening on random port at 34491
2024-04-24 09:08:14.784 [INFO]: [Language Server (stderr)]:
I0424 09:08:14.780872 49939 web_server.go:239] Chat Web Server listening at ws://127.0.0.1:33013
2024-04-24 09:08:14.786 [INFO]: [Language Server (stderr)]:
I0424 09:08:14.783361 49925 main.go:281] Language server manager found random server port 44319
I0424 09:08:14.783455 49925 main.go:282] Language server manager found random lsp port 34491
I0424 09:08:14.783486 49925 main.go:289] Language server manager attempting to connect to language server at 127.0.0.1:44319
2024-04-24 09:08:14.788 [INFO]: [Language Server (stdout)]:
34491
2024-04-24 09:08:14.836 [INFO]: [Language Server (stderr)]:
I0424 09:08:14.834916 49925 main.go:160] Fixing language server port at 44319
I0424 09:08:14.834956 49925 main.go:340] Language server manager successfully connected to new language server at 127.0.0.1:44319
2024-04-24 09:08:14.930 [INFO]: Found language server running on port 44319
2024-04-24 09:08:16.950 [INFO]: Downloaded binary: /home/figarillo/.codeium/bin/af6b6c543b224d348a8876f0c06245d9ea7929c5/ripgrep_linux_x64
2024-04-24 09:08:17.014 [INFO]: [Language Server (stderr)]:
I0424 09:08:17.012643 49939 rpcs_miscellaneous.go:107] Ripgrep available at /home/figarillo/.codeium/bin/af6b6c543b224d348a8876f0c06245d9ea7929c5/ripgrep_linux_x64
2024-04-24 09:08:17.277 [INFO]: [Language Server (stderr)]:
I0424 09:08:17.273807 49939 rpcs_miscellaneous.go:301] University version is up to date.
2024-04-24 09:08:46.026 [INFO]: Disposing language server process
2024-04-24 09:08:46.026 [INFO]: Deleting manager directory: /tmp/73be0fdf-803d-4d3b-b8e9-df33b75ccbaa/codeium/manager
2024-04-24 09:08:46.032 [INFO]: Successfully disposed language server
2024-04-24 09:08:46.431 [INFO]: [Language Server (stderr)]:
W0424 09:08:46.374966 49925 main.go:111] Language server manager got signal terminated, shutting down
E0424 09:08:46.395200 49925 main.go:354] Failed to acquire lock on /tmp/73be0fdf-803d-4d3b-b8e9-df33b75ccbaa/codeium/manager/locks/child_lock_1713960490568063565_1211283824900326779: open /tmp/73be0fdf-803d-4d3b-b8e9-df33b75ccbaa/codeium/manager/locks/child_lock_1713960490568063565_1211283824900326779: no such file or directory
2024-04-24 09:08:46.441 [INFO]: [Language Server (stderr)]:
I0424 09:08:46.434908 49939 server.go:685] Exit requested on language server process 49939
I0424 09:08:46.440553 49939 server.go:662] Language server shutting down
2024-04-24 09:08:46.716 [INFO]: [Language Server (stderr)]:
I0424 09:08:46.648615 49925 cmd_wrapper.go:267] LanguageServer exited with: success
2024-04-24 09:08:46.724 [ERROR]: Failed to stop lsp
2024-04-24 09:08:46.729 [INFO]: Language server exited with code 0
2024-04-24 09:08:46.731 [ERROR]: Failed to stop exit
2024-04-24 09:08:46.869 [ERROR]: [unavailable] connect ECONNREFUSED 127.0.0.1:44319
2024-04-24 09:08:47.376 [ERROR]: [unavailable] connect ECONNREFUSED 127.0.0.1:44319
2024-04-24 09:08:47.726 [ERROR]: connect ECONNREFUSED 127.0.0.1:33013
2024-04-24 09:08:47.728 [ERROR]: connect ECONNREFUSED 127.0.0.1:33013
2024-04-24 09:08:47.870 [ERROR]: [unavailable] connect ECONNREFUSED 127.0.0.1:44319
