[Info  - 09:08:06] 2024/04/24 09:08:06 go info for /home/figarillo/Documents/Ingenieria/5to año/Testing/project/sacachispa-soft/backend
(view type GoModView)
(root dir /home/figarillo/Documents/Ingenieria/5to año/Testing/project/sacachispa-soft/backend)
(go version go version go1.22.1 linux/amd64)
(build flags: [])
(go env: {GOOS:linux GOARCH:amd64 GOCACHE:/home/figarillo/.cache/go-build GOMODCACHE:/home/figarillo/go/pkg/mod GOPATH:/home/figarillo/go GOPRIVATE: GOFLAGS: GO111MODULE: GoVersion:22 GoVersionOutput:go version go1.22.1 linux/amd64
 GOWORK: GOPACKAGESDRIVER:})
(env overlay: map[])


[Error - 09:08:06] 2024/04/24 09:08:06 failed to compute document links: /home/figarillo/Documents/Ingenieria/5to año/Testing/project/sacachispa-soft/backend/go.mod:5: unknown directive: <<<<<<<
/home/figarillo/Documents/Ingenieria/5to año/Testing/project/sacachispa-soft/backend/go.mod:35: unknown directive: =======
/home/figarillo/Documents/Ingenieria/5to año/Testing/project/sacachispa-soft/backend/go.mod:37: unknown directive: >>>>>>>
	URI=file:///home/figarillo/Documents/Ingenieria/5to%20a%C3%B1o/Testing/project/sacachispa-soft/backend/go.mod

[Error - 09:08:06] Request textDocument/inlayHint failed.
  Message: /home/figarillo/Documents/Ingenieria/5to año/Testing/project/sacachispa-soft/backend/go.mod:5: unknown directive: <<<<<<<
/home/figarillo/Documents/Ingenieria/5to año/Testing/project/sacachispa-soft/backend/go.mod:35: unknown directive: =======
/home/figarillo/Documents/Ingenieria/5to año/Testing/project/sacachispa-soft/backend/go.mod:37: unknown directive: >>>>>>>
  Code: 0 
[Error - 09:08:06] Request textDocument/semanticTokens/range failed.
  Message: semantictokens are disabled
  Code: 0 
[Error - 09:08:06] 2024/04/24 09:08:06 code lens upgrade_dependency failed: /home/figarillo/Documents/Ingenieria/5to año/Testing/project/sacachispa-soft/backend/go.mod:5: unknown directive: <<<<<<<
/home/figarillo/Documents/Ingenieria/5to año/Testing/project/sacachispa-soft/backend/go.mod:35: unknown directive: =======
/home/figarillo/Documents/Ingenieria/5to año/Testing/project/sacachispa-soft/backend/go.mod:37: unknown directive: >>>>>>>

[Error - 09:08:06] 2024/04/24 09:08:06 code lens tidy failed: /home/figarillo/Documents/Ingenieria/5to año/Testing/project/sacachispa-soft/backend/go.mod:5: unknown directive: <<<<<<<
/home/figarillo/Documents/Ingenieria/5to año/Testing/project/sacachispa-soft/backend/go.mod:35: unknown directive: =======
/home/figarillo/Documents/Ingenieria/5to año/Testing/project/sacachispa-soft/backend/go.mod:37: unknown directive: >>>>>>>

[Error - 09:08:06] 2024/04/24 09:08:06 code lens vendor failed: /home/figarillo/Documents/Ingenieria/5to año/Testing/project/sacachispa-soft/backend/go.mod:5: unknown directive: <<<<<<<
/home/figarillo/Documents/Ingenieria/5to año/Testing/project/sacachispa-soft/backend/go.mod:35: unknown directive: =======
/home/figarillo/Documents/Ingenieria/5to año/Testing/project/sacachispa-soft/backend/go.mod:37: unknown directive: >>>>>>>

[Error - 09:08:06] Request textDocument/semanticTokens/full failed.
  Message: semantictokens are disabled
  Code: 0 
[Error - 09:08:07] 2024/04/24 09:08:07 errors loading workspace: /home/figarillo/Documents/Ingenieria/5to año/Testing/project/sacachispa-soft/backend/go.mod:5: unknown directive: <<<<<<<
/home/figarillo/Documents/Ingenieria/5to año/Testing/project/sacachispa-soft/backend/go.mod:35: unknown directive: =======
/home/figarillo/Documents/Ingenieria/5to año/Testing/project/sacachispa-soft/backend/go.mod:37: unknown directive: >>>>>>>
	snapshot=1
	directory=file:///home/figarillo/Documents/Ingenieria/5to%20a%C3%B1o/Testing/project/sacachispa-soft/backend

[Error - 09:08:07] Request textDocument/hover failed.
  Message: getting modfile handle: /home/figarillo/Documents/Ingenieria/5to año/Testing/project/sacachispa-soft/backend/go.mod:5: unknown directive: <<<<<<<
/home/figarillo/Documents/Ingenieria/5to año/Testing/project/sacachispa-soft/backend/go.mod:35: unknown directive: =======
/home/figarillo/Documents/Ingenieria/5to año/Testing/project/sacachispa-soft/backend/go.mod:37: unknown directive: >>>>>>>
  Code: 0 
[Error - 09:08:08] Request textDocument/inlayHint failed.
  Message: /home/figarillo/Documents/Ingenieria/5to año/Testing/project/sacachispa-soft/backend/go.mod:5: unknown directive: <<<<<<<
/home/figarillo/Documents/Ingenieria/5to año/Testing/project/sacachispa-soft/backend/go.mod:35: unknown directive: =======
/home/figarillo/Documents/Ingenieria/5to año/Testing/project/sacachispa-soft/backend/go.mod:37: unknown directive: >>>>>>>
  Code: 0 
[Error - 09:08:08] Request textDocument/semanticTokens/range failed.
  Message: semantictokens are disabled
  Code: 0 
[Error - 09:08:08] Request textDocument/inlayHint failed.
  Message: /home/figarillo/Documents/Ingenieria/5to año/Testing/project/sacachispa-soft/backend/go.mod:5: unknown directive: <<<<<<<
/home/figarillo/Documents/Ingenieria/5to año/Testing/project/sacachispa-soft/backend/go.mod:35: unknown directive: =======
/home/figarillo/Documents/Ingenieria/5to año/Testing/project/sacachispa-soft/backend/go.mod:37: unknown directive: >>>>>>>
  Code: 0 
[Error - 09:08:09] Request textDocument/semanticTokens/range failed.
  Message: semantictokens are disabled
  Code: 0 
[Error - 09:08:09] Request textDocument/inlayHint failed.
  Message: /home/figarillo/Documents/Ingenieria/5to año/Testing/project/sacachispa-soft/backend/go.mod:5: unknown directive: <<<<<<<
/home/figarillo/Documents/Ingenieria/5to año/Testing/project/sacachispa-soft/backend/go.mod:35: unknown directive: =======
/home/figarillo/Documents/Ingenieria/5to año/Testing/project/sacachispa-soft/backend/go.mod:37: unknown directive: >>>>>>>
  Code: 0 
[Error - 09:08:09] Request textDocument/inlayHint failed.
  Message: /home/figarillo/Documents/Ingenieria/5to año/Testing/project/sacachispa-soft/backend/go.mod:5: unknown directive: <<<<<<<
/home/figarillo/Documents/Ingenieria/5to año/Testing/project/sacachispa-soft/backend/go.mod:35: unknown directive: =======
/home/figarillo/Documents/Ingenieria/5to año/Testing/project/sacachispa-soft/backend/go.mod:37: unknown directive: >>>>>>>
  Code: 0 
[Error - 09:08:09] Request textDocument/semanticTokens/range failed.
  Message: semantictokens are disabled
  Code: 0 
[Error - 09:08:12] Request textDocument/hover failed.
  Message: getting modfile handle: /home/figarillo/Documents/Ingenieria/5to año/Testing/project/sacachispa-soft/backend/go.mod:5: unknown directive: <<<<<<<
/home/figarillo/Documents/Ingenieria/5to año/Testing/project/sacachispa-soft/backend/go.mod:35: unknown directive: =======
/home/figarillo/Documents/Ingenieria/5to año/Testing/project/sacachispa-soft/backend/go.mod:37: unknown directive: >>>>>>>
  Code: 0 
[Error - 09:08:19] Request textDocument/inlayHint failed.
  Message: /home/figarillo/Documents/Ingenieria/5to año/Testing/project/sacachispa-soft/backend/go.mod:5: unknown directive: <<<<<<<
/home/figarillo/Documents/Ingenieria/5to año/Testing/project/sacachispa-soft/backend/go.mod:35: unknown directive: =======
/home/figarillo/Documents/Ingenieria/5to año/Testing/project/sacachispa-soft/backend/go.mod:37: unknown directive: >>>>>>>
  Code: 0 
[Error - 09:08:19] Request textDocument/semanticTokens/range failed.
  Message: semantictokens are disabled
  Code: 0 
[Error - 09:08:19] Request textDocument/inlayHint failed.
  Message: /home/figarillo/Documents/Ingenieria/5to año/Testing/project/sacachispa-soft/backend/go.mod:5: unknown directive: <<<<<<<
/home/figarillo/Documents/Ingenieria/5to año/Testing/project/sacachispa-soft/backend/go.mod:35: unknown directive: =======
/home/figarillo/Documents/Ingenieria/5to año/Testing/project/sacachispa-soft/backend/go.mod:37: unknown directive: >>>>>>>
  Code: 0 
[Error - 09:08:19] Request textDocument/semanticTokens/range failed.
  Message: semantictokens are disabled
  Code: 0 
[Error - 09:08:21] 2024/04/24 09:08:21 code lens upgrade_dependency failed: /home/figarillo/Documents/Ingenieria/5to año/Testing/project/sacachispa-soft/backend/go.mod:5: unknown directive: <<<<<<<
/home/figarillo/Documents/Ingenieria/5to año/Testing/project/sacachispa-soft/backend/go.mod:35: unknown directive: =======
/home/figarillo/Documents/Ingenieria/5to año/Testing/project/sacachispa-soft/backend/go.mod:37: unknown directive: >>>>>>>

[Error - 09:08:21] 2024/04/24 09:08:21 code lens tidy failed: /home/figarillo/Documents/Ingenieria/5to año/Testing/project/sacachispa-soft/backend/go.mod:5: unknown directive: <<<<<<<
/home/figarillo/Documents/Ingenieria/5to año/Testing/project/sacachispa-soft/backend/go.mod:35: unknown directive: =======
/home/figarillo/Documents/Ingenieria/5to año/Testing/project/sacachispa-soft/backend/go.mod:37: unknown directive: >>>>>>>

[Error - 09:08:21] 2024/04/24 09:08:21 code lens vendor failed: /home/figarillo/Documents/Ingenieria/5to año/Testing/project/sacachispa-soft/backend/go.mod:5: unknown directive: <<<<<<<
/home/figarillo/Documents/Ingenieria/5to año/Testing/project/sacachispa-soft/backend/go.mod:35: unknown directive: =======
/home/figarillo/Documents/Ingenieria/5to año/Testing/project/sacachispa-soft/backend/go.mod:37: unknown directive: >>>>>>>

[Error - 09:08:22] Request textDocument/inlayHint failed.
  Message: /home/figarillo/Documents/Ingenieria/5to año/Testing/project/sacachispa-soft/backend/go.mod:5: unknown directive: <<<<<<<
/home/figarillo/Documents/Ingenieria/5to año/Testing/project/sacachispa-soft/backend/go.mod:35: unknown directive: =======
/home/figarillo/Documents/Ingenieria/5to año/Testing/project/sacachispa-soft/backend/go.mod:37: unknown directive: >>>>>>>
  Code: 0 
[Error - 09:08:22] Request textDocument/semanticTokens/range failed.
  Message: semantictokens are disabled
  Code: 0 
[Error - 09:08:22] Request textDocument/hover failed.
  Message: getting modfile handle: /home/figarillo/Documents/Ingenieria/5to año/Testing/project/sacachispa-soft/backend/go.mod:5: unknown directive: <<<<<<<
/home/figarillo/Documents/Ingenieria/5to año/Testing/project/sacachispa-soft/backend/go.mod:35: unknown directive: =======
/home/figarillo/Documents/Ingenieria/5to año/Testing/project/sacachispa-soft/backend/go.mod:37: unknown directive: >>>>>>>
  Code: 0 
[Error - 09:08:24] Request textDocument/semanticTokens/range failed.
  Message: semantictokens are disabled
  Code: 0 
[Error - 09:08:25] Request textDocument/semanticTokens/full failed.
  Message: semantictokens are disabled
  Code: 0 
[Error - 09:08:25] Request textDocument/semanticTokens/range failed.
  Message: semantictokens are disabled
  Code: 0 
[Error - 09:08:29] 2024/04/24 09:08:29 go/packages.Load #3: err: exit status 1: stderr: malformed go.sum:
/home/figarillo/Documents/Ingenieria/5to año/Testing/project/sacachispa-soft/backend/go.sum:1: wrong number of fields 2

	snapshot=3
	directory=file:///home/figarillo/Documents/Ingenieria/5to%20a%C3%B1o/Testing/project/sacachispa-soft/backend
	query=[/home/figarillo/Documents/Ingenieria/5to año/Testing/project/sacachispa-soft/backend/... builtin]
	packages=0

[Error - 09:08:29] 2024/04/24 09:08:29 initial workspace load failed: packages.Load error: err: exit status 1: stderr: malformed go.sum:
/home/figarillo/Documents/Ingenieria/5to año/Testing/project/sacachispa-soft/backend/go.sum:1: wrong number of fields 2


[Error - 09:08:35] Request textDocument/semanticTokens/full failed.
  Message: semantictokens are disabled
  Code: 0 
[Error - 09:08:35] 2024/04/24 09:08:35 go/packages.Load #5: err: exit status 1: stderr: malformed go.sum:
/home/figarillo/Documents/Ingenieria/5to año/Testing/project/sacachispa-soft/backend/go.sum:1: wrong number of fields 2

	snapshot=5
	directory=file:///home/figarillo/Documents/Ingenieria/5to%20a%C3%B1o/Testing/project/sacachispa-soft/backend
	query=[/home/figarillo/Documents/Ingenieria/5to año/Testing/project/sacachispa-soft/backend/... builtin]
	packages=0

[Error - 09:08:35] 2024/04/24 09:08:35 initial workspace load failed: packages.Load error: err: exit status 1: stderr: malformed go.sum:
/home/figarillo/Documents/Ingenieria/5to año/Testing/project/sacachispa-soft/backend/go.sum:1: wrong number of fields 2


[Error - 09:08:35] Request textDocument/semanticTokens/range failed.
  Message: semantictokens are disabled
  Code: 0 
[Error - 09:08:36] Request textDocument/semanticTokens/range failed.
  Message: semantictokens are disabled
  Code: 0 
[Error - 09:08:40] Request textDocument/semanticTokens/range failed.
  Message: semantictokens are disabled
  Code: 0 
[Error - 09:08:40] Request textDocument/semanticTokens/full failed.
  Message: semantictokens are disabled
  Code: 0 
[Error - 09:08:48] Stopping server timed out
