2024-06-10 09:59:56.267 [info] Log level: Info
2024-06-10 09:59:56.267 [info] Validating found git in: "git"
2024-06-10 09:59:56.267 [info] Using git "2.45.1" from "git"
2024-06-10 10:00:42.284 [info] Log level: Info
2024-06-10 10:00:42.284 [info] Validating found git in: "git"
2024-06-10 10:00:42.284 [info] Using git "2.45.1" from "git"
2024-06-10 10:00:42.284 [info] > git rev-parse --show-toplevel [5ms]
2024-06-10 10:00:42.284 [info] fatal: not a git repository (or any parent up to mount point /)
Stopping at filesystem boundary (GIT_DISCOVERY_ACROSS_FILESYSTEM not set).
2024-06-10 10:01:56.262 [info] > git rev-parse --show-toplevel [5ms]
2024-06-10 10:01:56.262 [info] fatal: not a git repository (or any parent up to mount point /)
Stopping at filesystem boundary (GIT_DISCOVERY_ACROSS_FILESYSTEM not set).
2024-06-10 10:02:56.161 [info] > git rev-parse --show-toplevel [39ms]
2024-06-10 10:02:56.234 [info] > git rev-parse --git-dir --git-common-dir [12ms]
2024-06-10 10:02:56.276 [info] Open repository: /home/figarillo/Documents/Programacion/Angular/Curso-SergieCode/app-1
2024-06-10 10:02:56.314 [info] > git config --get commit.template [8ms]
2024-06-10 10:02:56.345 [info] No remotes found in the git config file.
2024-06-10 10:02:56.350 [info] > git for-each-ref --format=%(refname)%00%(upstream:short)%00%(objectname)%00%(upstream:track)%00%(upstream:remotename)%00%(upstream:remoteref) refs/heads/master refs/remotes/master [9ms]
2024-06-10 10:02:56.412 [info] > git status -z -uall [18ms]
2024-06-10 10:02:56.460 [info] > git config --get commit.template [6ms]
2024-06-10 10:02:56.491 [info] No remotes found in the git config file.
2024-06-10 10:02:56.502 [info] > git for-each-ref --format=%(refname)%00%(upstream:short)%00%(objectname)%00%(upstream:track)%00%(upstream:remotename)%00%(upstream:remoteref) refs/heads/master refs/remotes/master [10ms]
2024-06-10 10:02:56.528 [info] > git status -z -uall [9ms]
2024-06-10 10:02:57.020 [info] > git check-ignore -v -z --stdin [13ms]
2024-06-10 10:03:15.113 [info] > git fetch [23ms]
2024-06-10 10:03:15.278 [info] > git config --get commit.template [120ms]
2024-06-10 10:03:15.314 [info] No remotes found in the git config file.
2024-06-10 10:03:15.322 [info] > git for-each-ref --format=%(refname)%00%(upstream:short)%00%(objectname)%00%(upstream:track)%00%(upstream:remotename)%00%(upstream:remoteref) refs/heads/master refs/remotes/master [12ms]
2024-06-10 10:03:15.351 [info] > git status -z -uall [14ms]
2024-06-10 10:03:41.480 [info] Log level: Info
2024-06-10 10:03:41.480 [info] Validating found git in: "git"
2024-06-10 10:03:41.480 [info] Using git "2.45.1" from "git"
2024-06-10 10:03:41.487 [info] > git rev-parse --show-toplevel [14ms]
2024-06-10 10:03:41.557 [info] > git rev-parse --git-dir --git-common-dir [9ms]
2024-06-10 10:03:41.605 [info] Open repository: /home/figarillo/Documents/Programacion/Angular/Curso-SergieCode/app-1
2024-06-10 10:03:43.751 [info] > git fetch [2147ms]
2024-06-10 10:03:44.256 [info] > git rev-parse --show-toplevel [544ms]
2024-06-10 10:03:44.259 [info] > git config --get commit.template [560ms]
2024-06-10 10:03:44.345 [info] > git check-ignore -v -z --stdin [27ms]
2024-06-10 10:03:44.361 [info] > git config --get commit.template [170ms]
2024-06-10 10:03:44.400 [info] No remotes found in the git config file.
2024-06-10 10:03:44.416 [info] > git rev-parse --show-toplevel [75ms]
2024-06-10 10:03:44.429 [info] No remotes found in the git config file.
2024-06-10 10:03:44.442 [info] > git for-each-ref --format=%(refname)%00%(upstream:short)%00%(objectname)%00%(upstream:track)%00%(upstream:remotename)%00%(upstream:remoteref) refs/heads/master refs/remotes/master [44ms]
2024-06-10 10:03:44.496 [info] > git for-each-ref --format=%(refname)%00%(upstream:short)%00%(objectname)%00%(upstream:track)%00%(upstream:remotename)%00%(upstream:remoteref) refs/heads/master refs/remotes/master [67ms]
2024-06-10 10:03:44.526 [info] > git config --get commit.template [34ms]
2024-06-10 10:03:44.546 [info] No remotes found in the git config file.
2024-06-10 10:03:44.556 [info] > git for-each-ref --format=%(refname)%00%(upstream:short)%00%(objectname)%00%(upstream:track)%00%(upstream:remotename)%00%(upstream:remoteref) refs/heads/master refs/remotes/master [11ms]
2024-06-10 10:03:44.594 [info] > git status -z -uall [27ms]
2024-06-10 10:06:44.526 [info] > git fetch [11ms]
2024-06-10 10:06:44.557 [info] No remotes found in the git config file.
2024-06-10 10:06:44.560 [info] > git config --get commit.template [16ms]
2024-06-10 10:06:44.561 [info] > git for-each-ref --format=%(refname)%00%(upstream:short)%00%(objectname)%00%(upstream:track)%00%(upstream:remotename)%00%(upstream:remoteref) refs/heads/master refs/remotes/master [4ms]
2024-06-10 10:06:44.580 [info] > git status -z -uall [9ms]
2024-06-10 10:06:45.704 [info] > git config --get commit.template [2ms]
2024-06-10 10:06:45.716 [info] No remotes found in the git config file.
2024-06-10 10:06:45.720 [info] > git for-each-ref --format=%(refname)%00%(upstream:short)%00%(objectname)%00%(upstream:track)%00%(upstream:remotename)%00%(upstream:remoteref) refs/heads/master refs/remotes/master [4ms]
2024-06-10 10:06:45.741 [info] > git status -z -uall [7ms]
2024-06-10 10:13:51.996 [info] > git fetch [39ms]
2024-06-10 10:13:52.049 [info] > git config --get commit.template [8ms]
2024-06-10 10:13:52.091 [info] No remotes found in the git config file.
2024-06-10 10:13:52.093 [info] > git for-each-ref --format=%(refname)%00%(upstream:short)%00%(objectname)%00%(upstream:track)%00%(upstream:remotename)%00%(upstream:remoteref) refs/heads/master refs/remotes/master [2ms]
2024-06-10 10:13:52.124 [info] > git status -z -uall [12ms]
2024-06-10 10:16:52.155 [info] > git fetch [6ms]
2024-06-10 10:16:52.186 [info] No remotes found in the git config file.
2024-06-10 10:16:52.188 [info] > git config --get commit.template [17ms]
2024-06-10 10:16:52.190 [info] > git for-each-ref --format=%(refname)%00%(upstream:short)%00%(objectname)%00%(upstream:track)%00%(upstream:remotename)%00%(upstream:remoteref) refs/heads/master refs/remotes/master [6ms]
2024-06-10 10:16:52.212 [info] > git status -z -uall [8ms]
2024-06-10 10:16:53.263 [info] No remotes found in the git config file.
2024-06-10 10:16:53.264 [info] > git config --get commit.template [15ms]
2024-06-10 10:16:53.266 [info] > git for-each-ref --format=%(refname)%00%(upstream:short)%00%(objectname)%00%(upstream:track)%00%(upstream:remotename)%00%(upstream:remoteref) refs/heads/master refs/remotes/master [3ms]
2024-06-10 10:16:53.284 [info] > git status -z -uall [8ms]
2024-06-10 10:19:52.242 [info] > git fetch [7ms]
2024-06-10 10:19:52.265 [info] No remotes found in the git config file.
2024-06-10 10:19:52.267 [info] > git config --get commit.template [13ms]
2024-06-10 10:19:52.268 [info] > git for-each-ref --format=%(refname)%00%(upstream:short)%00%(objectname)%00%(upstream:track)%00%(upstream:remotename)%00%(upstream:remoteref) refs/heads/master refs/remotes/master [4ms]
2024-06-10 10:19:52.284 [info] > git status -z -uall [5ms]
2024-06-10 10:19:53.351 [info] > git config --get commit.template [3ms]
2024-06-10 10:19:53.367 [info] No remotes found in the git config file.
2024-06-10 10:19:53.368 [info] > git for-each-ref --format=%(refname)%00%(upstream:short)%00%(objectname)%00%(upstream:track)%00%(upstream:remotename)%00%(upstream:remoteref) refs/heads/master refs/remotes/master [1ms]
2024-06-10 10:19:53.390 [info] > git status -z -uall [8ms]
2024-06-10 10:47:02.420 [info] > git fetch [12ms]
2024-06-10 10:47:02.452 [info] > git config --get commit.template [4ms]
2024-06-10 10:47:02.471 [info] No remotes found in the git config file.
2024-06-10 10:47:02.476 [info] > git for-each-ref --format=%(refname)%00%(upstream:short)%00%(objectname)%00%(upstream:track)%00%(upstream:remotename)%00%(upstream:remoteref) refs/heads/master refs/remotes/master [6ms]
2024-06-10 10:47:02.521 [info] > git status -z -uall [24ms]
2024-06-10 10:50:02.552 [info] > git fetch [6ms]
2024-06-10 10:50:02.575 [info] No remotes found in the git config file.
2024-06-10 10:50:02.578 [info] > git config --get commit.template [12ms]
2024-06-10 10:50:02.579 [info] > git for-each-ref --format=%(refname)%00%(upstream:short)%00%(objectname)%00%(upstream:track)%00%(upstream:remotename)%00%(upstream:remoteref) refs/heads/master refs/remotes/master [4ms]
2024-06-10 10:50:02.597 [info] > git status -z -uall [8ms]
2024-06-10 10:50:03.649 [info] No remotes found in the git config file.
2024-06-10 10:50:03.651 [info] > git config --get commit.template [12ms]
2024-06-10 10:50:03.652 [info] > git for-each-ref --format=%(refname)%00%(upstream:short)%00%(objectname)%00%(upstream:track)%00%(upstream:remotename)%00%(upstream:remoteref) refs/heads/master refs/remotes/master [3ms]
2024-06-10 10:50:03.667 [info] > git status -z -uall [5ms]
2024-06-10 10:53:02.621 [info] > git fetch [6ms]
2024-06-10 10:53:02.654 [info] No remotes found in the git config file.
2024-06-10 10:53:02.658 [info] > git config --get commit.template [16ms]
2024-06-10 10:53:02.659 [info] > git for-each-ref --format=%(refname)%00%(upstream:short)%00%(objectname)%00%(upstream:track)%00%(upstream:remotename)%00%(upstream:remoteref) refs/heads/master refs/remotes/master [5ms]
2024-06-10 10:53:02.681 [info] > git status -z -uall [6ms]
2024-06-10 10:53:03.720 [info] No remotes found in the git config file.
2024-06-10 10:53:03.721 [info] > git config --get commit.template [11ms]
2024-06-10 10:53:03.722 [info] > git for-each-ref --format=%(refname)%00%(upstream:short)%00%(objectname)%00%(upstream:track)%00%(upstream:remotename)%00%(upstream:remoteref) refs/heads/master refs/remotes/master [3ms]
2024-06-10 10:53:03.739 [info] > git status -z -uall [7ms]
2024-06-10 10:56:02.703 [info] > git fetch [7ms]
2024-06-10 10:56:02.725 [info] No remotes found in the git config file.
2024-06-10 10:56:02.727 [info] > git config --get commit.template [12ms]
2024-06-10 10:56:02.728 [info] > git for-each-ref --format=%(refname)%00%(upstream:short)%00%(objectname)%00%(upstream:track)%00%(upstream:remotename)%00%(upstream:remoteref) refs/heads/master refs/remotes/master [3ms]
2024-06-10 10:56:02.745 [info] > git status -z -uall [6ms]
2024-06-10 10:56:03.802 [info] No remotes found in the git config file.
2024-06-10 10:56:03.804 [info] > git config --get commit.template [12ms]
2024-06-10 10:56:03.805 [info] > git for-each-ref --format=%(refname)%00%(upstream:short)%00%(objectname)%00%(upstream:track)%00%(upstream:remotename)%00%(upstream:remoteref) refs/heads/master refs/remotes/master [3ms]
2024-06-10 10:56:03.822 [info] > git status -z -uall [6ms]
2024-06-10 10:59:02.770 [info] > git fetch [7ms]
2024-06-10 10:59:02.791 [info] No remotes found in the git config file.
2024-06-10 10:59:02.794 [info] > git config --get commit.template [11ms]
2024-06-10 10:59:02.797 [info] > git for-each-ref --format=%(refname)%00%(upstream:short)%00%(objectname)%00%(upstream:track)%00%(upstream:remotename)%00%(upstream:remoteref) refs/heads/master refs/remotes/master [6ms]
2024-06-10 10:59:02.814 [info] > git status -z -uall [6ms]
2024-06-10 10:59:03.857 [info] No remotes found in the git config file.
2024-06-10 10:59:03.870 [info] > git config --get commit.template [13ms]
2024-06-10 10:59:03.871 [info] > git for-each-ref --format=%(refname)%00%(upstream:short)%00%(objectname)%00%(upstream:track)%00%(upstream:remotename)%00%(upstream:remoteref) refs/heads/master refs/remotes/master [3ms]
2024-06-10 10:59:03.887 [info] > git status -z -uall [5ms]
2024-06-10 11:02:02.840 [info] > git fetch [6ms]
2024-06-10 11:02:02.866 [info] No remotes found in the git config file.
2024-06-10 11:02:02.868 [info] > git config --get commit.template [13ms]
2024-06-10 11:02:02.869 [info] > git for-each-ref --format=%(refname)%00%(upstream:short)%00%(objectname)%00%(upstream:track)%00%(upstream:remotename)%00%(upstream:remoteref) refs/heads/master refs/remotes/master [4ms]
2024-06-10 11:02:02.885 [info] > git status -z -uall [5ms]
2024-06-10 11:02:03.936 [info] No remotes found in the git config file.
2024-06-10 11:02:03.937 [info] > git config --get commit.template [12ms]
2024-06-10 11:02:03.940 [info] > git for-each-ref --format=%(refname)%00%(upstream:short)%00%(objectname)%00%(upstream:track)%00%(upstream:remotename)%00%(upstream:remoteref) refs/heads/master refs/remotes/master [4ms]
2024-06-10 11:02:03.957 [info] > git status -z -uall [6ms]
2024-06-10 11:05:02.908 [info] > git fetch [7ms]
2024-06-10 11:05:02.933 [info] No remotes found in the git config file.
2024-06-10 11:05:02.935 [info] > git config --get commit.template [14ms]
2024-06-10 11:05:02.938 [info] > git for-each-ref --format=%(refname)%00%(upstream:short)%00%(objectname)%00%(upstream:track)%00%(upstream:remotename)%00%(upstream:remoteref) refs/heads/master refs/remotes/master [6ms]
2024-06-10 11:05:02.960 [info] > git status -z -uall [8ms]
2024-06-10 11:05:04.004 [info] No remotes found in the git config file.
2024-06-10 11:05:04.005 [info] > git config --get commit.template [11ms]
2024-06-10 11:05:04.006 [info] > git for-each-ref --format=%(refname)%00%(upstream:short)%00%(objectname)%00%(upstream:track)%00%(upstream:remotename)%00%(upstream:remoteref) refs/heads/master refs/remotes/master [2ms]
2024-06-10 11:05:04.023 [info] > git status -z -uall [5ms]
2024-06-10 11:08:02.984 [info] > git fetch [6ms]
2024-06-10 11:08:03.000 [info] No remotes found in the git config file.
2024-06-10 11:08:03.013 [info] > git config --get commit.template [14ms]
2024-06-10 11:08:03.015 [info] > git for-each-ref --format=%(refname)%00%(upstream:short)%00%(objectname)%00%(upstream:track)%00%(upstream:remotename)%00%(upstream:remoteref) refs/heads/master refs/remotes/master [4ms]
2024-06-10 11:08:03.033 [info] > git status -z -uall [6ms]
2024-06-10 11:08:04.085 [info] No remotes found in the git config file.
2024-06-10 11:08:04.087 [info] > git config --get commit.template [15ms]
2024-06-10 11:08:04.088 [info] > git for-each-ref --format=%(refname)%00%(upstream:short)%00%(objectname)%00%(upstream:track)%00%(upstream:remotename)%00%(upstream:remoteref) refs/heads/master refs/remotes/master [3ms]
2024-06-10 11:08:04.109 [info] > git status -z -uall [8ms]
2024-06-10 11:11:03.054 [info] > git fetch [7ms]
2024-06-10 11:11:03.068 [info] No remotes found in the git config file.
2024-06-10 11:11:03.079 [info] > git config --get commit.template [11ms]
2024-06-10 11:11:03.080 [info] > git for-each-ref --format=%(refname)%00%(upstream:short)%00%(objectname)%00%(upstream:track)%00%(upstream:remotename)%00%(upstream:remoteref) refs/heads/master refs/remotes/master [2ms]
2024-06-10 11:11:03.097 [info] > git status -z -uall [7ms]
2024-06-10 11:11:04.151 [info] No remotes found in the git config file.
2024-06-10 11:11:04.152 [info] > git config --get commit.template [13ms]
2024-06-10 11:11:04.155 [info] > git for-each-ref --format=%(refname)%00%(upstream:short)%00%(objectname)%00%(upstream:track)%00%(upstream:remotename)%00%(upstream:remoteref) refs/heads/master refs/remotes/master [3ms]
2024-06-10 11:11:04.171 [info] > git status -z -uall [6ms]
2024-06-10 11:14:03.119 [info] > git fetch [6ms]
2024-06-10 11:14:03.143 [info] No remotes found in the git config file.
2024-06-10 11:14:03.145 [info] > git config --get commit.template [11ms]
2024-06-10 11:14:03.146 [info] > git for-each-ref --format=%(refname)%00%(upstream:short)%00%(objectname)%00%(upstream:track)%00%(upstream:remotename)%00%(upstream:remoteref) refs/heads/master refs/remotes/master [4ms]
2024-06-10 11:14:03.164 [info] > git status -z -uall [8ms]
2024-06-10 11:14:04.208 [info] No remotes found in the git config file.
2024-06-10 11:14:04.220 [info] > git config --get commit.template [12ms]
2024-06-10 11:14:04.222 [info] > git for-each-ref --format=%(refname)%00%(upstream:short)%00%(objectname)%00%(upstream:track)%00%(upstream:remotename)%00%(upstream:remoteref) refs/heads/master refs/remotes/master [4ms]
2024-06-10 11:14:04.237 [info] > git status -z -uall [5ms]
2024-06-10 11:17:03.185 [info] > git fetch [6ms]
2024-06-10 11:17:03.202 [info] > git config --get commit.template [3ms]
2024-06-10 11:17:03.212 [info] No remotes found in the git config file.
2024-06-10 11:17:03.214 [info] > git for-each-ref --format=%(refname)%00%(upstream:short)%00%(objectname)%00%(upstream:track)%00%(upstream:remotename)%00%(upstream:remoteref) refs/heads/master refs/remotes/master [2ms]
2024-06-10 11:17:03.232 [info] > git status -z -uall [7ms]
2024-06-10 11:17:04.284 [info] No remotes found in the git config file.
2024-06-10 11:17:04.289 [info] > git for-each-ref --format=%(refname)%00%(upstream:short)%00%(objectname)%00%(upstream:track)%00%(upstream:remotename)%00%(upstream:remoteref) refs/heads/master refs/remotes/master [5ms]
2024-06-10 11:17:04.290 [info] > git config --get commit.template [16ms]
2024-06-10 11:17:04.306 [info] > git status -z -uall [6ms]
2024-06-10 11:20:03.256 [info] > git fetch [6ms]
2024-06-10 11:20:03.279 [info] No remotes found in the git config file.
2024-06-10 11:20:03.282 [info] > git config --get commit.template [15ms]
2024-06-10 11:20:03.286 [info] > git for-each-ref --format=%(refname)%00%(upstream:short)%00%(objectname)%00%(upstream:track)%00%(upstream:remotename)%00%(upstream:remoteref) refs/heads/master refs/remotes/master [7ms]
2024-06-10 11:20:03.302 [info] > git status -z -uall [7ms]
2024-06-10 11:20:04.353 [info] No remotes found in the git config file.
2024-06-10 11:20:04.354 [info] > git config --get commit.template [12ms]
2024-06-10 11:20:04.356 [info] > git for-each-ref --format=%(refname)%00%(upstream:short)%00%(objectname)%00%(upstream:track)%00%(upstream:remotename)%00%(upstream:remoteref) refs/heads/master refs/remotes/master [3ms]
2024-06-10 11:20:04.373 [info] > git status -z -uall [7ms]
2024-06-10 11:23:03.323 [info] > git fetch [6ms]
2024-06-10 11:23:03.347 [info] No remotes found in the git config file.
2024-06-10 11:23:03.351 [info] > git config --get commit.template [15ms]
2024-06-10 11:23:03.353 [info] > git for-each-ref --format=%(refname)%00%(upstream:short)%00%(objectname)%00%(upstream:track)%00%(upstream:remotename)%00%(upstream:remoteref) refs/heads/master refs/remotes/master [6ms]
2024-06-10 11:23:03.369 [info] > git status -z -uall [6ms]
2024-06-10 11:23:04.422 [info] No remotes found in the git config file.
2024-06-10 11:23:04.423 [info] > git config --get commit.template [11ms]
2024-06-10 11:23:04.425 [info] > git for-each-ref --format=%(refname)%00%(upstream:short)%00%(objectname)%00%(upstream:track)%00%(upstream:remotename)%00%(upstream:remoteref) refs/heads/master refs/remotes/master [2ms]
2024-06-10 11:23:04.439 [info] > git status -z -uall [5ms]
2024-06-10 11:26:03.392 [info] > git fetch [6ms]
2024-06-10 11:26:03.410 [info] > git config --get commit.template [3ms]
2024-06-10 11:26:03.423 [info] No remotes found in the git config file.
2024-06-10 11:26:03.425 [info] > git for-each-ref --format=%(refname)%00%(upstream:short)%00%(objectname)%00%(upstream:track)%00%(upstream:remotename)%00%(upstream:remoteref) refs/heads/master refs/remotes/master [2ms]
2024-06-10 11:26:03.441 [info] > git status -z -uall [6ms]
2024-06-10 11:26:04.493 [info] No remotes found in the git config file.
2024-06-10 11:26:04.495 [info] > git config --get commit.template [11ms]
2024-06-10 11:26:04.496 [info] > git for-each-ref --format=%(refname)%00%(upstream:short)%00%(objectname)%00%(upstream:track)%00%(upstream:remotename)%00%(upstream:remoteref) refs/heads/master refs/remotes/master [3ms]
2024-06-10 11:26:04.515 [info] > git status -z -uall [9ms]
2024-06-10 11:29:03.466 [info] > git fetch [8ms]
2024-06-10 11:29:03.489 [info] No remotes found in the git config file.
2024-06-10 11:29:03.491 [info] > git config --get commit.template [12ms]
2024-06-10 11:29:03.492 [info] > git for-each-ref --format=%(refname)%00%(upstream:short)%00%(objectname)%00%(upstream:track)%00%(upstream:remotename)%00%(upstream:remoteref) refs/heads/master refs/remotes/master [3ms]
2024-06-10 11:29:03.508 [info] > git status -z -uall [6ms]
2024-06-10 11:29:04.562 [info] No remotes found in the git config file.
2024-06-10 11:29:04.567 [info] > git config --get commit.template [15ms]
2024-06-10 11:29:04.568 [info] > git for-each-ref --format=%(refname)%00%(upstream:short)%00%(objectname)%00%(upstream:track)%00%(upstream:remotename)%00%(upstream:remoteref) refs/heads/master refs/remotes/master [6ms]
2024-06-10 11:29:04.583 [info] > git status -z -uall [5ms]
2024-06-10 11:32:03.530 [info] > git fetch [6ms]
2024-06-10 11:32:03.553 [info] No remotes found in the git config file.
2024-06-10 11:32:03.554 [info] > git config --get commit.template [12ms]
2024-06-10 11:32:03.555 [info] > git for-each-ref --format=%(refname)%00%(upstream:short)%00%(objectname)%00%(upstream:track)%00%(upstream:remotename)%00%(upstream:remoteref) refs/heads/master refs/remotes/master [2ms]
2024-06-10 11:32:03.570 [info] > git status -z -uall [6ms]
2024-06-10 11:32:04.627 [info] No remotes found in the git config file.
2024-06-10 11:32:04.628 [info] > git config --get commit.template [11ms]
2024-06-10 11:32:04.629 [info] > git for-each-ref --format=%(refname)%00%(upstream:short)%00%(objectname)%00%(upstream:track)%00%(upstream:remotename)%00%(upstream:remoteref) refs/heads/master refs/remotes/master [3ms]
2024-06-10 11:32:04.645 [info] > git status -z -uall [5ms]
2024-06-10 11:35:03.592 [info] > git fetch [8ms]
2024-06-10 11:35:03.612 [info] No remotes found in the git config file.
2024-06-10 11:35:03.614 [info] > git config --get commit.template [10ms]
2024-06-10 11:35:03.616 [info] > git for-each-ref --format=%(refname)%00%(upstream:short)%00%(objectname)%00%(upstream:track)%00%(upstream:remotename)%00%(upstream:remoteref) refs/heads/master refs/remotes/master [3ms]
2024-06-10 11:35:03.634 [info] > git status -z -uall [6ms]
2024-06-10 11:35:04.688 [info] No remotes found in the git config file.
2024-06-10 11:35:04.692 [info] > git config --get commit.template [14ms]
2024-06-10 11:35:04.694 [info] > git for-each-ref --format=%(refname)%00%(upstream:short)%00%(objectname)%00%(upstream:track)%00%(upstream:remotename)%00%(upstream:remoteref) refs/heads/master refs/remotes/master [7ms]
2024-06-10 11:35:04.710 [info] > git status -z -uall [5ms]
2024-06-10 11:38:03.656 [info] > git fetch [7ms]
2024-06-10 11:38:03.678 [info] No remotes found in the git config file.
2024-06-10 11:38:03.682 [info] > git for-each-ref --format=%(refname)%00%(upstream:short)%00%(objectname)%00%(upstream:track)%00%(upstream:remotename)%00%(upstream:remoteref) refs/heads/master refs/remotes/master [4ms]
2024-06-10 11:38:03.684 [info] > git config --get commit.template [17ms]
2024-06-10 11:38:03.698 [info] > git status -z -uall [6ms]
2024-06-10 11:38:04.755 [info] No remotes found in the git config file.
2024-06-10 11:38:04.757 [info] > git config --get commit.template [11ms]
2024-06-10 11:38:04.758 [info] > git for-each-ref --format=%(refname)%00%(upstream:short)%00%(objectname)%00%(upstream:track)%00%(upstream:remotename)%00%(upstream:remoteref) refs/heads/master refs/remotes/master [3ms]
2024-06-10 11:38:04.774 [info] > git status -z -uall [6ms]
2024-06-10 11:41:03.721 [info] > git fetch [7ms]
2024-06-10 11:41:03.743 [info] No remotes found in the git config file.
2024-06-10 11:41:03.746 [info] > git config --get commit.template [13ms]
2024-06-10 11:41:03.747 [info] > git for-each-ref --format=%(refname)%00%(upstream:short)%00%(objectname)%00%(upstream:track)%00%(upstream:remotename)%00%(upstream:remoteref) refs/heads/master refs/remotes/master [4ms]
2024-06-10 11:41:03.762 [info] > git status -z -uall [6ms]
2024-06-10 11:41:04.817 [info] No remotes found in the git config file.
2024-06-10 11:41:04.818 [info] > git config --get commit.template [10ms]
2024-06-10 11:41:04.820 [info] > git for-each-ref --format=%(refname)%00%(upstream:short)%00%(objectname)%00%(upstream:track)%00%(upstream:remotename)%00%(upstream:remoteref) refs/heads/master refs/remotes/master [3ms]
2024-06-10 11:41:04.836 [info] > git status -z -uall [5ms]
2024-06-10 11:44:03.785 [info] > git fetch [6ms]
2024-06-10 11:44:03.810 [info] No remotes found in the git config file.
2024-06-10 11:44:03.811 [info] > git config --get commit.template [14ms]
2024-06-10 11:44:03.812 [info] > git for-each-ref --format=%(refname)%00%(upstream:short)%00%(objectname)%00%(upstream:track)%00%(upstream:remotename)%00%(upstream:remoteref) refs/heads/master refs/remotes/master [3ms]
2024-06-10 11:44:03.829 [info] > git status -z -uall [6ms]
2024-06-10 11:44:04.882 [info] No remotes found in the git config file.
2024-06-10 11:44:04.884 [info] > git config --get commit.template [12ms]
2024-06-10 11:44:04.885 [info] > git for-each-ref --format=%(refname)%00%(upstream:short)%00%(objectname)%00%(upstream:track)%00%(upstream:remotename)%00%(upstream:remoteref) refs/heads/master refs/remotes/master [2ms]
2024-06-10 11:44:04.902 [info] > git status -z -uall [6ms]
2024-06-10 11:47:03.855 [info] > git fetch [9ms]
2024-06-10 11:47:03.878 [info] No remotes found in the git config file.
2024-06-10 11:47:03.880 [info] > git config --get commit.template [13ms]
2024-06-10 11:47:03.882 [info] > git for-each-ref --format=%(refname)%00%(upstream:short)%00%(objectname)%00%(upstream:track)%00%(upstream:remotename)%00%(upstream:remoteref) refs/heads/master refs/remotes/master [4ms]
2024-06-10 11:47:03.897 [info] > git status -z -uall [5ms]
2024-06-10 11:47:04.951 [info] No remotes found in the git config file.
2024-06-10 11:47:04.952 [info] > git config --get commit.template [10ms]
2024-06-10 11:47:04.953 [info] > git for-each-ref --format=%(refname)%00%(upstream:short)%00%(objectname)%00%(upstream:track)%00%(upstream:remotename)%00%(upstream:remoteref) refs/heads/master refs/remotes/master [2ms]
2024-06-10 11:47:04.970 [info] > git status -z -uall [6ms]
2024-06-10 11:50:03.921 [info] > git fetch [7ms]
2024-06-10 11:50:03.947 [info] No remotes found in the git config file.
2024-06-10 11:50:03.949 [info] > git config --get commit.template [12ms]
2024-06-10 11:50:03.950 [info] > git for-each-ref --format=%(refname)%00%(upstream:short)%00%(objectname)%00%(upstream:track)%00%(upstream:remotename)%00%(upstream:remoteref) refs/heads/master refs/remotes/master [3ms]
2024-06-10 11:50:03.966 [info] > git status -z -uall [6ms]
2024-06-10 11:50:05.010 [info] > git config --get commit.template [4ms]
2024-06-10 11:50:05.021 [info] No remotes found in the git config file.
2024-06-10 11:50:05.024 [info] > git for-each-ref --format=%(refname)%00%(upstream:short)%00%(objectname)%00%(upstream:track)%00%(upstream:remotename)%00%(upstream:remoteref) refs/heads/master refs/remotes/master [3ms]
2024-06-10 11:50:05.040 [info] > git status -z -uall [7ms]
2024-06-10 11:53:03.995 [info] > git fetch [6ms]
2024-06-10 11:53:04.019 [info] No remotes found in the git config file.
2024-06-10 11:53:04.021 [info] > git config --get commit.template [12ms]
2024-06-10 11:53:04.022 [info] > git for-each-ref --format=%(refname)%00%(upstream:short)%00%(objectname)%00%(upstream:track)%00%(upstream:remotename)%00%(upstream:remoteref) refs/heads/master refs/remotes/master [3ms]
2024-06-10 11:53:04.040 [info] > git status -z -uall [6ms]
2024-06-10 11:53:05.094 [info] No remotes found in the git config file.
2024-06-10 11:53:05.096 [info] > git config --get commit.template [12ms]
2024-06-10 11:53:05.097 [info] > git for-each-ref --format=%(refname)%00%(upstream:short)%00%(objectname)%00%(upstream:track)%00%(upstream:remotename)%00%(upstream:remoteref) refs/heads/master refs/remotes/master [3ms]
2024-06-10 11:53:05.111 [info] > git status -z -uall [5ms]
2024-06-10 11:56:04.062 [info] > git fetch [8ms]
2024-06-10 11:56:04.086 [info] No remotes found in the git config file.
2024-06-10 11:56:04.088 [info] > git config --get commit.template [12ms]
2024-06-10 11:56:04.090 [info] > git for-each-ref --format=%(refname)%00%(upstream:short)%00%(objectname)%00%(upstream:track)%00%(upstream:remotename)%00%(upstream:remoteref) refs/heads/master refs/remotes/master [3ms]
2024-06-10 11:56:04.108 [info] > git status -z -uall [6ms]
2024-06-10 11:56:05.161 [info] No remotes found in the git config file.
2024-06-10 11:56:05.164 [info] > git config --get commit.template [15ms]
2024-06-10 11:56:05.166 [info] > git for-each-ref --format=%(refname)%00%(upstream:short)%00%(objectname)%00%(upstream:track)%00%(upstream:remotename)%00%(upstream:remoteref) refs/heads/master refs/remotes/master [6ms]
2024-06-10 11:56:05.180 [info] > git status -z -uall [5ms]
2024-06-10 11:59:04.132 [info] > git fetch [6ms]
2024-06-10 11:59:04.153 [info] No remotes found in the git config file.
2024-06-10 11:59:04.155 [info] > git config --get commit.template [12ms]
2024-06-10 11:59:04.159 [info] > git for-each-ref --format=%(refname)%00%(upstream:short)%00%(objectname)%00%(upstream:track)%00%(upstream:remotename)%00%(upstream:remoteref) refs/heads/master refs/remotes/master [5ms]
2024-06-10 11:59:04.174 [info] > git status -z -uall [5ms]
2024-06-10 11:59:05.229 [info] No remotes found in the git config file.
2024-06-10 11:59:05.237 [info] > git for-each-ref --format=%(refname)%00%(upstream:short)%00%(objectname)%00%(upstream:track)%00%(upstream:remotename)%00%(upstream:remoteref) refs/heads/master refs/remotes/master [8ms]
2024-06-10 11:59:05.238 [info] > git config --get commit.template [21ms]
2024-06-10 11:59:05.252 [info] > git status -z -uall [5ms]
2024-06-10 12:02:04.197 [info] > git fetch [6ms]
2024-06-10 12:02:04.223 [info] No remotes found in the git config file.
2024-06-10 12:02:04.224 [info] > git config --get commit.template [13ms]
2024-06-10 12:02:04.225 [info] > git for-each-ref --format=%(refname)%00%(upstream:short)%00%(objectname)%00%(upstream:track)%00%(upstream:remotename)%00%(upstream:remoteref) refs/heads/master refs/remotes/master [3ms]
2024-06-10 12:02:04.243 [info] > git status -z -uall [6ms]
2024-06-10 12:02:05.285 [info] > git config --get commit.template [3ms]
2024-06-10 12:02:05.296 [info] No remotes found in the git config file.
2024-06-10 12:02:05.300 [info] > git for-each-ref --format=%(refname)%00%(upstream:short)%00%(objectname)%00%(upstream:track)%00%(upstream:remotename)%00%(upstream:remoteref) refs/heads/master refs/remotes/master [4ms]
2024-06-10 12:02:05.315 [info] > git status -z -uall [6ms]
2024-06-10 12:05:04.270 [info] > git fetch [7ms]
2024-06-10 12:05:04.281 [info] No remotes found in the git config file.
2024-06-10 12:05:04.294 [info] > git config --get commit.template [12ms]
2024-06-10 12:05:04.295 [info] > git for-each-ref --format=%(refname)%00%(upstream:short)%00%(objectname)%00%(upstream:track)%00%(upstream:remotename)%00%(upstream:remoteref) refs/heads/master refs/remotes/master [2ms]
2024-06-10 12:05:04.312 [info] > git status -z -uall [5ms]
2024-06-10 12:05:05.371 [info] No remotes found in the git config file.
2024-06-10 12:05:05.373 [info] > git config --get commit.template [14ms]
2024-06-10 12:05:05.374 [info] > git for-each-ref --format=%(refname)%00%(upstream:short)%00%(objectname)%00%(upstream:track)%00%(upstream:remotename)%00%(upstream:remoteref) refs/heads/master refs/remotes/master [4ms]
2024-06-10 12:05:05.388 [info] > git status -z -uall [6ms]
2024-06-10 12:08:04.336 [info] > git fetch [7ms]
2024-06-10 12:08:04.363 [info] No remotes found in the git config file.
2024-06-10 12:08:04.365 [info] > git for-each-ref --format=%(refname)%00%(upstream:short)%00%(objectname)%00%(upstream:track)%00%(upstream:remotename)%00%(upstream:remoteref) refs/heads/master refs/remotes/master [3ms]
2024-06-10 12:08:04.368 [info] > git config --get commit.template [17ms]
2024-06-10 12:08:04.389 [info] > git status -z -uall [9ms]
2024-06-10 12:08:05.434 [info] No remotes found in the git config file.
2024-06-10 12:08:05.435 [info] > git config --get commit.template [14ms]
2024-06-10 12:08:05.437 [info] > git for-each-ref --format=%(refname)%00%(upstream:short)%00%(objectname)%00%(upstream:track)%00%(upstream:remotename)%00%(upstream:remoteref) refs/heads/master refs/remotes/master [3ms]
2024-06-10 12:08:05.454 [info] > git status -z -uall [6ms]
2024-06-10 12:11:04.413 [info] > git fetch [7ms]
2024-06-10 12:11:04.425 [info] No remotes found in the git config file.
2024-06-10 12:11:04.436 [info] > git config --get commit.template [11ms]
2024-06-10 12:11:04.438 [info] > git for-each-ref --format=%(refname)%00%(upstream:short)%00%(objectname)%00%(upstream:track)%00%(upstream:remotename)%00%(upstream:remoteref) refs/heads/master refs/remotes/master [2ms]
2024-06-10 12:11:04.453 [info] > git status -z -uall [6ms]
2024-06-10 12:11:05.513 [info] No remotes found in the git config file.
2024-06-10 12:11:05.514 [info] > git config --get commit.template [16ms]
2024-06-10 12:11:05.516 [info] > git for-each-ref --format=%(refname)%00%(upstream:short)%00%(objectname)%00%(upstream:track)%00%(upstream:remotename)%00%(upstream:remoteref) refs/heads/master refs/remotes/master [3ms]
2024-06-10 12:11:05.538 [info] > git status -z -uall [10ms]
2024-06-10 12:14:04.475 [info] > git fetch [7ms]
2024-06-10 12:14:04.497 [info] No remotes found in the git config file.
2024-06-10 12:14:04.499 [info] > git config --get commit.template [12ms]
2024-06-10 12:14:04.501 [info] > git for-each-ref --format=%(refname)%00%(upstream:short)%00%(objectname)%00%(upstream:track)%00%(upstream:remotename)%00%(upstream:remoteref) refs/heads/master refs/remotes/master [4ms]
2024-06-10 12:14:04.518 [info] > git status -z -uall [6ms]
2024-06-10 12:14:05.570 [info] No remotes found in the git config file.
2024-06-10 12:14:05.571 [info] > git config --get commit.template [12ms]
2024-06-10 12:14:05.572 [info] > git for-each-ref --format=%(refname)%00%(upstream:short)%00%(objectname)%00%(upstream:track)%00%(upstream:remotename)%00%(upstream:remoteref) refs/heads/master refs/remotes/master [2ms]
2024-06-10 12:14:05.589 [info] > git status -z -uall [5ms]
2024-06-10 12:17:04.541 [info] > git fetch [7ms]
2024-06-10 12:17:04.564 [info] No remotes found in the git config file.
2024-06-10 12:17:04.566 [info] > git config --get commit.template [10ms]
2024-06-10 12:17:04.568 [info] > git for-each-ref --format=%(refname)%00%(upstream:short)%00%(objectname)%00%(upstream:track)%00%(upstream:remotename)%00%(upstream:remoteref) refs/heads/master refs/remotes/master [3ms]
2024-06-10 12:17:04.584 [info] > git status -z -uall [7ms]
2024-06-10 12:17:05.638 [info] No remotes found in the git config file.
2024-06-10 12:17:05.639 [info] > git config --get commit.template [13ms]
2024-06-10 12:17:05.640 [info] > git for-each-ref --format=%(refname)%00%(upstream:short)%00%(objectname)%00%(upstream:track)%00%(upstream:remotename)%00%(upstream:remoteref) refs/heads/master refs/remotes/master [3ms]
2024-06-10 12:17:05.656 [info] > git status -z -uall [5ms]
2024-06-10 12:20:04.607 [info] > git fetch [8ms]
2024-06-10 12:20:04.631 [info] No remotes found in the git config file.
2024-06-10 12:20:04.634 [info] > git config --get commit.template [12ms]
2024-06-10 12:20:04.635 [info] > git for-each-ref --format=%(refname)%00%(upstream:short)%00%(objectname)%00%(upstream:track)%00%(upstream:remotename)%00%(upstream:remoteref) refs/heads/master refs/remotes/master [4ms]
2024-06-10 12:20:04.652 [info] > git status -z -uall [6ms]
2024-06-10 12:20:05.703 [info] No remotes found in the git config file.
2024-06-10 12:20:05.706 [info] > git for-each-ref --format=%(refname)%00%(upstream:short)%00%(objectname)%00%(upstream:track)%00%(upstream:remotename)%00%(upstream:remoteref) refs/heads/master refs/remotes/master [3ms]
2024-06-10 12:20:05.707 [info] > git config --get commit.template [15ms]
2024-06-10 12:20:05.724 [info] > git status -z -uall [6ms]
2024-06-10 12:23:04.674 [info] > git fetch [7ms]
2024-06-10 12:23:04.697 [info] No remotes found in the git config file.
2024-06-10 12:23:04.699 [info] > git config --get commit.template [13ms]
2024-06-10 12:23:04.700 [info] > git for-each-ref --format=%(refname)%00%(upstream:short)%00%(objectname)%00%(upstream:track)%00%(upstream:remotename)%00%(upstream:remoteref) refs/heads/master refs/remotes/master [4ms]
2024-06-10 12:23:04.717 [info] > git status -z -uall [5ms]
2024-06-10 12:23:05.786 [info] > git config --get commit.template [4ms]
2024-06-10 12:23:05.799 [info] No remotes found in the git config file.
2024-06-10 12:23:05.802 [info] > git for-each-ref --format=%(refname)%00%(upstream:short)%00%(objectname)%00%(upstream:track)%00%(upstream:remotename)%00%(upstream:remoteref) refs/heads/master refs/remotes/master [3ms]
2024-06-10 12:23:05.818 [info] > git status -z -uall [5ms]
2024-06-10 12:26:04.740 [info] > git fetch [6ms]
2024-06-10 12:26:04.763 [info] No remotes found in the git config file.
2024-06-10 12:26:04.765 [info] > git config --get commit.template [14ms]
2024-06-10 12:26:04.766 [info] > git for-each-ref --format=%(refname)%00%(upstream:short)%00%(objectname)%00%(upstream:track)%00%(upstream:remotename)%00%(upstream:remoteref) refs/heads/master refs/remotes/master [4ms]
2024-06-10 12:26:04.784 [info] > git status -z -uall [7ms]
2024-06-10 12:26:05.837 [info] No remotes found in the git config file.
2024-06-10 12:26:05.841 [info] > git config --get commit.template [15ms]
2024-06-10 12:26:05.842 [info] > git for-each-ref --format=%(refname)%00%(upstream:short)%00%(objectname)%00%(upstream:track)%00%(upstream:remotename)%00%(upstream:remoteref) refs/heads/master refs/remotes/master [5ms]
2024-06-10 12:26:05.857 [info] > git status -z -uall [5ms]
2024-06-10 12:29:04.805 [info] > git fetch [7ms]
2024-06-10 12:29:04.826 [info] No remotes found in the git config file.
2024-06-10 12:29:04.828 [info] > git config --get commit.template [12ms]
2024-06-10 12:29:04.829 [info] > git for-each-ref --format=%(refname)%00%(upstream:short)%00%(objectname)%00%(upstream:track)%00%(upstream:remotename)%00%(upstream:remoteref) refs/heads/master refs/remotes/master [3ms]
2024-06-10 12:29:04.844 [info] > git status -z -uall [6ms]
2024-06-10 12:29:05.903 [info] No remotes found in the git config file.
2024-06-10 12:29:05.907 [info] > git config --get commit.template [14ms]
2024-06-10 12:29:05.908 [info] > git for-each-ref --format=%(refname)%00%(upstream:short)%00%(objectname)%00%(upstream:track)%00%(upstream:remotename)%00%(upstream:remoteref) refs/heads/master refs/remotes/master [4ms]
2024-06-10 12:29:05.924 [info] > git status -z -uall [6ms]
2024-06-10 12:32:04.866 [info] > git fetch [6ms]
2024-06-10 12:32:04.883 [info] > git config --get commit.template [3ms]
2024-06-10 12:32:04.893 [info] No remotes found in the git config file.
2024-06-10 12:32:04.896 [info] > git for-each-ref --format=%(refname)%00%(upstream:short)%00%(objectname)%00%(upstream:track)%00%(upstream:remotename)%00%(upstream:remoteref) refs/heads/master refs/remotes/master [3ms]
2024-06-10 12:32:04.912 [info] > git status -z -uall [6ms]
2024-06-10 12:32:05.957 [info] No remotes found in the git config file.
2024-06-10 12:32:05.971 [info] > git config --get commit.template [14ms]
2024-06-10 12:32:05.973 [info] > git for-each-ref --format=%(refname)%00%(upstream:short)%00%(objectname)%00%(upstream:track)%00%(upstream:remotename)%00%(upstream:remoteref) refs/heads/master refs/remotes/master [3ms]
2024-06-10 12:32:05.989 [info] > git status -z -uall [7ms]
2024-06-10 12:35:04.934 [info] > git fetch [7ms]
2024-06-10 12:35:04.956 [info] No remotes found in the git config file.
2024-06-10 12:35:04.959 [info] > git for-each-ref --format=%(refname)%00%(upstream:short)%00%(objectname)%00%(upstream:track)%00%(upstream:remotename)%00%(upstream:remoteref) refs/heads/master refs/remotes/master [4ms]
2024-06-10 12:35:04.961 [info] > git config --get commit.template [15ms]
2024-06-10 12:35:04.979 [info] > git status -z -uall [6ms]
2024-06-10 12:35:06.030 [info] No remotes found in the git config file.
2024-06-10 12:35:06.032 [info] > git config --get commit.template [14ms]
2024-06-10 12:35:06.033 [info] > git for-each-ref --format=%(refname)%00%(upstream:short)%00%(objectname)%00%(upstream:track)%00%(upstream:remotename)%00%(upstream:remoteref) refs/heads/master refs/remotes/master [4ms]
2024-06-10 12:35:06.047 [info] > git status -z -uall [5ms]
2024-06-10 12:38:05.011 [info] > git fetch [7ms]
2024-06-10 12:38:05.024 [info] No remotes found in the git config file.
2024-06-10 12:38:05.037 [info] > git config --get commit.template [13ms]
2024-06-10 12:38:05.039 [info] > git for-each-ref --format=%(refname)%00%(upstream:short)%00%(objectname)%00%(upstream:track)%00%(upstream:remotename)%00%(upstream:remoteref) refs/heads/master refs/remotes/master [3ms]
2024-06-10 12:38:05.057 [info] > git status -z -uall [7ms]
2024-06-10 12:38:06.111 [info] No remotes found in the git config file.
2024-06-10 12:38:06.115 [info] > git config --get commit.template [15ms]
2024-06-10 12:38:06.116 [info] > git for-each-ref --format=%(refname)%00%(upstream:short)%00%(objectname)%00%(upstream:track)%00%(upstream:remotename)%00%(upstream:remoteref) refs/heads/master refs/remotes/master [5ms]
2024-06-10 12:38:06.131 [info] > git status -z -uall [6ms]
2024-06-10 12:41:05.080 [info] > git fetch [8ms]
2024-06-10 12:41:05.096 [info] > git config --get commit.template [4ms]
2024-06-10 12:41:05.107 [info] No remotes found in the git config file.
2024-06-10 12:41:05.111 [info] > git for-each-ref --format=%(refname)%00%(upstream:short)%00%(objectname)%00%(upstream:track)%00%(upstream:remotename)%00%(upstream:remoteref) refs/heads/master refs/remotes/master [3ms]
2024-06-10 12:41:05.126 [info] > git status -z -uall [5ms]
2024-06-10 12:41:06.184 [info] No remotes found in the git config file.
2024-06-10 12:41:06.186 [info] > git config --get commit.template [12ms]
2024-06-10 12:41:06.187 [info] > git for-each-ref --format=%(refname)%00%(upstream:short)%00%(objectname)%00%(upstream:track)%00%(upstream:remotename)%00%(upstream:remoteref) refs/heads/master refs/remotes/master [3ms]
2024-06-10 12:41:06.206 [info] > git status -z -uall [8ms]
2024-06-10 12:44:05.149 [info] > git fetch [6ms]
2024-06-10 12:44:05.167 [info] > git config --get commit.template [4ms]
2024-06-10 12:44:05.177 [info] No remotes found in the git config file.
2024-06-10 12:44:05.180 [info] > git for-each-ref --format=%(refname)%00%(upstream:short)%00%(objectname)%00%(upstream:track)%00%(upstream:remotename)%00%(upstream:remoteref) refs/heads/master refs/remotes/master [3ms]
2024-06-10 12:44:05.199 [info] > git status -z -uall [8ms]
2024-06-10 12:44:06.244 [info] > git config --get commit.template [2ms]
2024-06-10 12:44:06.255 [info] No remotes found in the git config file.
2024-06-10 12:44:06.258 [info] > git for-each-ref --format=%(refname)%00%(upstream:short)%00%(objectname)%00%(upstream:track)%00%(upstream:remotename)%00%(upstream:remoteref) refs/heads/master refs/remotes/master [3ms]
2024-06-10 12:44:06.276 [info] > git status -z -uall [7ms]
2024-06-10 12:47:05.221 [info] > git fetch [7ms]
2024-06-10 12:47:05.243 [info] No remotes found in the git config file.
2024-06-10 12:47:05.245 [info] > git config --get commit.template [12ms]
2024-06-10 12:47:05.246 [info] > git for-each-ref --format=%(refname)%00%(upstream:short)%00%(objectname)%00%(upstream:track)%00%(upstream:remotename)%00%(upstream:remoteref) refs/heads/master refs/remotes/master [4ms]
2024-06-10 12:47:05.262 [info] > git status -z -uall [6ms]
2024-06-10 12:47:06.319 [info] No remotes found in the git config file.
2024-06-10 12:47:06.320 [info] > git config --get commit.template [12ms]
2024-06-10 12:47:06.322 [info] > git for-each-ref --format=%(refname)%00%(upstream:short)%00%(objectname)%00%(upstream:track)%00%(upstream:remotename)%00%(upstream:remoteref) refs/heads/master refs/remotes/master [3ms]
2024-06-10 12:47:06.338 [info] > git status -z -uall [6ms]
2024-06-10 12:50:05.282 [info] > git fetch [6ms]
2024-06-10 12:50:05.305 [info] No remotes found in the git config file.
2024-06-10 12:50:05.307 [info] > git config --get commit.template [12ms]
2024-06-10 12:50:05.308 [info] > git for-each-ref --format=%(refname)%00%(upstream:short)%00%(objectname)%00%(upstream:track)%00%(upstream:remotename)%00%(upstream:remoteref) refs/heads/master refs/remotes/master [3ms]
2024-06-10 12:50:05.325 [info] > git status -z -uall [6ms]
2024-06-10 12:50:06.380 [info] No remotes found in the git config file.
2024-06-10 12:50:06.382 [info] > git config --get commit.template [12ms]
2024-06-10 12:50:06.384 [info] > git for-each-ref --format=%(refname)%00%(upstream:short)%00%(objectname)%00%(upstream:track)%00%(upstream:remotename)%00%(upstream:remoteref) refs/heads/master refs/remotes/master [4ms]
2024-06-10 12:50:06.399 [info] > git status -z -uall [7ms]
2024-06-10 12:53:05.348 [info] > git fetch [6ms]
2024-06-10 12:53:05.370 [info] No remotes found in the git config file.
2024-06-10 12:53:05.373 [info] > git config --get commit.template [12ms]
2024-06-10 12:53:05.374 [info] > git for-each-ref --format=%(refname)%00%(upstream:short)%00%(objectname)%00%(upstream:track)%00%(upstream:remotename)%00%(upstream:remoteref) refs/heads/master refs/remotes/master [3ms]
2024-06-10 12:53:05.389 [info] > git status -z -uall [5ms]
2024-06-10 12:53:06.433 [info] No remotes found in the git config file.
2024-06-10 12:53:06.446 [info] > git config --get commit.template [14ms]
2024-06-10 12:53:06.447 [info] > git for-each-ref --format=%(refname)%00%(upstream:short)%00%(objectname)%00%(upstream:track)%00%(upstream:remotename)%00%(upstream:remoteref) refs/heads/master refs/remotes/master [3ms]
2024-06-10 12:53:06.461 [info] > git status -z -uall [5ms]
2024-06-10 12:56:05.411 [info] > git fetch [6ms]
2024-06-10 12:56:05.436 [info] No remotes found in the git config file.
2024-06-10 12:56:05.437 [info] > git config --get commit.template [13ms]
2024-06-10 12:56:05.438 [info] > git for-each-ref --format=%(refname)%00%(upstream:short)%00%(objectname)%00%(upstream:track)%00%(upstream:remotename)%00%(upstream:remoteref) refs/heads/master refs/remotes/master [3ms]
2024-06-10 12:56:05.453 [info] > git status -z -uall [6ms]
2024-06-10 12:56:06.503 [info] > git config --get commit.template [4ms]
2024-06-10 12:56:06.512 [info] No remotes found in the git config file.
2024-06-10 12:56:06.515 [info] > git for-each-ref --format=%(refname)%00%(upstream:short)%00%(objectname)%00%(upstream:track)%00%(upstream:remotename)%00%(upstream:remoteref) refs/heads/master refs/remotes/master [3ms]
2024-06-10 12:56:06.531 [info] > git status -z -uall [6ms]
2024-06-10 12:59:05.475 [info] > git fetch [7ms]
2024-06-10 12:59:05.497 [info] No remotes found in the git config file.
2024-06-10 12:59:05.499 [info] > git config --get commit.template [12ms]
2024-06-10 12:59:05.501 [info] > git for-each-ref --format=%(refname)%00%(upstream:short)%00%(objectname)%00%(upstream:track)%00%(upstream:remotename)%00%(upstream:remoteref) refs/heads/master refs/remotes/master [3ms]
2024-06-10 12:59:05.518 [info] > git status -z -uall [6ms]
2024-06-10 12:59:06.563 [info] No remotes found in the git config file.
2024-06-10 12:59:06.575 [info] > git config --get commit.template [13ms]
2024-06-10 12:59:06.577 [info] > git for-each-ref --format=%(refname)%00%(upstream:short)%00%(objectname)%00%(upstream:track)%00%(upstream:remotename)%00%(upstream:remoteref) refs/heads/master refs/remotes/master [4ms]
2024-06-10 12:59:06.593 [info] > git status -z -uall [6ms]
2024-06-10 13:02:05.545 [info] > git fetch [6ms]
2024-06-10 13:02:05.557 [info] No remotes found in the git config file.
2024-06-10 13:02:05.570 [info] > git config --get commit.template [13ms]
2024-06-10 13:02:05.572 [info] > git for-each-ref --format=%(refname)%00%(upstream:short)%00%(objectname)%00%(upstream:track)%00%(upstream:remotename)%00%(upstream:remoteref) refs/heads/master refs/remotes/master [3ms]
2024-06-10 13:02:05.591 [info] > git status -z -uall [7ms]
2024-06-10 13:02:06.644 [info] No remotes found in the git config file.
2024-06-10 13:02:06.646 [info] > git config --get commit.template [13ms]
2024-06-10 13:02:06.647 [info] > git for-each-ref --format=%(refname)%00%(upstream:short)%00%(objectname)%00%(upstream:track)%00%(upstream:remotename)%00%(upstream:remoteref) refs/heads/master refs/remotes/master [2ms]
2024-06-10 13:02:06.663 [info] > git status -z -uall [5ms]
2024-06-10 13:05:05.612 [info] > git fetch [6ms]
2024-06-10 13:05:05.634 [info] No remotes found in the git config file.
2024-06-10 13:05:05.635 [info] > git config --get commit.template [11ms]
2024-06-10 13:05:05.637 [info] > git for-each-ref --format=%(refname)%00%(upstream:short)%00%(objectname)%00%(upstream:track)%00%(upstream:remotename)%00%(upstream:remoteref) refs/heads/master refs/remotes/master [3ms]
2024-06-10 13:05:05.652 [info] > git status -z -uall [6ms]
2024-06-10 13:05:06.718 [info] No remotes found in the git config file.
2024-06-10 13:05:06.722 [info] > git config --get commit.template [14ms]
2024-06-10 13:05:06.723 [info] > git for-each-ref --format=%(refname)%00%(upstream:short)%00%(objectname)%00%(upstream:track)%00%(upstream:remotename)%00%(upstream:remoteref) refs/heads/master refs/remotes/master [5ms]
2024-06-10 13:05:06.738 [info] > git status -z -uall [5ms]
2024-06-10 13:08:05.677 [info] > git fetch [9ms]
2024-06-10 13:08:05.703 [info] No remotes found in the git config file.
2024-06-10 13:08:05.705 [info] > git config --get commit.template [14ms]
2024-06-10 13:08:05.707 [info] > git for-each-ref --format=%(refname)%00%(upstream:short)%00%(objectname)%00%(upstream:track)%00%(upstream:remotename)%00%(upstream:remoteref) refs/heads/master refs/remotes/master [4ms]
2024-06-10 13:08:05.725 [info] > git status -z -uall [6ms]
2024-06-10 13:08:06.771 [info] No remotes found in the git config file.
2024-06-10 13:08:06.773 [info] > git config --get commit.template [12ms]
2024-06-10 13:08:06.774 [info] > git for-each-ref --format=%(refname)%00%(upstream:short)%00%(objectname)%00%(upstream:track)%00%(upstream:remotename)%00%(upstream:remoteref) refs/heads/master refs/remotes/master [3ms]
2024-06-10 13:08:06.790 [info] > git status -z -uall [6ms]
2024-06-10 13:11:05.745 [info] > git fetch [7ms]
2024-06-10 13:11:05.767 [info] No remotes found in the git config file.
2024-06-10 13:11:05.769 [info] > git config --get commit.template [13ms]
2024-06-10 13:11:05.770 [info] > git for-each-ref --format=%(refname)%00%(upstream:short)%00%(objectname)%00%(upstream:track)%00%(upstream:remotename)%00%(upstream:remoteref) refs/heads/master refs/remotes/master [4ms]
2024-06-10 13:11:05.785 [info] > git status -z -uall [7ms]
2024-06-10 13:11:06.853 [info] No remotes found in the git config file.
2024-06-10 13:11:06.857 [info] > git config --get commit.template [14ms]
2024-06-10 13:11:06.858 [info] > git for-each-ref --format=%(refname)%00%(upstream:short)%00%(objectname)%00%(upstream:track)%00%(upstream:remotename)%00%(upstream:remoteref) refs/heads/master refs/remotes/master [5ms]
2024-06-10 13:11:06.873 [info] > git status -z -uall [5ms]
2024-06-10 13:14:05.808 [info] > git fetch [7ms]
2024-06-10 13:14:05.833 [info] No remotes found in the git config file.
2024-06-10 13:14:05.834 [info] > git config --get commit.template [13ms]
2024-06-10 13:14:05.836 [info] > git for-each-ref --format=%(refname)%00%(upstream:short)%00%(objectname)%00%(upstream:track)%00%(upstream:remotename)%00%(upstream:remoteref) refs/heads/master refs/remotes/master [3ms]
2024-06-10 13:14:05.851 [info] > git status -z -uall [5ms]
2024-06-10 13:14:06.906 [info] No remotes found in the git config file.
2024-06-10 13:14:06.907 [info] > git config --get commit.template [14ms]
2024-06-10 13:14:06.911 [info] > git for-each-ref --format=%(refname)%00%(upstream:short)%00%(objectname)%00%(upstream:track)%00%(upstream:remotename)%00%(upstream:remoteref) refs/heads/master refs/remotes/master [5ms]
2024-06-10 13:14:06.926 [info] > git status -z -uall [6ms]
2024-06-10 13:17:05.874 [info] > git fetch [9ms]
2024-06-10 13:17:05.899 [info] No remotes found in the git config file.
2024-06-10 13:17:05.907 [info] > git for-each-ref --format=%(refname)%00%(upstream:short)%00%(objectname)%00%(upstream:track)%00%(upstream:remotename)%00%(upstream:remoteref) refs/heads/master refs/remotes/master [9ms]
2024-06-10 13:17:05.908 [info] > git config --get commit.template [20ms]
2024-06-10 13:17:05.925 [info] > git status -z -uall [8ms]
2024-06-10 13:17:06.971 [info] No remotes found in the git config file.
2024-06-10 13:17:06.972 [info] > git config --get commit.template [14ms]
2024-06-10 13:17:06.974 [info] > git for-each-ref --format=%(refname)%00%(upstream:short)%00%(objectname)%00%(upstream:track)%00%(upstream:remotename)%00%(upstream:remoteref) refs/heads/master refs/remotes/master [3ms]
2024-06-10 13:17:06.989 [info] > git status -z -uall [7ms]
2024-06-10 13:20:05.948 [info] > git fetch [6ms]
2024-06-10 13:20:05.963 [info] > git config --get commit.template [3ms]
2024-06-10 13:20:05.975 [info] No remotes found in the git config file.
2024-06-10 13:20:05.979 [info] > git for-each-ref --format=%(refname)%00%(upstream:short)%00%(objectname)%00%(upstream:track)%00%(upstream:remotename)%00%(upstream:remoteref) refs/heads/master refs/remotes/master [3ms]
2024-06-10 13:20:06.000 [info] > git status -z -uall [8ms]
2024-06-10 13:20:07.046 [info] No remotes found in the git config file.
2024-06-10 13:20:07.047 [info] > git config --get commit.template [11ms]
2024-06-10 13:20:07.048 [info] > git for-each-ref --format=%(refname)%00%(upstream:short)%00%(objectname)%00%(upstream:track)%00%(upstream:remotename)%00%(upstream:remoteref) refs/heads/master refs/remotes/master [3ms]
2024-06-10 13:20:07.068 [info] > git status -z -uall [8ms]
2024-06-10 13:23:06.027 [info] > git fetch [8ms]
2024-06-10 13:23:06.055 [info] No remotes found in the git config file.
2024-06-10 13:23:06.060 [info] > git for-each-ref --format=%(refname)%00%(upstream:short)%00%(objectname)%00%(upstream:track)%00%(upstream:remotename)%00%(upstream:remoteref) refs/heads/master refs/remotes/master [5ms]
2024-06-10 13:23:06.062 [info] > git config --get commit.template [20ms]
2024-06-10 13:23:06.091 [info] > git status -z -uall [12ms]
2024-06-10 13:23:07.131 [info] No remotes found in the git config file.
2024-06-10 13:23:07.132 [info] > git config --get commit.template [15ms]
2024-06-10 13:23:07.134 [info] > git for-each-ref --format=%(refname)%00%(upstream:short)%00%(objectname)%00%(upstream:track)%00%(upstream:remotename)%00%(upstream:remoteref) refs/heads/master refs/remotes/master [3ms]
2024-06-10 13:23:07.148 [info] > git status -z -uall [5ms]
2024-06-10 13:26:06.114 [info] > git fetch [7ms]
2024-06-10 13:26:06.138 [info] No remotes found in the git config file.
2024-06-10 13:26:06.140 [info] > git config --get commit.template [13ms]
2024-06-10 13:26:06.142 [info] > git for-each-ref --format=%(refname)%00%(upstream:short)%00%(objectname)%00%(upstream:track)%00%(upstream:remotename)%00%(upstream:remoteref) refs/heads/master refs/remotes/master [4ms]
2024-06-10 13:26:06.158 [info] > git status -z -uall [8ms]
2024-06-10 13:26:07.212 [info] No remotes found in the git config file.
2024-06-10 13:26:07.213 [info] > git config --get commit.template [14ms]
2024-06-10 13:26:07.215 [info] > git for-each-ref --format=%(refname)%00%(upstream:short)%00%(objectname)%00%(upstream:track)%00%(upstream:remotename)%00%(upstream:remoteref) refs/heads/master refs/remotes/master [3ms]
2024-06-10 13:26:07.230 [info] > git status -z -uall [6ms]
2024-06-10 13:29:06.179 [info] > git fetch [6ms]
2024-06-10 13:29:06.194 [info] No remotes found in the git config file.
2024-06-10 13:29:06.205 [info] > git config --get commit.template [11ms]
2024-06-10 13:29:06.206 [info] > git for-each-ref --format=%(refname)%00%(upstream:short)%00%(objectname)%00%(upstream:track)%00%(upstream:remotename)%00%(upstream:remoteref) refs/heads/master refs/remotes/master [3ms]
2024-06-10 13:29:06.225 [info] > git status -z -uall [8ms]
2024-06-10 13:29:07.278 [info] No remotes found in the git config file.
2024-06-10 13:29:07.280 [info] > git config --get commit.template [12ms]
2024-06-10 13:29:07.282 [info] > git for-each-ref --format=%(refname)%00%(upstream:short)%00%(objectname)%00%(upstream:track)%00%(upstream:remotename)%00%(upstream:remoteref) refs/heads/master refs/remotes/master [3ms]
2024-06-10 13:29:07.298 [info] > git status -z -uall [5ms]
2024-06-10 13:32:06.249 [info] > git fetch [6ms]
2024-06-10 13:32:06.264 [info] > git config --get commit.template [3ms]
2024-06-10 13:32:06.276 [info] No remotes found in the git config file.
2024-06-10 13:32:06.278 [info] > git for-each-ref --format=%(refname)%00%(upstream:short)%00%(objectname)%00%(upstream:track)%00%(upstream:remotename)%00%(upstream:remoteref) refs/heads/master refs/remotes/master [3ms]
2024-06-10 13:32:06.294 [info] > git status -z -uall [6ms]
2024-06-10 13:32:07.347 [info] No remotes found in the git config file.
2024-06-10 13:32:07.349 [info] > git config --get commit.template [13ms]
2024-06-10 13:32:07.350 [info] > git for-each-ref --format=%(refname)%00%(upstream:short)%00%(objectname)%00%(upstream:track)%00%(upstream:remotename)%00%(upstream:remoteref) refs/heads/master refs/remotes/master [3ms]
2024-06-10 13:32:07.366 [info] > git status -z -uall [7ms]
2024-06-10 13:35:06.327 [info] > git fetch [6ms]
2024-06-10 13:35:06.350 [info] No remotes found in the git config file.
2024-06-10 13:35:06.352 [info] > git config --get commit.template [12ms]
2024-06-10 13:35:06.354 [info] > git for-each-ref --format=%(refname)%00%(upstream:short)%00%(objectname)%00%(upstream:track)%00%(upstream:remotename)%00%(upstream:remoteref) refs/heads/master refs/remotes/master [3ms]
2024-06-10 13:35:06.369 [info] > git status -z -uall [7ms]
2024-06-10 13:35:07.429 [info] No remotes found in the git config file.
2024-06-10 13:35:07.430 [info] > git config --get commit.template [12ms]
2024-06-10 13:35:07.431 [info] > git for-each-ref --format=%(refname)%00%(upstream:short)%00%(objectname)%00%(upstream:track)%00%(upstream:remotename)%00%(upstream:remoteref) refs/heads/master refs/remotes/master [3ms]
2024-06-10 13:35:07.453 [info] > git status -z -uall [7ms]
2024-06-10 13:38:06.390 [info] > git fetch [7ms]
2024-06-10 13:38:06.412 [info] No remotes found in the git config file.
2024-06-10 13:38:06.414 [info] > git config --get commit.template [12ms]
2024-06-10 13:38:06.416 [info] > git for-each-ref --format=%(refname)%00%(upstream:short)%00%(objectname)%00%(upstream:track)%00%(upstream:remotename)%00%(upstream:remoteref) refs/heads/master refs/remotes/master [4ms]
2024-06-10 13:38:06.436 [info] > git status -z -uall [9ms]
2024-06-10 13:38:07.487 [info] No remotes found in the git config file.
2024-06-10 13:38:07.491 [info] > git config --get commit.template [14ms]
2024-06-10 13:38:07.492 [info] > git for-each-ref --format=%(refname)%00%(upstream:short)%00%(objectname)%00%(upstream:track)%00%(upstream:remotename)%00%(upstream:remoteref) refs/heads/master refs/remotes/master [5ms]
2024-06-10 13:38:07.510 [info] > git status -z -uall [6ms]
2024-06-10 13:41:06.458 [info] > git fetch [7ms]
2024-06-10 13:41:06.470 [info] No remotes found in the git config file.
2024-06-10 13:41:06.484 [info] > git config --get commit.template [13ms]
2024-06-10 13:41:06.485 [info] > git for-each-ref --format=%(refname)%00%(upstream:short)%00%(objectname)%00%(upstream:track)%00%(upstream:remotename)%00%(upstream:remoteref) refs/heads/master refs/remotes/master [5ms]
2024-06-10 13:41:06.502 [info] > git status -z -uall [6ms]
2024-06-10 13:41:07.561 [info] No remotes found in the git config file.
2024-06-10 13:41:07.563 [info] > git config --get commit.template [12ms]
2024-06-10 13:41:07.564 [info] > git for-each-ref --format=%(refname)%00%(upstream:short)%00%(objectname)%00%(upstream:track)%00%(upstream:remotename)%00%(upstream:remoteref) refs/heads/master refs/remotes/master [3ms]
2024-06-10 13:41:07.579 [info] > git status -z -uall [5ms]
2024-06-10 13:44:06.523 [info] > git fetch [6ms]
2024-06-10 13:44:06.545 [info] No remotes found in the git config file.
2024-06-10 13:44:06.547 [info] > git config --get commit.template [12ms]
2024-06-10 13:44:06.549 [info] > git for-each-ref --format=%(refname)%00%(upstream:short)%00%(objectname)%00%(upstream:track)%00%(upstream:remotename)%00%(upstream:remoteref) refs/heads/master refs/remotes/master [3ms]
2024-06-10 13:44:06.566 [info] > git status -z -uall [8ms]
2024-06-10 13:44:07.620 [info] No remotes found in the git config file.
2024-06-10 13:44:07.621 [info] > git config --get commit.template [11ms]
2024-06-10 13:44:07.623 [info] > git for-each-ref --format=%(refname)%00%(upstream:short)%00%(objectname)%00%(upstream:track)%00%(upstream:remotename)%00%(upstream:remoteref) refs/heads/master refs/remotes/master [2ms]
2024-06-10 13:44:07.640 [info] > git status -z -uall [6ms]
2024-06-10 13:47:06.590 [info] > git fetch [7ms]
2024-06-10 13:47:06.613 [info] No remotes found in the git config file.
2024-06-10 13:47:06.615 [info] > git config --get commit.template [13ms]
2024-06-10 13:47:06.616 [info] > git for-each-ref --format=%(refname)%00%(upstream:short)%00%(objectname)%00%(upstream:track)%00%(upstream:remotename)%00%(upstream:remoteref) refs/heads/master refs/remotes/master [3ms]
2024-06-10 13:47:06.634 [info] > git status -z -uall [8ms]
2024-06-10 13:47:07.686 [info] No remotes found in the git config file.
2024-06-10 13:47:07.687 [info] > git config --get commit.template [11ms]
2024-06-10 13:47:07.688 [info] > git for-each-ref --format=%(refname)%00%(upstream:short)%00%(objectname)%00%(upstream:track)%00%(upstream:remotename)%00%(upstream:remoteref) refs/heads/master refs/remotes/master [2ms]
2024-06-10 13:47:07.706 [info] > git status -z -uall [7ms]
2024-06-10 13:50:06.654 [info] > git fetch [6ms]
2024-06-10 13:50:06.675 [info] No remotes found in the git config file.
2024-06-10 13:50:06.679 [info] > git for-each-ref --format=%(refname)%00%(upstream:short)%00%(objectname)%00%(upstream:track)%00%(upstream:remotename)%00%(upstream:remoteref) refs/heads/master refs/remotes/master [4ms]
2024-06-10 13:50:06.679 [info] > git config --get commit.template [16ms]
2024-06-10 13:50:06.694 [info] > git status -z -uall [6ms]
2024-06-10 13:50:07.752 [info] No remotes found in the git config file.
2024-06-10 13:50:07.753 [info] > git config --get commit.template [12ms]
2024-06-10 13:50:07.754 [info] > git for-each-ref --format=%(refname)%00%(upstream:short)%00%(objectname)%00%(upstream:track)%00%(upstream:remotename)%00%(upstream:remoteref) refs/heads/master refs/remotes/master [3ms]
2024-06-10 13:50:07.769 [info] > git status -z -uall [6ms]
2024-06-10 13:53:06.716 [info] > git fetch [8ms]
2024-06-10 13:53:06.740 [info] No remotes found in the git config file.
2024-06-10 13:53:06.743 [info] > git config --get commit.template [15ms]
2024-06-10 13:53:06.745 [info] > git for-each-ref --format=%(refname)%00%(upstream:short)%00%(objectname)%00%(upstream:track)%00%(upstream:remotename)%00%(upstream:remoteref) refs/heads/master refs/remotes/master [4ms]
2024-06-10 13:53:06.761 [info] > git status -z -uall [5ms]
2024-06-10 13:53:07.803 [info] > git config --get commit.template [3ms]
2024-06-10 13:53:07.815 [info] No remotes found in the git config file.
2024-06-10 13:53:07.818 [info] > git for-each-ref --format=%(refname)%00%(upstream:short)%00%(objectname)%00%(upstream:track)%00%(upstream:remotename)%00%(upstream:remoteref) refs/heads/master refs/remotes/master [3ms]
2024-06-10 13:53:07.832 [info] > git status -z -uall [5ms]
2024-06-10 13:56:06.782 [info] > git fetch [7ms]
2024-06-10 13:56:06.807 [info] No remotes found in the git config file.
2024-06-10 13:56:06.808 [info] > git config --get commit.template [13ms]
2024-06-10 13:56:06.809 [info] > git for-each-ref --format=%(refname)%00%(upstream:short)%00%(objectname)%00%(upstream:track)%00%(upstream:remotename)%00%(upstream:remoteref) refs/heads/master refs/remotes/master [2ms]
2024-06-10 13:56:06.824 [info] > git status -z -uall [5ms]
2024-06-10 13:56:07.881 [info] No remotes found in the git config file.
2024-06-10 13:56:07.884 [info] > git config --get commit.template [13ms]
2024-06-10 13:56:07.886 [info] > git for-each-ref --format=%(refname)%00%(upstream:short)%00%(objectname)%00%(upstream:track)%00%(upstream:remotename)%00%(upstream:remoteref) refs/heads/master refs/remotes/master [5ms]
2024-06-10 13:56:07.902 [info] > git status -z -uall [7ms]
2024-06-10 13:59:06.849 [info] > git fetch [6ms]
2024-06-10 13:59:06.878 [info] No remotes found in the git config file.
2024-06-10 13:59:06.880 [info] > git config --get commit.template [17ms]
2024-06-10 13:59:06.881 [info] > git for-each-ref --format=%(refname)%00%(upstream:short)%00%(objectname)%00%(upstream:track)%00%(upstream:remotename)%00%(upstream:remoteref) refs/heads/master refs/remotes/master [3ms]
2024-06-10 13:59:06.901 [info] > git status -z -uall [8ms]
2024-06-10 13:59:07.966 [info] No remotes found in the git config file.
2024-06-10 13:59:07.967 [info] > git config --get commit.template [15ms]
2024-06-10 13:59:07.969 [info] > git for-each-ref --format=%(refname)%00%(upstream:short)%00%(objectname)%00%(upstream:track)%00%(upstream:remotename)%00%(upstream:remoteref) refs/heads/master refs/remotes/master [3ms]
2024-06-10 13:59:07.985 [info] > git status -z -uall [6ms]
2024-06-10 14:02:06.926 [info] > git fetch [8ms]
2024-06-10 14:02:06.950 [info] No remotes found in the git config file.
2024-06-10 14:02:06.951 [info] > git config --get commit.template [13ms]
2024-06-10 14:02:06.952 [info] > git for-each-ref --format=%(refname)%00%(upstream:short)%00%(objectname)%00%(upstream:track)%00%(upstream:remotename)%00%(upstream:remoteref) refs/heads/master refs/remotes/master [3ms]
2024-06-10 14:02:06.968 [info] > git status -z -uall [6ms]
2024-06-10 14:02:08.011 [info] No remotes found in the git config file.
2024-06-10 14:02:08.021 [info] > git config --get commit.template [11ms]
2024-06-10 14:02:08.022 [info] > git for-each-ref --format=%(refname)%00%(upstream:short)%00%(objectname)%00%(upstream:track)%00%(upstream:remotename)%00%(upstream:remoteref) refs/heads/master refs/remotes/master [2ms]
2024-06-10 14:02:08.038 [info] > git status -z -uall [6ms]
2024-06-10 14:05:07.004 [info] > git fetch [7ms]
2024-06-10 14:05:07.021 [info] > git config --get commit.template [3ms]
2024-06-10 14:05:07.031 [info] No remotes found in the git config file.
2024-06-10 14:05:07.035 [info] > git for-each-ref --format=%(refname)%00%(upstream:short)%00%(objectname)%00%(upstream:track)%00%(upstream:remotename)%00%(upstream:remoteref) refs/heads/master refs/remotes/master [4ms]
2024-06-10 14:05:07.054 [info] > git status -z -uall [8ms]
2024-06-10 14:05:08.101 [info] No remotes found in the git config file.
2024-06-10 14:05:08.102 [info] > git config --get commit.template [12ms]
2024-06-10 14:05:08.103 [info] > git for-each-ref --format=%(refname)%00%(upstream:short)%00%(objectname)%00%(upstream:track)%00%(upstream:remotename)%00%(upstream:remoteref) refs/heads/master refs/remotes/master [2ms]
2024-06-10 14:05:08.119 [info] > git status -z -uall [5ms]
2024-06-10 14:08:07.077 [info] > git fetch [7ms]
2024-06-10 14:08:07.101 [info] No remotes found in the git config file.
2024-06-10 14:08:07.103 [info] > git config --get commit.template [13ms]
2024-06-10 14:08:07.105 [info] > git for-each-ref --format=%(refname)%00%(upstream:short)%00%(objectname)%00%(upstream:track)%00%(upstream:remotename)%00%(upstream:remoteref) refs/heads/master refs/remotes/master [3ms]
2024-06-10 14:08:07.121 [info] > git status -z -uall [6ms]
2024-06-10 14:08:08.174 [info] No remotes found in the git config file.
2024-06-10 14:08:08.178 [info] > git config --get commit.template [14ms]
2024-06-10 14:08:08.179 [info] > git for-each-ref --format=%(refname)%00%(upstream:short)%00%(objectname)%00%(upstream:track)%00%(upstream:remotename)%00%(upstream:remoteref) refs/heads/master refs/remotes/master [5ms]
2024-06-10 14:08:08.195 [info] > git status -z -uall [6ms]
2024-06-10 14:11:07.142 [info] > git fetch [6ms]
2024-06-10 14:11:07.155 [info] No remotes found in the git config file.
2024-06-10 14:11:07.169 [info] > git config --get commit.template [14ms]
2024-06-10 14:11:07.170 [info] > git for-each-ref --format=%(refname)%00%(upstream:short)%00%(objectname)%00%(upstream:track)%00%(upstream:remotename)%00%(upstream:remoteref) refs/heads/master refs/remotes/master [3ms]
2024-06-10 14:11:07.186 [info] > git status -z -uall [7ms]
2024-06-10 14:11:08.237 [info] > git config --get commit.template [9ms]
2024-06-10 14:11:08.246 [info] No remotes found in the git config file.
2024-06-10 14:11:08.249 [info] > git for-each-ref --format=%(refname)%00%(upstream:short)%00%(objectname)%00%(upstream:track)%00%(upstream:remotename)%00%(upstream:remoteref) refs/heads/master refs/remotes/master [3ms]
2024-06-10 14:11:08.265 [info] > git status -z -uall [6ms]
2024-06-10 14:14:07.224 [info] > git fetch [14ms]
2024-06-10 14:14:07.255 [info] > git config --get commit.template [5ms]
2024-06-10 14:14:07.283 [info] No remotes found in the git config file.
2024-06-10 14:14:07.290 [info] > git for-each-ref --format=%(refname)%00%(upstream:short)%00%(objectname)%00%(upstream:track)%00%(upstream:remotename)%00%(upstream:remoteref) refs/heads/master refs/remotes/master [7ms]
2024-06-10 14:14:07.321 [info] > git status -z -uall [9ms]
2024-06-10 14:17:07.381 [info] > git fetch [18ms]
2024-06-10 14:17:07.434 [info] > git config --get commit.template [11ms]
2024-06-10 14:17:07.460 [info] No remotes found in the git config file.
2024-06-10 14:17:07.468 [info] > git for-each-ref --format=%(refname)%00%(upstream:short)%00%(objectname)%00%(upstream:track)%00%(upstream:remotename)%00%(upstream:remoteref) refs/heads/master refs/remotes/master [8ms]
2024-06-10 14:17:07.509 [info] > git status -z -uall [15ms]
2024-06-10 14:49:07.318 [info] > git fetch [12ms]
2024-06-10 14:49:07.351 [info] > git config --get commit.template [5ms]
2024-06-10 14:49:07.368 [info] No remotes found in the git config file.
2024-06-10 14:49:07.373 [info] > git for-each-ref --format=%(refname)%00%(upstream:short)%00%(objectname)%00%(upstream:track)%00%(upstream:remotename)%00%(upstream:remoteref) refs/heads/master refs/remotes/master [5ms]
2024-06-10 14:49:07.410 [info] > git status -z -uall [18ms]
2024-06-10 15:00:39.250 [info] > git fetch [47ms]
2024-06-10 15:00:39.388 [info] > git config --get commit.template [50ms]
2024-06-10 15:00:39.467 [info] No remotes found in the git config file.
2024-06-10 15:00:39.493 [info] > git for-each-ref --format=%(refname)%00%(upstream:short)%00%(objectname)%00%(upstream:track)%00%(upstream:remotename)%00%(upstream:remoteref) refs/heads/master refs/remotes/master [15ms]
2024-06-10 15:00:39.549 [info] > git status -z -uall [26ms]
2024-06-10 16:06:34.462 [info] > git fetch [14ms]
2024-06-10 16:06:34.522 [info] > git config --get commit.template [8ms]
2024-06-10 16:06:34.549 [info] No remotes found in the git config file.
2024-06-10 16:06:34.568 [info] > git for-each-ref --format=%(refname)%00%(upstream:short)%00%(objectname)%00%(upstream:track)%00%(upstream:remotename)%00%(upstream:remoteref) refs/heads/master refs/remotes/master [19ms]
2024-06-10 16:06:34.598 [info] > git status -z -uall [13ms]
