2024-04-26 14:07:37.922 [info] Started local extension host with pid 65778.
2024-04-26 14:07:46.543 [info] [perf] Render performance baseline is 218ms
2024-04-26 14:07:49.013 [info] Extension host (LocalProcess pid: 65778) is unresponsive.
2024-04-26 14:07:51.862 [info] Extension host (LocalProcess pid: 65778) is responsive.
2024-04-26 14:07:51.863 [info] UNRESPONSIVE extension host: received responsive event and cancelling profiling session
2024-04-26 14:07:56.951 [error] semantictokens are disabled: Error: semantictokens are disabled
	at handleResponse (/home/figarillo/.vscode-oss/extensions/golang.go-0.41.3/dist/goMain.js:8606:40)
	at handleMessage (/home/figarillo/.vscode-oss/extensions/golang.go-0.41.3/dist/goMain.js:8416:11)
	at processMessageQueue (/home/figarillo/.vscode-oss/extensions/golang.go-0.41.3/dist/goMain.js:8431:13)
	at Immediate.<anonymous> (/home/figarillo/.vscode-oss/extensions/golang.go-0.41.3/dist/goMain.js:8407:11)
	at process.processImmediate (node:internal/timers:476:21)
2024-04-26 14:07:58.455 [error] semantictokens are disabled: Error: semantictokens are disabled
	at handleResponse (/home/figarillo/.vscode-oss/extensions/golang.go-0.41.3/dist/goMain.js:8606:40)
	at handleMessage (/home/figarillo/.vscode-oss/extensions/golang.go-0.41.3/dist/goMain.js:8416:11)
	at processMessageQueue (/home/figarillo/.vscode-oss/extensions/golang.go-0.41.3/dist/goMain.js:8431:13)
	at Immediate.<anonymous> (/home/figarillo/.vscode-oss/extensions/golang.go-0.41.3/dist/goMain.js:8407:11)
	at process.processImmediate (node:internal/timers:476:21)
2024-04-26 14:09:31.155 [info] Started local extension host with pid 67431.
2024-04-26 14:09:37.122 [info] Extension host (LocalProcess pid: 67431) is unresponsive.
2024-04-26 14:09:37.382 [info] Extension host (LocalProcess pid: 67431) is responsive.
2024-04-26 14:09:37.383 [info] UNRESPONSIVE extension host: received responsive event and cancelling profiling session
2024-04-26 14:09:47.433 [info] Started local extension host with pid 67786.
2024-04-26 14:09:53.081 [info] [perf] Render performance baseline is 224ms
2024-04-26 14:09:53.088 [info] Extension host (LocalProcess pid: 67786) is unresponsive.
2024-04-26 14:09:53.913 [info] Extension host (LocalProcess pid: 67786) is responsive.
2024-04-26 14:09:53.915 [info] UNRESPONSIVE extension host: received responsive event and cancelling profiling session
