2024-04-26 14:07:37.037 [info] Added views:workbench.panel.markers.view in workbench.panel.markers
2024-04-26 14:07:37.037 [info] Added views:workbench.panel.output in workbench.panel.output
2024-04-26 14:07:37.037 [info] Added views:outline in workbench.view.explorer
2024-04-26 14:07:37.037 [info] Added views:workbench.scm in workbench.view.scm
2024-04-26 14:07:37.037 [info] Added views:workbench.view.search in workbench.view.search
2024-04-26 14:07:37.037 [info] Added views:terminal in workbench.views.service.panel.e0a7860d-70e7-46aa-849b-2a38009533f2
2024-04-26 14:07:37.037 [info] Added views:workbench.explorer.openEditorsView,workbench.explorer.fileView in workbench.view.explorer
2024-04-26 14:07:38.180 [info] Added views:workbench.debug.welcome in workbench.view.debug
2024-04-26 14:07:40.312 [info] Added views:codeium.chatPanelView,codeium.searchPanelView in workbench.view.extension.codeium
2024-04-26 14:07:40.314 [info] Added views:gitlens.views.home,gitlens.views.workspaces,gitlens.views.account in workbench.view.extension.gitlens
2024-04-26 14:07:40.318 [info] Added views:gitlens.views.commitDetails,gitlens.views.lineHistory,gitlens.views.fileHistory,gitlens.views.searchAndCompare in workbench.view.extension.gitlensInspect
2024-04-26 14:07:40.320 [info] Added views:gitlens.views.repositories,gitlens.views.commits,gitlens.views.branches,gitlens.views.stashes in workbench.view.scm
2024-04-26 14:07:40.401 [info] Added views:~remote.forwardedPorts in ~remote.forwardedPortsContainer
2024-04-26 14:07:41.120 [info] Added views:workbench.panel.repl.view in workbench.panel.repl
2024-04-26 14:07:43.992 [info] Added views:workbench.view.testing in workbench.view.extension.test
2024-04-26 14:07:44.023 [info] Added views:go.explorer in workbench.view.explorer
2024-04-26 14:07:53.274 [info] Added views:gitlens.views.drafts in workbench.view.extension.gitlens
2024-04-26 14:07:53.864 [info] Added views:gitlens.views.graph,gitlens.views.graphDetails in workbench.view.extension.gitlensPanel
2024-04-26 14:07:53.881 [info] Added views:gitlens.views.timeline in workbench.view.extension.gitlensInspect
2024-04-26 14:07:53.916 [info] Added views:gitlens.views.worktrees in workbench.view.scm
2024-04-26 14:07:57.713 [info] Added views:workbench.panel.comments in workbench.panel.comments
2024-04-26 14:09:24.751 [info] Added views:workbench.views.extensions.installed,workbench.views.extensions.popular,extensions.recommendedList in workbench.view.extensions
2024-04-26 14:09:24.766 [info] Removed views:workbench.views.extensions.popular from workbench.view.extensions
2024-04-26 14:09:24.770 [info] Added views:workbench.views.extensions.disabled in workbench.view.extensions
2024-04-26 14:09:30.245 [info] Removed views:workbench.view.testing from workbench.view.extension.test
2024-04-26 14:09:32.236 [info] Removed views:workbench.panel.repl.view from workbench.panel.repl
2024-04-26 14:09:32.785 [info] Added views:workbench.panel.repl.view in workbench.panel.repl
2024-04-26 14:09:34.210 [info] Added views:workbench.view.testing in workbench.view.extension.test
2024-04-26 14:09:44.429 [info] Removed views:workbench.view.testing from workbench.view.extension.test
2024-04-26 14:09:47.232 [info] Added views:workbench.panel.markers.view in workbench.panel.markers
2024-04-26 14:09:47.232 [info] Added views:workbench.panel.output in workbench.panel.output
2024-04-26 14:09:47.232 [info] Added views:outline in workbench.view.explorer
2024-04-26 14:09:47.232 [info] Added views:workbench.scm in workbench.view.scm
2024-04-26 14:09:47.232 [info] Added views:workbench.view.search in workbench.view.search
2024-04-26 14:09:47.232 [info] Added views:terminal in workbench.views.service.panel.e0a7860d-70e7-46aa-849b-2a38009533f2
2024-04-26 14:09:47.232 [info] Added views:workbench.explorer.openEditorsView,workbench.explorer.fileView in workbench.view.explorer
2024-04-26 14:09:48.550 [info] Added views:codeium.chatPanelView,codeium.searchPanelView in workbench.view.extension.codeium
2024-04-26 14:09:48.553 [info] Added views:gitlens.views.home,gitlens.views.workspaces,gitlens.views.account in workbench.view.extension.gitlens
2024-04-26 14:09:48.556 [info] Added views:gitlens.views.commitDetails,gitlens.views.lineHistory,gitlens.views.fileHistory,gitlens.views.searchAndCompare in workbench.view.extension.gitlensInspect
2024-04-26 14:09:48.561 [info] Added views:gitlens.views.repositories,gitlens.views.commits,gitlens.views.branches,gitlens.views.stashes in workbench.view.scm
2024-04-26 14:09:49.379 [info] Added views:workbench.debug.welcome in workbench.view.debug
2024-04-26 14:09:49.415 [info] Added views:workbench.panel.repl.view in workbench.panel.repl
2024-04-26 14:09:50.400 [info] Added views:~remote.forwardedPorts in ~remote.forwardedPortsContainer
2024-04-26 14:09:50.625 [info] Added views:workbench.views.extensions.installed,extensions.recommendedList,workbench.views.extensions.disabled in workbench.view.extensions
2024-04-26 14:09:54.984 [info] Added views:gitlens.views.drafts in workbench.view.extension.gitlens
2024-04-26 14:09:55.146 [info] Added views:gitlens.views.graph,gitlens.views.graphDetails in workbench.view.extension.gitlensPanel
2024-04-26 14:09:55.148 [info] Added views:gitlens.views.timeline in workbench.view.extension.gitlensInspect
2024-04-26 14:09:55.152 [info] Added views:gitlens.views.worktrees in workbench.view.scm
2024-04-26 14:09:56.814 [info] Added views:workbench.panel.comments in workbench.panel.comments
