2024-04-19 08:29:04.562 [INFO]: No proxy settings found
2024-04-19 08:29:10.342 [INFO]: Creating manager directory: /tmp/ce7d1c70-96f1-431d-99e6-566a06cc2097/codeium/manager
2024-04-19 08:29:15.231 [INFO]: Using cached LS with valid crc32: /home/figarillo/.vscode-oss/extensions/codeium.codeium-1.8.25/dist/bce9baa3e327c603d0f5311324f2492d4642aa11/language_server_linux_x64
2024-04-19 08:29:15.432 [INFO]: Language server started
2024-04-19 08:29:16.418 [INFO]: [Language Server (stderr)]:
I0419 08:29:16.394923  3635 main.go:549] Starting language server manager with pid 3635
2024-04-19 08:29:16.422 [INFO]: [Language Server (stderr)]:
I0419 08:29:16.410806  3635 main.go:107] Manager acquired its lock file /tmp/ce7d1c70-96f1-431d-99e6-566a06cc2097/codeium/manager/locks/manager.lock
I0419 08:29:16.415022  3635 main.go:245] Waiting for random port file in /tmp/ce7d1c70-96f1-431d-99e6-566a06cc2097/codeium/manager/child_random_port_1713526156412494776_5369830788836042098 to be created
2024-04-19 08:29:18.048 [INFO]: [Language Server (stderr)]:
I0419 08:29:18.040596  3671 main.go:543] Starting language server process with pid 3671
I0419 08:29:18.040881  3671 server.go:158] Language server will attempt to listen on host 127.0.0.1
I0419 08:29:18.043078  3671 server.go:165] Language server listening on random port at 40643
I0419 08:29:18.043559  3671 proxy.go:113] proxyplease.proxy> No proxy provided. Attempting to infer from system.
I0419 08:29:18.043694  3671 proxy.go:113] proxyplease.proxy> No proxy could be determined. Assuming a direct connection.
I0419 08:29:18.043784  3671 client.go:589] [DEBUG] GET https://server.codeium.com/exa.api_server_pb.ApiServerService/GetCompletions
2024-04-19 08:29:19.093 [INFO]: [Language Server (stderr)]:
I0419 08:29:19.085690  3671 unleash.go:86] Initializing Unleash
2024-04-19 08:29:20.005 [INFO]: [Language Server (stderr)]:
I0419 08:29:20.002577  3671 unleash.go:106] Successfully initialized Unleash
2024-04-19 08:29:20.262 [INFO]: [Language Server (stderr)]:
I0419 08:29:20.256696  3671 server.go:346] Successfully created API server client
2024-04-19 08:29:20.269 [INFO]: [Language Server (stderr)]:
I0419 08:29:20.266497  3671 server.go:360] Successfully created API streaming client
2024-04-19 08:29:20.656 [INFO]: [Language Server (stderr)]:
I0419 08:29:20.650379  3671 server.go:369] Successfully initialized tokenizer
2024-04-19 08:29:20.661 [INFO]: [Language Server (stderr)]:
I0419 08:29:20.653448  3671 server.go:417] Local search is enabled, will index local files.
I0419 08:29:20.653506  3671 server.go:421] Using 1 indexer workers
I0419 08:29:20.653671  3671 search_provider.go:169] Using database at /home/figarillo/.codeium/database/9c0694567290725d9dcba14ade58e297/2/MODEL_EMBED_6591
2024-04-19 08:29:20.693 [INFO]: [Language Server (stderr)]:
I0419 08:29:20.690929  3671 search_provider.go:181] Successfully created embedding search database
2024-04-19 08:29:20.695 [INFO]: [Language Server (stderr)]:
I0419 08:29:20.692752  3671 search_provider.go:203] Successfully created and started indexer
I0419 08:29:20.693016  3671 search_provider.go:229] Successfully created embedding search provider
I0419 08:29:20.693144  3671 server.go:455] Successfully created exact search provider
2024-04-19 08:29:20.698 [INFO]: [Language Server (stderr)]:
E0419 08:29:20.697582  3671 unleash.go:57] Unleash error: Version string empty
2024-04-19 08:29:20.700 [INFO]: [Language Server (stderr)]:
E0419 08:29:20.697993  3671 unleash.go:57] Unleash error: Version string empty
E0419 08:29:20.698021  3671 unleash.go:57] Unleash error: Version string empty
E0419 08:29:20.698138  3671 unleash.go:57] Unleash error: Version string empty
2024-04-19 08:29:20.712 [INFO]: [Language Server (stderr)]:
I0419 08:29:20.711228  3671 server.go:483] Successfully created completion provider
2024-04-19 08:29:21.016 [INFO]: [Language Server (stderr)]:
I0419 08:29:21.015619  3671 server.go:574] Child process attempting to acquire lock file /tmp/ce7d1c70-96f1-431d-99e6-566a06cc2097/codeium/manager/locks/child_lock_1713526156412784290_7699506698913102766
2024-04-19 08:29:21.028 [INFO]: [Language Server (stderr)]:
I0419 08:29:21.019675  3671 server.go:584] Child process acquired lock file /tmp/ce7d1c70-96f1-431d-99e6-566a06cc2097/codeium/manager/locks/child_lock_1713526156412784290_7699506698913102766
2024-04-19 08:29:21.042 [INFO]: [Language Server (stderr)]:
I0419 08:29:21.033387  3671 server.go:185] LSP listening on random port at 36095
I0419 08:29:21.035745  3671 web_server.go:239] Chat Web Server listening at ws://127.0.0.1:33187
2024-04-19 08:29:21.058 [INFO]: [Language Server (stdout)]:
36095
2024-04-19 08:29:21.059 [INFO]: [Language Server (stderr)]:
I0419 08:29:21.053376  3635 main.go:281] Language server manager found random server port 40643
I0419 08:29:21.053478  3635 main.go:282] Language server manager found random lsp port 36095
I0419 08:29:21.053517  3635 main.go:289] Language server manager attempting to connect to language server at 127.0.0.1:40643
2024-04-19 08:29:21.114 [INFO]: [Language Server (stderr)]:
I0419 08:29:21.113487  3635 main.go:160] Fixing language server port at 40643
I0419 08:29:21.113526  3635 main.go:340] Language server manager successfully connected to new language server at 127.0.0.1:40643
2024-04-19 08:29:21.146 [INFO]: Found language server running on port 40643
2024-04-19 08:29:21.182 [INFO]: Downloaded binary: /home/figarillo/.codeium/bin/af6b6c543b224d348a8876f0c06245d9ea7929c5/ripgrep_linux_x64
2024-04-19 08:29:21.235 [INFO]: [Language Server (stderr)]:
I0419 08:29:21.232951  3671 rpcs_miscellaneous.go:107] Ripgrep available at /home/figarillo/.codeium/bin/af6b6c543b224d348a8876f0c06245d9ea7929c5/ripgrep_linux_x64
2024-04-19 08:29:21.762 [INFO]: [Language Server (stderr)]:
I0419 08:29:21.761515  3671 rpcs_miscellaneous.go:301] University version is up to date.
2024-04-19 08:29:35.436 [INFO]: [Language Server (stderr)]:
I0419 08:29:35.427972  3671 utils.go:159] Analyzing workspace files for /home/figarillo/Documents/Programacion/NodeJS/api-server-ts/
2024-04-19 08:29:35.442 [INFO]: [Language Server (stderr)]:
I0419 08:29:35.434652  3671 utils.go:214] Done analyzing workspace files for /home/figarillo/Documents/Programacion/NodeJS/api-server-ts/
I0419 08:29:35.434695  3671 lsp.go:174] Found 60 files in workspace /home/figarillo/Documents/Programacion/NodeJS/api-server-ts/
I0419 08:29:35.437361  3671 indexing_listener.go:151] Add workspace event with uid: 1
2024-04-19 08:29:35.486 [INFO]: [Language Server (stderr)]:
I0419 08:29:35.475282  3671 lazy_model.go:29] Successfully created faiss index
2024-04-19 08:29:36.603 [INFO]: [Language Server (stderr)]:
I0419 08:29:36.551960  3671 indexing_listener.go:179] Done enqueue workspace with uid: 1
2024-04-19 08:30:41.029 [INFO]: Disposing language server process
2024-04-19 08:30:41.030 [INFO]: Deleting manager directory: /tmp/ce7d1c70-96f1-431d-99e6-566a06cc2097/codeium/manager
2024-04-19 08:30:41.039 [INFO]: Successfully disposed language server
2024-04-19 08:30:41.251 [INFO]: [Language Server (stderr)]:
E0419 08:30:41.103179  3635 main.go:354] Failed to acquire lock on /tmp/ce7d1c70-96f1-431d-99e6-566a06cc2097/codeium/manager/locks/child_lock_1713526156412784290_7699506698913102766: open /tmp/ce7d1c70-96f1-431d-99e6-566a06cc2097/codeium/manager/locks/child_lock_1713526156412784290_7699506698913102766: no such file or directory
W0419 08:30:41.108546  3635 main.go:111] Language server manager got signal terminated, shutting down
I0419 08:30:41.110213  3671 server.go:685] Exit requested on language server process 3671
I0419 08:30:41.112666  3671 server.go:662] Language server shutting down
E0419 08:30:41.116344  3671 server.go:276] Error while locking manager lock file - open /tmp/ce7d1c70-96f1-431d-99e6-566a06cc2097/codeium/manager/locks/manager.lock: no such file or directory
2024-04-19 08:30:41.261 [ERROR]: [unavailable] connect ECONNREFUSED 127.0.0.1:40643
